[]  Dendrochronology Program Library                                        Run OAK1   Program COF  15:45  Thu 27 Jul 2017  Page   1
[]
[]  P R O G R A M      C O F E C H A                                                                          Version 6.06P    30160
------------------------------------------------------------------------------------------------------------------------------------

 QUALITY CONTROL AND DATING CHECK OF TREE-RING MEASUREMENTS

 Title of run:           oak1                                    

 File of DATED series:   oaks_master_trw.rwl

 CONTENTS:

    Part 1:  Title page, options selected, summary, absent rings by series
    Part 2:  Histogram of time spans
    Part 3:  Master series with sample depth and absent rings by year
    Part 4:  Bar plot of Master Dating Series
    Part 5:  Correlation by segment of each series with Master
    Part 6:  Potential problems: low correlation, divergent year-to-year changes, absent rings, outliers
    Part 7:  Descriptive statistics

 RUN CONTROL OPTIONS SELECTED                             VALUE

         1  Cubic smoothing spline 50% wavelength cutoff for filtering
                                                            32 years
         2  Segments examined are                           50 years lagged successively by  25 years
         3  Autoregressive model applied                     A  Residuals are used in master dating series and testing
         4  Series transformed to logarithms                 Y  Each series log-transformed for master dating series and testing
         5  CORRELATION is Pearson (parametric, quantitative)
            Critical correlation, 99% confidence level   .3281
         6  Master dating series saved                       N
         7  Ring measurements listed                         N
         8  Parts printed                              1234567 
         9  Absent rings are omitted from master series and segment correlations  (Y)

 Time span of Master dating series is  1836 to  2018   183 years
 Continuous time span is               1836 to  2018   183 years
 Portion with two or more series is    1837 to  2017   181 years


                                        ****************************************
                                        *C* Number of dated series        47 *C*
                                        *O* Master series 1836 2018  183 yrs *O*
                                        *F* Total rings in all series   6451 *F*
                                        *E* Total dated rings checked   6449 *E*
                                        *C* Series intercorrelation     .586 *C*
                                        *H* Average mean sensitivity    .225 *H*
                                        *A* Segments, possible problems   24 *A*
                                        *** Mean length of series      137.3 ***
                                        ****************************************

 ABSENT RINGS listed by SERIES:            (See Master Dating Series for absent rings listed by year)

               No ring measurements of zero value
PART 2:  TIME PLOT OF TREE-RING SERIES: oak1                                                       15:45  Thu 27 Jul 2017  Page   2
------------------------------------------------------------------------------------------------------------------------------------
 1050 1100 1150 1200 1250 1300 1350 1400 1450 1500 1550 1600 1650 1700 1750 1800 1850 1900 1950 2000 2050 Ident   Seq Time-span  Yrs
   :    :    :    :    :    :    :    :    :    :    :    :    :    :    :    :    :    :    :    :    : -------- --- ---- ---- ----
   .    .    .    .    .    .    .    .    .    .    .    .    .    .    .    .  <=================>   . QU024A1    1 1837 2017  181
   .    .    .    .    .    .    .    .    .    .    .    .    .    .    .    .    .    . <========>   . QU024B1    2 1925 2017   93
   .    .    .    .    .    .    .    .    .    .    .    .    .    .    .    .    .  <============>   . QU1482E1   3 1884 2017  134
   .    .    .    .    .    .    .    .    .    .    .    .    .    .    .    .    .  <============>   . QU1482N1   4 1887 2017  131
   .    .    .    .    .    .    .    .    .    .    .    .    .    .    .    .    .    .    .<====>   . QU1485B1   5 1963 2017   55
   .    .    .    .    .    .    .    .    .    .    .    .    .    .    .    .    .    .    .<====>   . QU1485E1   6 1967 2017   51
   .    .    .    .    .    .    .    .    .    .    .    .    .    .    .    .    .    .    .<====>   . QU1485W1   7 1961 2017   57
   .    .    .    .    .    .    .    .    .    .    .    .    .    .    .    .    .    .<=========>   . QU1488N1   8 1917 2017  101
   .    .    .    .    .    .    .    .    .    .    .    .    .    .    .    .    .    <==========>   . QU1488W1   9 1904 2017  114
   .    .    .    .    .    .    .    .    .    .    .    .    .    .    .    .    .<==============>   . QU1491E1  10 1862 2017  156
   .    .    .    .    .    .    .    .    .    .    .    .    .    .    .    .  <=================>   . QU1491N1  11 1837 2017  181
   .    .    .    .    .    .    .    .    .    .    .    .    .    .    .    .    .<==============>   . QU052A1   12 1863 2017  155
   .    .    .    .    .    .    .    .    .    .    .    .    .    .    .    .    . <=============>   . QU052B1   13 1871 2018  148
   .    .    .    .    .    .    .    .    .    .    .    .    .    .    .    .    .<==============>   . QU1411E1  14 1863 2017  155
   .    .    .    .    .    .    .    .    .    .    .    .    .    .    .    .    .<==============>   . QU1411N1  15 1861 2017  157
   .    .    .    .    .    .    .    .    .    .    .    .    .    .    .    .   <================>   . QU1427E1  16 1845 2017  173
   .    .    .    .    .    .    .    .    .    .    .    .    .    .    .    .    <===============>   . QU1427N1  17 1850 2017  168
   .    .    .    .    .    .    .    .    .    .    .    .    .    .    .    .    <===============>   . QU1433E1  18 1855 2017  163
   .    .    .    .    .    .    .    .    .    .    .    .    .    .    .    .    .<==============>   . QU1433N3  19 1860 2017  158
   .    .    .    .    .    .    .    .    .    .    .    .    .    .    .    .    <===============>   . QU1436N1  20 1854 2017  164
   .    .    .    .    .    .    .    .    .    .    .    .    .    .    .    .   <================>   . QU1436W1  21 1849 2017  169
   .    .    .    .    .    .    .    .    .    .    .    .    .    .    .    .    <===============>   . QU1437N1  22 1851 2017  167
   .    .    .    .    .    .    .    .    .    .    .    .    .    .    .    .   <================>   . QU1437S1  23 1847 2017  171
   .    .    .    .    .    .    .    .    .    .    .    .    .    .    .    .   <================>   . QU1440E1  24 1847 2017  171
   .    .    .    .    .    .    .    .    .    .    .    .    .    .    .    .    <===============>   . QU1440N1  25 1853 2017  165
   .    .    .    .    .    .    .    .    .    .    .    .    .    .    .    .    <===============>   . QU041A1   26 1851 2017  167
   .    .    .    .    .    .    .    .    .    .    .    .    .    .    .    .    . <=============>   . QU041B1   27 1879 2017  139
   .    .    .    .    .    .    .    .    .    .    .    .    .    .    .    .    .    .  <=======>   . QU1442E1  28 1930 2017   88
   .    .    .    .    .    .    .    .    .    .    .    .    .    .    .    .    .    .  <=======>   . QU1442W1  29 1932 2017   86
   .    .    .    .    .    .    .    .    .    .    .    .    .    .    .    .    .    .  <=======>   . QU1444N1  30 1930 2017   88
   .    .    .    .    .    .    .    .    .    .    .    .    .    .    .    .    .    .  <=======>   . QU1444S1  31 1935 2017   83
   .    .    .    .    .    .    .    .    .    .    .    .    .    .    .    .    .    .    .  <==>   . QU1446S1  32 1987 2017   31
   .    .    .    .    .    .    .    .    .    .    .    .    .    .    .    .    .    .   <======>   . QU1446W1  33 1943 2017   75
   .    .    .    .    .    .    .    .    .    .    .    .    .    .    .    .    .    .  <=======>   . QU1470E1  34 1931 2017   87
   .    .    .    .    .    .    .    .    .    .    .    .    .    .    .    .    .    . <========>   . QU1470N1  35 1927 2017   91
   .    .    .    .    .    .    .    .    .    .    .    .    .    .    .    .  <=================>   . QU002A1   36 1836 2017  182
   .    .    .    .    .    .    .    .    .    .    .    .    .    .    .    .  <=================>   . QU002B1   37 1839 2017  179
   .    .    .    .    .    .    .    .    .    .    .    .    .    .    .    .    <===============>   . QU004A1   38 1855 2017  163
   .    .    .    .    .    .    .    .    .    .    .    .    .    .    .    .    <===============>   . QU004B1   39 1850 2017  168
   .    .    .    .    .    .    .    .    .    .    .    .    .    .    .    .   <================>   . QU013A1   40 1846 2017  172
   .    .    .    .    .    .    .    .    .    .    .    .    .    .    .    .    <===============>   . QU013B1   41 1855 2017  163
   .    .    .    .    .    .    .    .    .    .    .    .    .    .    .    .    .<==============>   . QU015A1   42 1862 2017  156
   .    .    .    .    .    .    .    .    .    .    .    .    .    .    .    .   <================>   . QU015B1   43 1849 2017  169
   .    .    .    .    .    .    .    .    .    .    .    .    .    .    .    .    .<==============>   . QU035A1   44 1865 2017  153
   .    .    .    .    .    .    .    .    .    .    .    .    .    .    .    .    . <=============>   . QU035B1   45 1870 2017  148
   .    .    .    .    .    .    .    .    .    .    .    .    .    .    .    .    .<==============>   . QU1498E1  46 1860 2017  158
   .    .    .    .    .    .    .    .    .    .    .    .    .    .    .    .    <===============>   . QU1498N1  47 1851 2017  167
   :    :    :    :    :    :    :    :    :    :    :    :    :    :    :    :    :    :    :    :    :
 1050 1100 1150 1200 1250 1300 1350 1400 1450 1500 1550 1600 1650 1700 1750 1800 1850 1900 1950 2000 2050
PART 3:  Master Dating Series: oak1                                                                15:45  Thu 27 Jul 2017  Page   3
------------------------------------------------------------------------------------------------------------------------------------
  Year  Value  No Ab    Year  Value  No Ab    Year  Value  No Ab    Year  Value  No Ab    Year  Value  No Ab    Year  Value  No Ab
  ------------------    ------------------    ------------------    ------------------    ------------------    ------------------
                        1850  -.227  12       1900  -.146  33       1950   .033  43       2000   .637  47
                        1851  1.278  15       1901  -.464  33       1951  1.146  43       2001  -.885  47
                        1852  -.721  15       1902  1.858  33       1952  -.632  43       2002  -.226  47
                        1853  -.008  16       1903  1.447  33       1953   .569  43       2003  -.170  47
                        1854   .474  17       1904   .953  34       1954  -.187  43       2004   .582  47
                        1855   .335  20       1905   .858  34       1955   .345  43       2005 -1.001  47
                        1856   .041  20       1906  -.090  34       1956 -2.001  43       2006  -.169  47
                        1857   .417  20       1907   .341  34       1957  -.123  43       2007 -1.103  47
                        1858   .427  20       1908   .555  34       1958  1.265  43       2008  1.043  47
                        1859   .154  20       1909   .085  34       1959   .581  43       2009   .120  47

                        1860  1.011  22       1910 -2.074  34       1960  1.036  43       2010   .608  47
                        1861   .675  23       1911 -1.995  34       1961  1.282  44       2011   .965  47
                        1862  1.283  25       1912   .672  34       1962   .520  44       2012 -1.752  47
                        1863 -2.550  27       1913   .442  34       1963   .312  45       2013   .711  47
                        1864   .473  27       1914  -.254  34       1964   .195  45       2014   .681  47
                        1865  -.405  28       1915  1.285  34       1965   .838  45       2015   .591  47
                        1866  -.104  28       1916  1.788  34       1966  -.690  45       2016   .348  47
                        1867  -.515  28       1917   .819  35       1967  -.146  46       2017 -1.897  47
                        1868  -.646  28       1918  -.985  35       1968   .660  46       2018  2.342   1
                        1869   .423  28       1919 -2.096  35       1969  1.614  46

                        1870 -1.055  29       1920 -1.515  35       1970   .548  46
                        1871 -1.523  30       1921  -.974  35       1971  -.532  46
                        1872  -.693  30       1922  -.141  35       1972  -.129  46
                        1873 -1.158  30       1923  -.960  35       1973  -.267  46
                        1874 -1.612  30       1924   .043  35       1974 -2.091  46
                        1875   .531  30       1925  -.411  36       1975  -.307  46
                        1876   .767  30       1926   .320  36       1976 -1.099  46
                        1877   .685  30       1927   .821  37       1977 -1.426  46
                        1878  -.038  30       1928  1.383  37       1978  1.144  46
                        1879   .882  31       1929   .556  37       1979   .681  46

                        1880  1.173  31       1930   .006  39       1980  1.582  46
                        1881   .874  31       1931  -.333  40       1981 -1.684  46
                        1882   .821  31       1932   .997  41       1982 -1.192  46
                        1883   .611  31       1933   .648  41       1983   .333  46
                        1884   .903  32       1934  -.988  41       1984  -.870  46
                        1885   .818  32       1935  1.565  42       1985  -.418  46
  1836 -2.266   1       1886  -.175  32       1936  -.982  42       1986   .898  46
  1837   .040   3       1887 -1.014  33       1937   .702  42       1987   .487  47
  1838 -1.237   3       1888 -1.703  33       1938  1.095  42       1988 -1.302  47
  1839 -1.285   4       1889  1.149  33       1939 -1.700  42       1989  -.202  47

  1840  1.111   4       1890   .608  33       1940 -1.191  42       1990  1.194  47
  1841   .456   4       1891   .388  33       1941   .619  42       1991  -.029  47
  1842   .714   4       1892   .335  33       1942   .489  42       1992  -.556  47
  1843 -2.129   4       1893 -1.256  33       1943   .197  43       1993  1.968  47
  1844   .896   4       1894 -2.614  33       1944  -.438  43       1994  -.105  47
  1845   .431   5       1895 -2.319  33       1945   .734  43       1995  -.384  47
  1846  1.067   6       1896  -.176  33       1946  -.958  43       1996  -.145  47
  1847  -.747   8       1897   .332  33       1947   .140  43       1997  -.085  47
  1848  -.423   8       1898  -.011  33       1948 -1.592  43       1998   .996  47
  1849   .075  10       1899   .166  33       1949 -1.239  43       1999   .842  47
------------------------------------------------------------------------------------------------------------------------------------
PART 4:  Master Bar Plot: oak1                                                                     15:45  Thu 27 Jul 2017  Page   4
------------------------------------------------------------------------------------------------------------------------------------
   Year Rel value  Year Rel value  Year Rel value  Year Rel value  Year Rel value  Year Rel value  Year Rel value  Year Rel value
                   1850---a        1900----a       1950-----@      2000-------C
                   1851----------E 1901---b        1951---------E  2001--d
                   1852--c         1902----------G 1952--c         2002---a
                   1853----@       1903----------F 1953-------B    2003----a
                   1854------B     1904---------D  1954----a       2004-------B
                   1855------A     1905--------C   1955------A     2005-d
                   1856-----@      1906----@       1956h           2006----a
                   1857------B     1907------A     1957----@       2007-d
                   1858------B     1908-------B    1958----------E 2008---------D
                   1859-----A      1909-----@      1959-------B    2009-----@
                   1860---------D  1910h           1960---------D  2010-------B
                   1861-------C    1911h           1961----------E 2011---------D
                   1862----------E 1912-------C    1962-------B    2012g
                   1863j           1913------B     1963------A     2013--------C
                   1864------B     1914---a        1964-----A      2014-------C
                   1865---b        1915----------E 1965--------C   2015-------B
                   1866----@       1916----------G 1966--c         2016------A
                   1867--b         1917--------C   1967----a       2017h
                   1868--c         1918-d          1968-------C    2018----------I
                   1869------B     1919h           1969----------F
                   1870-d          1920-f          1970-------B
                   1871-f          1921-d          1971--b
                   1872--c         1922----a       1972----a
                   1873-e          1923-d          1973---a
                   1874f           1924-----@      1974h
                   1875-------B    1925---b        1975---a
                   1876--------C   1926------A     1976-d
                   1877-------C    1927--------C   1977-f
                   1878----@       1928----------F 1978---------E
                   1879--------D   1929-------B    1979-------C
                   1880---------E  1930----@       1980----------F
                   1881--------C   1931---a        1981g
                   1882--------C   1932---------D  1982-e
                   1883-------B    1933-------C    1983------A
                   1884---------D  1934-d          1984--c
                   1885--------C   1935----------F 1985---b
   1836i           1886----a       1936-d          1986---------D
   1837-----@      1887-d          1937--------C   1987------B
   1838-e          1888g           1938---------D  1988-e
   1839-e          1889---------E  1939g           1989----a
   1840---------D  1890-------B    1940-e          1990---------E
   1841------B     1891------B     1941-------B    1991----@
   1842--------C   1892------A     1942------B     1992--b
   1843i           1893-e          1943-----A      1993----------H
   1844---------D  1894j           1944---b        1994----@
   1845------B     1895i           1945--------C   1995---b
   1846---------D  1896----a       1946-d          1996----a
   1847--c         1897------A     1947-----A      1997----@
   1848---b        1898----@       1948-f          1998---------D
   1849-----@      1899-----A      1949-e          1999--------C
PART 5:  CORRELATION OF SERIES BY SEGMENTS: oak1                                                   15:45  Thu 27 Jul 2017  Page   5
------------------------------------------------------------------------------------------------------------------------------------
 Correlations of  50-year dated segments, lagged  25 years
 Flags:  A = correlation under   .3281 but highest as dated;  B = correlation higher at other than dated position

 Seq Series  Time_span   1825 1850 1875 1900 1925 1950 1975
                         1874 1899 1924 1949 1974 1999 2024
 --- -------- ---------  ---- ---- ---- ---- ---- ---- ---- ---- ---- ---- ---- ---- ---- ---- ---- ---- ---- ---- ---- ----
   1 QU024A1  1837 2017   .01B .14B .26A .33A .14B .17B .18A
   2 QU024B1  1925 2017                       .46  .50  .63
   3 QU1482E1 1884 2017             .62  .58  .40  .52  .63
   4 QU1482N1 1887 2017             .61  .67  .52  .67  .83
   5 QU1485B1 1963 2017                            .35  .34
   6 QU1485E1 1967 2017                            .49  .48
   7 QU1485W1 1961 2017                            .40  .39
   8 QU1488N1 1917 2017                  .55  .58  .59  .62
   9 QU1488W1 1904 2017                  .35  .53  .62  .65
  10 QU1491E1 1862 2017        .57  .57  .48  .48  .55  .51
  11 QU1491N1 1837 2017   .41B .53  .73  .69  .59  .61  .61
  12 QU052A1  1863 2017        .57  .58  .47  .45  .55  .41
  13 QU052B1  1871 2018        .28B .29B-.03B-.13B-.06B-.14B
  14 QU1411E1 1863 2017        .23B .41B .20B .31B .69  .64
  15 QU1411N1 1861 2017        .78  .75  .67  .60  .59  .73
  16 QU1427E1 1845 2017   .66  .69  .73  .68  .66  .79  .74
  17 QU1427N1 1850 2017        .73  .83  .77  .74  .69  .67
  18 QU1433E1 1855 2017        .77  .80  .82  .74  .73  .74
  19 QU1433N3 1860 2017        .69  .70  .76  .71  .71  .75
  20 QU1436N1 1854 2017        .58  .81  .77  .64  .67  .73
  21 QU1436W1 1849 2017   .55  .56  .80  .72  .52  .43  .58
  22 QU1437N1 1851 2017        .59  .69  .79  .65  .47  .22B
  23 QU1437S1 1847 2017   .67  .63  .77  .77  .47  .49  .30A
  24 QU1440E1 1847 2017   .40  .43  .51  .65  .58  .61  .78
  25 QU1440N1 1853 2017        .53  .65  .70  .69  .70  .77
  26 QU041A1  1851 2017        .55  .51  .50  .46  .56  .64
  27 QU041B1  1879 2017             .43  .45  .43  .49  .38
  28 QU1442E1 1930 2017                       .64  .57  .59
  29 QU1442W1 1932 2017                       .59  .68  .66
  30 QU1444N1 1930 2017                       .65  .55  .47
  31 QU1444S1 1935 2017                       .61  .58  .64
  32 QU1446S1 1987 2017                                 .67
  33 QU1446W1 1943 2017                       .57  .71  .76
  34 QU1470E1 1931 2017                       .72  .59  .62
  35 QU1470N1 1927 2017                       .71  .59  .61
  36 QU002A1  1836 2017   .74  .83  .79  .68  .69  .73  .73
  37 QU002B1  1839 2017   .71  .81  .81  .75  .74  .76  .81
  38 QU004A1  1855 2017        .79  .82  .80  .74  .75  .82
  39 QU004B1  1850 2017        .77  .83  .84  .73  .75  .80
  40 QU013A1  1846 2017   .48  .44B .52  .70  .68  .72  .75
  41 QU013B1  1855 2017       -.17B-.12B .50  .77  .70  .75
  42 QU015A1  1862 2017        .74  .71  .71  .49  .47  .52
  43 QU015B1  1849 2017   .70  .70  .76  .73  .57  .59  .57
  44 QU035A1  1865 2017        .72  .77  .81  .81  .74  .74
  45 QU035B1  1870 2017        .79  .80  .74  .67  .71  .70
  46 QU1498E1 1860 2017        .66  .74  .79  .69  .57  .60
  47 QU1498N1 1851 2017        .33B .55  .69  .65  .58  .59
 Av segment correlation   .53  .58  .64  .63  .58  .59  .60
PART 6:  POTENTIAL PROBLEMS: oak1                                                                  15:45  Thu 27 Jul 2017  Page   5
------------------------------------------------------------------------------------------------------------------------------------

 For each series with potential problems the following diagnostics may appear:

 [A] Correlations with master dating series of flagged  50-year segments of series filtered with  32-year spline,
     at every point from ten years earlier (-10) to ten years later (+10) than dated

 [B] Effect of those data values which most lower or raise correlation with master series
     Symbol following year indicates value in series is greater (>) or lesser (<) than master series value

 [C] Year-to-year changes very different from the mean change in other series

 [D] Absent rings (zero values)

 [E] Values which are statistical outliers from mean for the year
====================================================================================================================================

 QU024A1   1837 to  2017     181 years                                                                                    Series   1

 [A] Segment   High   -10   -9   -8   -7   -6   -5   -4   -3   -2   -1   +0   +1   +2   +3   +4   +5   +6   +7   +8   +9  +10
    ---------  ----   ---  ---  ---  ---  ---  ---  ---  ---  ---  ---  ---  ---  ---  ---  ---  ---  ---  ---  ---  ---  ---
    1837 1886    4      -    -    -    -    -    -    -    -    -  .22  .01|-.01 -.01 -.07  .23* .07  .03 -.08  .09  .01  .04
    1850 1899   -1   -.09  .03 -.03  .05 -.01  .02  .06 -.03  .09  .22* .14|-.02 -.04  .12  .16  .21 -.05 -.20 -.08 -.01  .01
    1875 1924    0   -.31 -.05  .01  .08 -.14  .02 -.02 -.01  .05  .25  .26* .19  .06  .18  .18  .09 -.16 -.36 -.13  .05 -.15
    1900 1949    0   -.24 -.19  .03 -.03 -.09 -.04 -.07 -.03 -.20  .07  .33* .17  .20  .06 -.06  .22 -.33 -.14  .07 -.13  .26
    1925 1974   10   -.22  .02  .07  .04 -.03 -.13 -.06  .10 -.14  .06  .14| .08  .19  .03 -.02  .08 -.28 -.05  .17 -.04  .32*
    1950 1999    8   -.15 -.10 -.08  .10 -.04  .03 -.02  .00 -.20  .02  .17| .10  .13 -.08  .18 -.14 -.12  .15  .18*-.13  .13
    1968 2017    0   -.06 -.10 -.21  .07 -.07 -.03  .07 -.10 -.16 -.11  .18* .04    -    -    -    -    -    -    -    -    -

 [B] Entire series, effect on correlation (  .163) is:
       Lower   1838> -.034   1879< -.018   1844< -.016   2017> -.014   1858< -.011   1926< -.011  Higher   1895  .033   1863  .029
     1837 to 1886 segment:
       Lower   1838> -.103   1879< -.051   1844< -.049   1858< -.029   1877< -.025   1864< -.019  Higher   1863  .133   1839  .029
     1850 to 1899 segment:
       Lower   1879< -.059   1888> -.038   1858< -.038   1877< -.031   1894> -.024   1889< -.022  Higher   1895  .130   1863  .103
     1875 to 1924 segment:
       Lower   1879< -.067   1888> -.049   1894> -.035   1877< -.034   1889< -.025   1887> -.014  Higher   1895  .126   1918  .036
     1900 to 1949 segment:
       Lower   1926< -.071   1937< -.036   1925> -.028   1948> -.026   1916< -.020   1938< -.018  Higher   1939  .045   1910  .040
     1925 to 1974 segment:
       Lower   1926< -.044   1974> -.032   1937< -.027   1948> -.022   1925> -.022   1955< -.022  Higher   1939  .056   1952  .033
     1950 to 1999 segment:
       Lower   1988> -.036   1974> -.034   1992> -.023   1976> -.021   1955< -.021   1993< -.020  Higher   1981  .102   1977  .044
     1968 to 2017 segment:
       Lower   2017> -.057   1988> -.031   1974> -.030   2016< -.021   1993< -.020   1992> -.018  Higher   1981  .091   2008  .043

 [C] Year-to-year changes diverging by over 4.0 std deviations:
       1837 1838   4.4 SD    1843 1844  -4.4 SD

 [E] Outliers     4   3.0 SD above or -4.5 SD below mean for year
       1838 +4.4 SD;    1888 +3.0 SD;    1925 +3.1 SD;    1962 +3.2 SD
====================================================================================================================================

 QU024B1   1925 to  2017      93 years                                                                                    Series   2

 [B] Entire series, effect on correlation (  .553) is:
       Lower   1939> -.043   1982> -.023   1956> -.021   1966> -.010   1945< -.009   1963< -.008  Higher   2012  .034   1936  .016

 [E] Outliers     1   3.0 SD above or -4.5 SD below mean for year
       1982 +3.3 SD
====================================================================================================================================

 QU1482E1  1884 to  2017     134 years                                                                                    Series   3

 [B] Entire series, effect on correlation (  .565) is:
       Lower   1956> -.023   1939> -.016   1994< -.015   1907< -.013   1981> -.012   1928< -.010  Higher   2012  .020   1910  .020

 [E] Outliers     1   3.0 SD above or -4.5 SD below mean for year
       1989 +3.3 SD
====================================================================================================================================

 QU1482N1  1887 to  2017     131 years                                                                                    Series   4

 [B] Entire series, effect on correlation (  .654) is:
       Lower   1889< -.019   1951< -.017   1963< -.016   1956> -.016   1939> -.012   1893> -.011  Higher   1974  .017   1910  .012

====================================================================================================================================

 QU1485B1  1963 to  2017      55 years                                                                                    Series   5

 [B] Entire series, effect on correlation (  .339) is:
       Lower   1981> -.041   1977> -.038   2017> -.032   1987< -.029   1990< -.024   1984> -.022  Higher   1974  .109   2012  .023

====================================================================================================================================

 QU1485E1  1967 to  2017      51 years                                                                                    Series   6

 [B] Entire series, effect on correlation (  .477) is:
       Lower   1977> -.052   1981> -.039   1970< -.022   1990< -.017   2008< -.015   2017> -.013  Higher   1974  .085   1969  .021

====================================================================================================================================

 QU1485W1  1961 to  2017      57 years                                                                                    Series   7

 [B] Entire series, effect on correlation (  .400) is:
       Lower   1970< -.087   1977> -.038   1981> -.036   2010< -.024   1982> -.022   2017> -.009  Higher   1974  .088   1969  .019

====================================================================================================================================

 QU1488N1  1917 to  2017     101 years                                                                                    Series   8

 [B] Entire series, effect on correlation (  .587) is:
       Lower   1981> -.034   1938< -.028   1982> -.026   1939> -.025   1952> -.013   1943< -.008  Higher   1974  .029   2017  .016

 [E] Outliers     1   3.0 SD above or -4.5 SD below mean for year
       1982 +3.7 SD
====================================================================================================================================

 QU1488W1  1904 to  2017     114 years                                                                                    Series   9

 [B] Entire series, effect on correlation (  .527) is:
       Lower   1938< -.065   1981> -.034   1939> -.025   1982> -.016   1911> -.013   1999< -.010  Higher   1974  .032   1993  .012

 [E] Outliers     1   3.0 SD above or -4.5 SD below mean for year
       1982 +3.0 SD
====================================================================================================================================

 QU1491E1  1862 to  2017     156 years                                                                                    Series  10

 [B] Entire series, effect on correlation (  .515) is:
       Lower   1974> -.019   1863> -.018   1926< -.017   1881< -.011   1918> -.011   1939> -.008  Higher   1981  .029   1910  .011

====================================================================================================================================

 QU1491N1  1837 to  2017     181 years                                                                                    Series  11

 [A] Segment   High   -10   -9   -8   -7   -6   -5   -4   -3   -2   -1   +0   +1   +2   +3   +4   +5   +6   +7   +8   +9  +10
    ---------  ----   ---  ---  ---  ---  ---  ---  ---  ---  ---  ---  ---  ---  ---  ---  ---  ---  ---  ---  ---  ---  ---
    1837 1886    5      -    -    -    -    -    -    -    -    - -.09  .41|-.07 -.02 -.16  .10  .44* .01  .12 -.03  .18  .05

 [B] Entire series, effect on correlation (  .595) is:
       Lower   1965< -.023   1878< -.013   1870> -.010   1871> -.010   2003< -.009   1938< -.008  Higher   1863  .020   1956  .017
     1837 to 1886 segment:
       Lower   1878< -.044   1870> -.034   1871> -.033   1864< -.027   1866< -.024   1874> -.019  Higher   1863  .150   1846  .014

 [E] Outliers     1   3.0 SD above or -4.5 SD below mean for year
       1990 +3.2 SD
====================================================================================================================================

 QU052A1   1863 to  2017     155 years                                                                                    Series  12

 [B] Entire series, effect on correlation (  .467) is:
       Lower   1961< -.022   2001> -.019   2006< -.018   1936> -.014   1884< -.013   2003< -.011  Higher   1981  .036   1894  .017

====================================================================================================================================

 QU052B1   1871 to  2018     148 years                                                                                    Series  13

 [*] Later part of series cannot be checked from 2018 to 2018 -- not matched by another series

 [A] Segment   High   -10   -9   -8   -7   -6   -5   -4   -3   -2   -1   +0   +1   +2   +3   +4   +5   +6   +7   +8   +9  +10
    ---------  ----   ---  ---  ---  ---  ---  ---  ---  ---  ---  ---  ---  ---  ---  ---  ---  ---  ---  ---  ---  ---  ---
    1871 1920   -1   -.03  .11  .20 -.12 -.20  .02 -.02 -.18  .15  .60* .28| .01 -.04 -.03 -.12 -.14  .09  .06  .07 -.06 -.21
    1875 1924   -1   -.13  .13  .21 -.15 -.23  .00  .02 -.16  .14  .62* .29|-.02 -.03 -.01 -.12 -.17  .08  .08  .08 -.05 -.22
    1900 1949   -1    .10  .05 -.07 -.29 -.05 -.09  .03  .09 -.13  .59*-.03|-.02 -.08 -.02  .21 -.09 -.10  .24  .05  .00 -.19
    1925 1974   -1    .26 -.12 -.11 -.26  .04  .02 -.09  .24 -.02  .40*-.13|-.03  .00  .01  .10  .19 -.13  .07  .03 -.08 -.03
    1950 1999   -1    .11  .12  .27 -.10  .05  .14 -.20  .07  .17  .46*-.06|-.07  .03  .06 -.15  .23  .13 -.23  .04 -.05  .06
    1968 2017   -1   -.01  .28  .21 -.01  .04  .02 -.09 -.07  .10  .47*-.14|-.07    -    -    -    -    -    -    -    -    -

 [B] Entire series, effect on correlation (  .005) is:
       Lower   1935< -.043   1981> -.021   1902< -.020   1948> -.016   1951< -.013   1875< -.012  Higher   1919  .026   1982  .022
     1871 to 1920 segment:
       Lower   1902< -.088   1875< -.061   1912< -.023   1874> -.014   1896< -.014   1882< -.013  Higher   1919  .066   1895  .034
     1875 to 1924 segment:
       Lower   1902< -.089   1875< -.061   1912< -.022   1906> -.015   1896< -.012   1882< -.012  Higher   1919  .071   1895  .035
     1900 to 1949 segment:
       Lower   1935< -.138   1902< -.060   1948> -.048   1936> -.034   1934> -.029   1937< -.025  Higher   1919  .088   1939  .035
     1925 to 1974 segment:
       Lower   1935< -.126   1948> -.039   1951< -.038   1936> -.028   1969< -.025   1934> -.025  Higher   1939  .051   1956  .043
     1950 to 1999 segment:
       Lower   1981> -.060   1951< -.031   1994> -.028   1978< -.028   1993< -.028   1969< -.018  Higher   1982  .102   1961  .032
     1968 to 2017 segment:
       Lower   1981> -.050   1978< -.026   2012> -.025   1993< -.023   1994> -.022   2017> -.020  Higher   1982  .112   1976  .020

 [C] Year-to-year changes diverging by over 4.0 std deviations:
       1934 1935  -5.3 SD    1935 1936   4.2 SD

 [E] Outliers     2   3.0 SD above or -4.5 SD below mean for year
       1948 +3.3 SD;    1983 -4.7 SD
====================================================================================================================================

 QU1411E1  1863 to  2017     155 years                                                                                    Series  14

 [A] Segment   High   -10   -9   -8   -7   -6   -5   -4   -3   -2   -1   +0   +1   +2   +3   +4   +5   +6   +7   +8   +9  +10
    ---------  ----   ---  ---  ---  ---  ---  ---  ---  ---  ---  ---  ---  ---  ---  ---  ---  ---  ---  ---  ---  ---  ---
    1863 1912    1   -.07 -.16 -.21 -.08 -.18 -.09 -.11  .07  .08  .11  .23| .72* .21  .17  .12 -.08 -.10 -.06 -.05 -.22 -.13
    1875 1924    1   -.05 -.03 -.19 -.27 -.13 -.12 -.15 -.07 -.01  .13  .41| .76* .33  .23  .00  .06 -.08 -.04 -.22 -.29 -.15
    1900 1949    1   -.04  .07 -.02 -.05 -.20  .02  .13 -.12  .12 -.05  .20| .69* .05  .00 -.07  .00  .04 -.26 -.07 -.14 -.02
    1925 1974    1   -.02 -.13  .23  .02 -.07 -.10  .25 -.04  .02 -.21  .31| .37*-.07 -.07  .09 -.11  .08 -.13  .23 -.11  .07

 [B] Entire series, effect on correlation (  .382) is:
       Lower   2000< -.042   1863> -.037   1938< -.020   1864< -.013   1934> -.012   1936> -.012  Higher   1981  .020   2017  .019
     1863 to 1912 segment:
       Lower   1863> -.102   1864< -.042   1874> -.026   1888> -.025   1868> -.022   1911> -.013  Higher   1902  .061   1894  .052
     1875 to 1924 segment:
       Lower   1888> -.042   1911> -.024   1901> -.024   1878> -.022   1916< -.019   1895> -.018  Higher   1902  .051   1894  .044
     1900 to 1949 segment:
       Lower   1938< -.059   1934> -.038   1936> -.036   1928< -.024   1911> -.015   1901> -.014  Higher   1948  .071   1902  .062
     1925 to 1974 segment:
       Lower   1938< -.069   1934> -.041   1936> -.038   1960< -.032   1928< -.029   1962< -.020  Higher   1948  .068   1974  .054

 [C] Year-to-year changes diverging by over 4.0 std deviations:
       1863 1864  -4.2 SD

 [E] Outliers     1   3.0 SD above or -4.5 SD below mean for year
       1863 +3.3 SD
====================================================================================================================================

 QU1411N1  1861 to  2017     157 years                                                                                    Series  15

 [B] Entire series, effect on correlation (  .668) is:
       Lower   1952< -.022   1913< -.007   2009> -.007   1949> -.006   1959< -.006   1983< -.006  Higher   1894  .009   1993  .007

====================================================================================================================================

 QU1427E1  1845 to  2017     173 years                                                                                    Series  16

 [B] Entire series, effect on correlation (  .697) is:
       Lower   1894> -.024   1936> -.012   1976> -.010   1946> -.010   2001> -.009   1933< -.007  Higher   1863  .025   1981  .010

====================================================================================================================================

 QU1427N1  1850 to  2017     168 years                                                                                    Series  17

 [B] Entire series, effect on correlation (  .714) is:
       Lower   1871< -.017   2012> -.012   1956> -.007   1922< -.006   1865< -.005   1992> -.005  Higher   1939  .011   2017  .010

====================================================================================================================================

 QU1433E1  1855 to  2017     163 years                                                                                    Series  18

 [B] Entire series, effect on correlation (  .776) is:
       Lower   1974> -.014   1870> -.007   1964< -.007   1859< -.005   1897< -.005   1972> -.004  Higher   1863  .015   1981  .012

====================================================================================================================================

 QU1433N3  1860 to  2017     158 years                                                                                    Series  19

 [B] Entire series, effect on correlation (  .738) is:
       Lower   1934> -.011   1974> -.011   1897< -.010   1876< -.008   1975< -.008   1910> -.004  Higher   1981  .013   2012  .010

====================================================================================================================================

 QU1436N1  1854 to  2017     164 years                                                                                    Series  20

 [B] Entire series, effect on correlation (  .660) is:
       Lower   1870< -.017   1956> -.011   1874> -.010   2006> -.007   2000< -.007   1871< -.006  Higher   2012  .011   1981  .010

 [E] Outliers     1   3.0 SD above or -4.5 SD below mean for year
       1871 -4.9 SD
====================================================================================================================================

 QU1436W1  1849 to  2017     169 years                                                                                    Series  21

 [B] Entire series, effect on correlation (  .584) is:
       Lower   1994> -.027   1863> -.019   1974> -.011   1998< -.010   1961< -.010   1860< -.009  Higher   1981  .021   1939  .016

 [E] Outliers     1   3.0 SD above or -4.5 SD below mean for year
       1994 +3.9 SD
====================================================================================================================================

 QU1437N1  1851 to  2017     167 years                                                                                    Series  22

 [A] Segment   High   -10   -9   -8   -7   -6   -5   -4   -3   -2   -1   +0   +1   +2   +3   +4   +5   +6   +7   +8   +9  +10
    ---------  ----   ---  ---  ---  ---  ---  ---  ---  ---  ---  ---  ---  ---  ---  ---  ---  ---  ---  ---  ---  ---  ---
    1968 2017   -7    .22  .02  .10  .29*-.32 -.15  .01  .16  .07  .08  .22|-.03    -    -    -    -    -    -    -    -    -

 [B] Entire series, effect on correlation (  .508) is:
       Lower   2012> -.024   1984< -.023   1875< -.013   2007> -.012   1996< -.012   2014< -.010  Higher   1939  .011   1956  .010
     1968 to 2017 segment:
       Lower   2012> -.052   2007> -.025   2014< -.022   1996< -.017   2016< -.016   2008< -.014  Higher   1980  .038   1990  .023

 [E] Outliers     1   3.0 SD above or -4.5 SD below mean for year
       1984 -6.0 SD
====================================================================================================================================

 QU1437S1  1847 to  2017     171 years                                                                                    Series  23

 [A] Segment   High   -10   -9   -8   -7   -6   -5   -4   -3   -2   -1   +0   +1   +2   +3   +4   +5   +6   +7   +8   +9  +10
    ---------  ----   ---  ---  ---  ---  ---  ---  ---  ---  ---  ---  ---  ---  ---  ---  ---  ---  ---  ---  ---  ---  ---
    1968 2017    0    .15 -.14  .02  .16 -.08  .05  .00  .08 -.32 -.02  .30*-.06    -    -    -    -    -    -    -    -    -

 [B] Entire series, effect on correlation (  .514) is:
       Lower   2008< -.027   2015< -.024   1974> -.018   2012> -.014   2007> -.012   1962< -.012  Higher   1981  .029   2017  .010
     1968 to 2017 segment:
       Lower   2008< -.062   2015< -.048   1974> -.042   2012> -.032   2007> -.028   1994> -.023  Higher   1981  .131   2017  .038

 [C] Year-to-year changes diverging by over 4.0 std deviations:
       2007 2008  -4.0 SD

 [E] Outliers     1   3.0 SD above or -4.5 SD below mean for year
       2001 -4.6 SD
====================================================================================================================================

 QU1440E1  1847 to  2017     171 years                                                                                    Series  24

 [B] Entire series, effect on correlation (  .585) is:
       Lower   1956> -.019   1847> -.014   1888> -.009   1952> -.008   1934> -.008   1923> -.007  Higher   1981  .014   2017  .013

 [C] Year-to-year changes diverging by over 4.0 std deviations:
       1938 1939  -4.3 SD

 [E] Outliers     1   3.0 SD above or -4.5 SD below mean for year
       1939 -5.8 SD
====================================================================================================================================

 QU1440N1  1853 to  2017     165 years                                                                                    Series  25

 [B] Entire series, effect on correlation (  .659) is:
       Lower   1961< -.013   1863> -.013   1853< -.012   1995< -.011   1952> -.010   1924< -.006  Higher   1981  .012   1939  .012

====================================================================================================================================

 QU041A1   1851 to  2017     167 years                                                                                    Series  26

 [B] Entire series, effect on correlation (  .540) is:
       Lower   1878< -.021   1881< -.014   1873> -.014   1871> -.011   1941< -.009   1948> -.009  Higher   1863  .043   1894  .016

 [E] Outliers     2   3.0 SD above or -4.5 SD below mean for year
       1863 -5.2 SD;    1957 +3.1 SD
====================================================================================================================================

 QU041B1   1879 to  2017     139 years                                                                                    Series  27

 [B] Entire series, effect on correlation (  .411) is:
       Lower   1881< -.057   2012> -.023   1972< -.014   1977> -.014   2005> -.014   1938< -.011  Higher   1981  .025   1974  .019

====================================================================================================================================

 QU1442E1  1930 to  2017      88 years                                                                                    Series  28

 [B] Entire series, effect on correlation (  .581) is:
       Lower   1981> -.036   1934> -.016   1950< -.016   1953< -.015   2011< -.013   2000< -.012  Higher   2017  .028   1974  .023

====================================================================================================================================

 QU1442W1  1932 to  2017      86 years                                                                                    Series  29

 [B] Entire series, effect on correlation (  .592) is:
       Lower   1939> -.047   1932< -.019   2011< -.018   1944> -.013   2000< -.012   1953< -.011  Higher   1956  .031   2017  .022

====================================================================================================================================

 QU1444N1  1930 to  2017      88 years                                                                                    Series  30

 [B] Entire series, effect on correlation (  .567) is:
       Lower   1981> -.043   2001< -.019   1994> -.013   1948> -.010   1968< -.010   1978< -.008  Higher   1936  .015   1956  .014

====================================================================================================================================

 QU1444S1  1935 to  2017      83 years                                                                                    Series  31

 [B] Entire series, effect on correlation (  .595) is:
       Lower   1949< -.023   1950< -.019   1992< -.016   1939> -.015   2011< -.015   1994> -.014  Higher   2012  .028   1974  .019

====================================================================================================================================

 QU1446S1  1987 to  2017      31 years                                                                                    Series  32

 [B] Entire series, effect on correlation (  .670) is:
       Lower   2008< -.044   1996< -.041   1990< -.023   1987> -.013   1988> -.009   2012> -.009  Higher   2017  .083   1993  .021

====================================================================================================================================

 QU1446W1  1943 to  2017      75 years                                                                                    Series  33

 [B] Entire series, effect on correlation (  .669) is:
       Lower   1948> -.030   1949> -.019   1982> -.018   1961< -.014   1955< -.012   1965< -.011  Higher   2012  .031   1956  .029

 [E] Outliers     1   3.0 SD above or -4.5 SD below mean for year
       1948 +3.1 SD
====================================================================================================================================

 QU1470E1  1931 to  2017      87 years                                                                                    Series  34

 [B] Entire series, effect on correlation (  .655) is:
       Lower   1994> -.032   1981> -.022   1957< -.019   1948> -.013   1990< -.011   1995> -.010  Higher   1956  .029   2012  .022

 [E] Outliers     1   3.0 SD above or -4.5 SD below mean for year
       1994 +3.1 SD
====================================================================================================================================

 QU1470N1  1927 to  2017      91 years                                                                                    Series  35

 [B] Entire series, effect on correlation (  .631) is:
       Lower   1981> -.033   1990< -.017   1948> -.011   1994> -.011   1957< -.010   2008< -.010  Higher   1956  .031   1974  .027

====================================================================================================================================

 QU002A1   1836 to  2017     182 years                                                                                    Series  36

 [*] Early part of series cannot be checked from 1836 to 1836 -- not matched by another series

 [B] Entire series, effect on correlation (  .732) is:
       Lower   1939> -.010   1996< -.010   1981> -.008   1918> -.006   1843> -.006   1948> -.005  Higher   1863  .019   2012  .009

====================================================================================================================================

 QU002B1   1839 to  2017     179 years                                                                                    Series  37

 [B] Entire series, effect on correlation (  .743) is:
       Lower   1843< -.020   1963< -.010   1848> -.006   2017> -.005   1946> -.005   1948> -.004  Higher   1863  .008   1956  .007

====================================================================================================================================

 QU004A1   1855 to  2017     163 years                                                                                    Series  38

 [B] Entire series, effect on correlation (  .786) is:
       Lower   1954< -.015   1981> -.014   1942< -.006   1886> -.006   1966> -.006   1949> -.005  Higher   1863  .016   1956  .009

====================================================================================================================================

 QU004B1   1850 to  2017     168 years                                                                                    Series  39

 [B] Entire series, effect on correlation (  .765) is:
       Lower   2006< -.009   1870> -.008   1871> -.008   1965< -.006   1867< -.005   1960< -.005  Higher   1863  .019   1974  .008

====================================================================================================================================

 QU013A1   1846 to  2017     172 years                                                                                    Series  40

 [A] Segment   High   -10   -9   -8   -7   -6   -5   -4   -3   -2   -1   +0   +1   +2   +3   +4   +5   +6   +7   +8   +9  +10
    ---------  ----   ---  ---  ---  ---  ---  ---  ---  ---  ---  ---  ---  ---  ---  ---  ---  ---  ---  ---  ---  ---  ---
    1850 1899    2   -.31 -.02 -.14  .22  .01  .09  .17  .15  .02 -.21  .44| .02  .47* .03 -.03 -.19 -.25  .22 -.13 -.23 -.24

 [B] Entire series, effect on correlation (  .625) is:
       Lower   1861< -.016   1856< -.014   1888> -.011   1899< -.007   1895> -.007   1977> -.007  Higher   1981  .021   1939  .015
     1850 to 1899 segment:
       Lower   1861< -.046   1856< -.036   1888> -.033   1899< -.020   1895> -.019   1878> -.016  Higher   1863  .063   1870  .021

====================================================================================================================================

 QU013B1   1855 to  2017     163 years                                                                                    Series  41

 [A] Segment   High   -10   -9   -8   -7   -6   -5   -4   -3   -2   -1   +0   +1   +2   +3   +4   +5   +6   +7   +8   +9  +10
    ---------  ----   ---  ---  ---  ---  ---  ---  ---  ---  ---  ---  ---  ---  ---  ---  ---  ---  ---  ---  ---  ---  ---
    1855 1904  -10    .52*-.01  .44  .03  .05  .21 -.28  .12 -.17 -.17 -.17|-.07 -.18 -.04 -.25  .06  .08 -.08  .15 -.09  .14
    1875 1924   -9    .44  .50* .36  .21  .11 -.05 -.28 -.27 -.28 -.27 -.12|-.07 -.02 -.08 -.14 -.01 -.13 -.13 -.15 -.10  .15

 [B] Entire series, effect on correlation (  .427) is:
       Lower   1863> -.028   1910> -.016   1894> -.015   1870> -.014   1874> -.012   1903< -.012  Higher   1981  .037   1939  .028
     1855 to 1904 segment:
       Lower   1870> -.028   1903< -.024   1874> -.024   1888> -.019   1879< -.015   1887> -.015  Higher   1873  .072   1871  .048
     1875 to 1924 segment:
       Lower   1910> -.035   1903< -.034   1888> -.029   1894> -.024   1887> -.023   1879< -.022  Higher   1919  .070   1889  .040

====================================================================================================================================

 QU015A1   1862 to  2017     156 years                                                                                    Series  42

 [B] Entire series, effect on correlation (  .615) is:
       Lower   1929< -.027   2009< -.014   1968< -.011   1976> -.009   2005> -.007   1971> -.007  Higher   1863  .027   1939  .014

 [E] Outliers     1   3.0 SD above or -4.5 SD below mean for year
       1990 +3.1 SD
====================================================================================================================================

 QU015B1   1849 to  2017     169 years                                                                                    Series  43

 [B] Entire series, effect on correlation (  .655) is:
       Lower   1929< -.015   1976> -.011   1974> -.009   1958< -.007   1994> -.006   1975< -.006  Higher   1863  .030   1939  .013

 [E] Outliers     1   3.0 SD above or -4.5 SD below mean for year
       2004 +3.1 SD
====================================================================================================================================

 QU035A1   1865 to  2017     153 years                                                                                    Series  44

 [B] Entire series, effect on correlation (  .754) is:
       Lower   1981> -.013   1878> -.008   1939> -.007   1985< -.007   1880< -.006   1881< -.004  Higher   1956  .012   1894  .009

====================================================================================================================================

 QU035B1   1870 to  2017     148 years                                                                                    Series  45

 [B] Entire series, effect on correlation (  .720) is:
       Lower   1939> -.009   2009< -.007   1981> -.006   1965< -.006   1878> -.006   1963< -.005  Higher   1956  .014   1894  .013

====================================================================================================================================

 QU1498E1  1860 to  2017     158 years                                                                                    Series  46

 [B] Entire series, effect on correlation (  .661) is:
       Lower   1974> -.013   1862< -.010   2001> -.010   1958< -.008   1870> -.007   1920> -.006  Higher   1910  .011   1894  .009

 [E] Outliers     1   3.0 SD above or -4.5 SD below mean for year
       1981 -4.7 SD
====================================================================================================================================

 QU1498N1  1851 to  2017     167 years                                                                                    Series  47

 [A] Segment   High   -10   -9   -8   -7   -6   -5   -4   -3   -2   -1   +0   +1   +2   +3   +4   +5   +6   +7   +8   +9  +10
    ---------  ----   ---  ---  ---  ---  ---  ---  ---  ---  ---  ---  ---  ---  ---  ---  ---  ---  ---  ---  ---  ---  ---
    1851 1900    1   -.03 -.28 -.06  .06 -.09 -.07 -.14 -.30 -.20 -.15  .33| .38* .06  .07  .03  .20  .04  .06  .29  .01 -.06

 [B] Entire series, effect on correlation (  .540) is:
       Lower   1862< -.034   1851< -.022   1871> -.009   1895> -.008   1920> -.008   1923> -.007  Higher   1863  .034   1981  .028
     1851 to 1900 segment:
       Lower   1862< -.104   1851< -.067   1871> -.025   1895> -.019   1889< -.017   1860< -.017  Higher   1863  .190   1893  .039

====================================================================================================================================
PART 7:  DESCRIPTIVE STATISTICS: oak1                                                              15:45  Thu 27 Jul 2017  Page   6
------------------------------------------------------------------------------------------------------------------------------------

                                                Corr   //-------- Unfiltered --------\\  //---- Filtered -----\\
                           No.    No.    No.    with   Mean   Max     Std   Auto   Mean   Max     Std   Auto  AR
 Seq Series   Interval   Years  Segmt  Flags   Master  msmt   msmt    dev   corr   sens  value    dev   corr  ()
 --- -------- ---------  -----  -----  -----   ------ -----  -----  -----  -----  -----  -----  -----  -----  --
   1 QU024A1  1837 2017    181      7      7    .163    .84   2.13   .222   .500   .188   2.76   .417  -.071   1
   2 QU024B1  1925 2017     93      3      0    .553   2.53   4.59   .763   .610   .226   2.60   .393  -.035   1
   3 QU1482E1 1884 2017    134      5      0    .565   2.04   5.11   .886   .741   .233   2.83   .472  -.031   1
   4 QU1482N1 1887 2017    131      5      0    .654   1.91   5.28   .839   .712   .232   2.90   .537   .003   1
   5 QU1485B1 1963 2017     55      2      0    .339    .87   1.87   .369   .790   .236   2.87   .503   .043   1
   6 QU1485E1 1967 2017     51      2      0    .477    .86   1.75   .349   .773   .224   2.57   .496  -.043   1
   7 QU1485W1 1961 2017     57      2      0    .400    .80   2.11   .396   .769   .258   2.54   .478  -.044   1
   8 QU1488N1 1917 2017    101      4      0    .587   2.41   5.25  1.304   .856   .221   2.65   .448  -.001   1
   9 QU1488W1 1904 2017    114      4      0    .527   2.00   7.30  1.327   .820   .238   2.89   .510  -.043   1
  10 QU1491E1 1862 2017    156      6      0    .515   1.68   3.89   .745   .816   .186   2.60   .341   .001   2
  11 QU1491N1 1837 2017    181      7      1    .595   1.68   3.93   .812   .824   .204   2.95   .448  -.016   1
  12 QU052A1  1863 2017    155      6      0    .467   1.27   3.02   .491   .612   .227   2.64   .383   .042   1
  13 QU052B1  1871 2018    148      6      6    .005   1.22   2.81   .423   .638   .206   2.58   .358  -.010   2
  14 QU1411E1 1863 2017    155      6      4    .382   1.24   5.16   .619   .754   .237   2.68   .436  -.012   1
  15 QU1411N1 1861 2017    157      6      0    .668   1.41   4.59   .582   .742   .209   2.49   .343  -.039   2
  16 QU1427E1 1845 2017    173      7      0    .697   1.28   3.43   .547   .764   .214   2.68   .461   .008   1
  17 QU1427N1 1850 2017    168      6      0    .714   1.33   4.21   .626   .656   .261   3.09   .426  -.009   1
  18 QU1433E1 1855 2017    163      6      0    .776   1.74   3.70   .621   .698   .214   2.69   .515   .008   1
  19 QU1433N3 1860 2017    158      6      0    .738   1.73   3.22   .576   .706   .208   2.59   .429  -.016   2
  20 QU1436N1 1854 2017    164      6      0    .660   1.25   3.34   .502   .669   .247   2.69   .419   .081   1
  21 QU1436W1 1849 2017    169      7      0    .584   1.19   2.84   .472   .701   .219   3.00   .455   .046   1
  22 QU1437N1 1851 2017    167      6      1    .508   1.15   4.96   .857   .875   .273   2.64   .359   .019   1
  23 QU1437S1 1847 2017    171      7      1    .514    .94   3.77   .607   .822   .276   2.66   .469  -.014   1
  24 QU1440E1 1847 2017    171      7      0    .585   1.29   2.68   .605   .810   .233   2.42   .321   .004   1
  25 QU1440N1 1853 2017    165      6      0    .659   1.32   4.08   .579   .760   .226   2.88   .433   .023   1
  26 QU041A1  1851 2017    167      6      0    .540   1.73   4.58   .657   .709   .218   2.63   .307  -.020   1
  27 QU041B1  1879 2017    139      5      0    .411   1.51   2.61   .476   .752   .180   2.83   .435  -.048   1
  28 QU1442E1 1930 2017     88      3      0    .581   1.96   4.89   .855   .858   .153   2.99   .455   .007   1
  29 QU1442W1 1932 2017     86      3      0    .592   2.11   3.80   .678   .670   .194   2.92   .674   .017   1
  30 QU1444N1 1930 2017     88      3      0    .567   1.73   5.73   .957   .872   .146   2.63   .449  -.110   1
  31 QU1444S1 1935 2017     83      3      0    .595   2.08   4.94   .771   .795   .198   2.53   .525   .029   1
  32 QU1446S1 1987 2017     31      1      0    .670   4.50   9.48  2.087   .740   .184   2.65   .620  -.060   1
  33 QU1446W1 1943 2017     75      3      0    .669   2.29   5.58   .907   .859   .157   2.88   .514  -.033   2
  34 QU1470E1 1931 2017     87      3      0    .655   2.32   5.00   .738   .524   .221   2.81   .596   .022   1
  35 QU1470N1 1927 2017     91      3      0    .631   2.43   4.43   .636   .491   .202   2.66   .473   .020   1
  36 QU002A1  1836 2017    182      7      0    .732   1.53   3.16   .465   .302   .274   2.78   .453  -.009   1
  37 QU002B1  1839 2017    179      7      0    .743   1.58   3.31   .502   .229   .297   2.62   .421   .031   1
  38 QU004A1  1855 2017    163      6      0    .786   1.72   2.96   .486   .467   .226   2.59   .502   .017   1
  39 QU004B1  1850 2017    168      6      0    .765   1.50   3.66   .461   .542   .228   2.62   .424   .069   1
  40 QU013A1  1846 2017    172      7      1    .625   1.86   4.51  1.077   .869   .222   2.66   .418   .022   1
  41 QU013B1  1855 2017    163      6      2    .427   2.03   5.39  1.165   .813   .253   2.70   .445   .045   2
  42 QU015A1  1862 2017    156      6      0    .615   1.29   3.79   .479   .546   .208   3.05   .448   .006   1
  43 QU015B1  1849 2017    169      7      0    .655   1.38   3.95   .659   .803   .220   2.86   .377   .033   1
  44 QU035A1  1865 2017    153      6      0    .754   2.26   4.75   .848   .379   .314   2.76   .489   .040   2
  45 QU035B1  1870 2017    148      6      0    .720   1.87   4.42   .716   .592   .269   2.68   .493  -.036   1
  46 QU1498E1 1860 2017    158      6      0    .661   2.22   4.30   .671   .670   .184   2.46   .306   .051   3
  47 QU1498N1 1851 2017    167      6      1    .540   2.14   4.56   .669   .684   .183   2.65   .410   .045   2
 --- -------- ---------  -----  -----  -----   ------ -----  -----  -----  -----  -----  -----  -----  -----  --
 Total or mean:           6451    244     24    .586   1.63   9.48   .671   .682   .225   3.09   .436   .004

                                              - = [  COFECHA OAK1 COF  ] = -
