[]  Dendrochronology Program Library                                        Run OAK2   Program COF  18:37  Thu 27 Jul 2017  Page   1
[]
[]  P R O G R A M      C O F E C H A                                                                          Version 6.06P    30160
------------------------------------------------------------------------------------------------------------------------------------

 QUALITY CONTROL AND DATING CHECK OF TREE-RING MEASUREMENTS

 Title of run:           oak2                                    

 File of DATED series:   oaks_happy_trw.rwl

 CONTENTS:

    Part 1:  Title page, options selected, summary, absent rings by series
    Part 2:  Histogram of time spans
    Part 3:  Master series with sample depth and absent rings by year
    Part 4:  Bar plot of Master Dating Series
    Part 5:  Correlation by segment of each series with Master
    Part 6:  Potential problems: low correlation, divergent year-to-year changes, absent rings, outliers
    Part 7:  Descriptive statistics

 RUN CONTROL OPTIONS SELECTED                             VALUE

         1  Cubic smoothing spline 50% wavelength cutoff for filtering
                                                            32 years
         2  Segments examined are                           50 years lagged successively by  25 years
         3  Autoregressive model applied                     A  Residuals are used in master dating series and testing
         4  Series transformed to logarithms                 Y  Each series log-transformed for master dating series and testing
         5  CORRELATION is Pearson (parametric, quantitative)
            Critical correlation, 99% confidence level   .3281
         6  Master dating series saved                       N
         7  Ring measurements listed                         N
         8  Parts printed                              1234567 
         9  Absent rings are omitted from master series and segment correlations  (Y)

 Time span of Master dating series is  1836 to  2017   182 years
 Continuous time span is               1836 to  2017   182 years
 Portion with two or more series is    1837 to  2017   181 years


                                        ****************************************
                                        *C* Number of dated series        32 *C*
                                        *O* Master series 1836 2017  182 yrs *O*
                                        *F* Total rings in all series   4405 *F*
                                        *E* Total dated rings checked   4404 *E*
                                        *C* Series intercorrelation     .668 *C*
                                        *H* Average mean sensitivity    .226 *H*
                                        *A* Segments, possible problems    0 *A*
                                        *** Mean length of series      137.7 ***
                                        ****************************************

 ABSENT RINGS listed by SERIES:            (See Master Dating Series for absent rings listed by year)

               No ring measurements of zero value
PART 2:  TIME PLOT OF TREE-RING SERIES: oak2                                                       18:37  Thu 27 Jul 2017  Page   2
------------------------------------------------------------------------------------------------------------------------------------
 1050 1100 1150 1200 1250 1300 1350 1400 1450 1500 1550 1600 1650 1700 1750 1800 1850 1900 1950 2000 2050 Ident   Seq Time-span  Yrs
   :    :    :    :    :    :    :    :    :    :    :    :    :    :    :    :    :    :    :    :    : -------- --- ---- ---- ----
   .    .    .    .    .    .    .    .    .    .    .    .    .    .    .    .    .    . <========>   . QU024B1    1 1925 2017   93
   .    .    .    .    .    .    .    .    .    .    .    .    .    .    .    .    .  <============>   . QU1482E1   2 1884 2017  134
   .    .    .    .    .    .    .    .    .    .    .    .    .    .    .    .    .  <============>   . QU1482N1   3 1887 2017  131
   .    .    .    .    .    .    .    .    .    .    .    .    .    .    .    .    .    .<=========>   . QU1488N1   4 1917 2017  101
   .    .    .    .    .    .    .    .    .    .    .    .    .    .    .    .  <=================>   . QU1491N1   5 1837 2017  181
   .    .    .    .    .    .    .    .    .    .    .    .    .    .    .    .    .<==============>   . QU1411N1   6 1861 2017  157
   .    .    .    .    .    .    .    .    .    .    .    .    .    .    .    .   <================>   . QU1427E1   7 1845 2017  173
   .    .    .    .    .    .    .    .    .    .    .    .    .    .    .    .    <===============>   . QU1427N1   8 1850 2017  168
   .    .    .    .    .    .    .    .    .    .    .    .    .    .    .    .    <===============>   . QU1433E1   9 1855 2017  163
   .    .    .    .    .    .    .    .    .    .    .    .    .    .    .    .    .<==============>   . QU1433N3  10 1860 2017  158
   .    .    .    .    .    .    .    .    .    .    .    .    .    .    .    .    <===============>   . QU1436N1  11 1854 2017  164
   .    .    .    .    .    .    .    .    .    .    .    .    .    .    .    .   <================>   . QU1436W1  12 1849 2017  169
   .    .    .    .    .    .    .    .    .    .    .    .    .    .    .    .   <================>   . QU1440E1  13 1847 2017  171
   .    .    .    .    .    .    .    .    .    .    .    .    .    .    .    .    <===============>   . QU1440N1  14 1853 2017  165
   .    .    .    .    .    .    .    .    .    .    .    .    .    .    .    .    .    .  <=======>   . QU1442E1  15 1930 2017   88
   .    .    .    .    .    .    .    .    .    .    .    .    .    .    .    .    .    .  <=======>   . QU1442W1  16 1932 2017   86
   .    .    .    .    .    .    .    .    .    .    .    .    .    .    .    .    .    .  <=======>   . QU1444N1  17 1930 2017   88
   .    .    .    .    .    .    .    .    .    .    .    .    .    .    .    .    .    .  <=======>   . QU1444S1  18 1935 2017   83
   .    .    .    .    .    .    .    .    .    .    .    .    .    .    .    .    .    .    .  <==>   . QU1446S1  19 1987 2017   31
   .    .    .    .    .    .    .    .    .    .    .    .    .    .    .    .    .    .   <======>   . QU1446W1  20 1943 2017   75
   .    .    .    .    .    .    .    .    .    .    .    .    .    .    .    .    .    .  <=======>   . QU1470E1  21 1931 2017   87
   .    .    .    .    .    .    .    .    .    .    .    .    .    .    .    .    .    . <========>   . QU1470N1  22 1927 2017   91
   .    .    .    .    .    .    .    .    .    .    .    .    .    .    .    .  <=================>   . QU002A1   23 1836 2017  182
   .    .    .    .    .    .    .    .    .    .    .    .    .    .    .    .  <=================>   . QU002B1   24 1839 2017  179
   .    .    .    .    .    .    .    .    .    .    .    .    .    .    .    .    <===============>   . QU004A1   25 1855 2017  163
   .    .    .    .    .    .    .    .    .    .    .    .    .    .    .    .    <===============>   . QU004B1   26 1850 2017  168
   .    .    .    .    .    .    .    .    .    .    .    .    .    .    .    .   <================>   . QU013A1   27 1846 2017  172
   .    .    .    .    .    .    .    .    .    .    .    .    .    .    .    .    .<==============>   . QU015A1   28 1862 2017  156
   .    .    .    .    .    .    .    .    .    .    .    .    .    .    .    .   <================>   . QU015B1   29 1849 2017  169
   .    .    .    .    .    .    .    .    .    .    .    .    .    .    .    .    .<==============>   . QU035A1   30 1865 2017  153
   .    .    .    .    .    .    .    .    .    .    .    .    .    .    .    .    . <=============>   . QU035B1   31 1870 2017  148
   .    .    .    .    .    .    .    .    .    .    .    .    .    .    .    .    .<==============>   . QU1498E1  32 1860 2017  158
   :    :    :    :    :    :    :    :    :    :    :    :    :    :    :    :    :    :    :    :    :
 1050 1100 1150 1200 1250 1300 1350 1400 1450 1500 1550 1600 1650 1700 1750 1800 1850 1900 1950 2000 2050
PART 3:  Master Dating Series: oak2                                                                18:37  Thu 27 Jul 2017  Page   3
------------------------------------------------------------------------------------------------------------------------------------
  Year  Value  No Ab    Year  Value  No Ab    Year  Value  No Ab    Year  Value  No Ab    Year  Value  No Ab    Year  Value  No Ab
  ------------------    ------------------    ------------------    ------------------    ------------------    ------------------
                        1850  -.513  10       1900  -.198  22       1950   .164  31       2000   .618  32
                        1851  1.165  10       1901  -.565  22       1951  1.188  31       2001  -.948  32
                        1852  -.687  10       1902  1.844  22       1952  -.555  31       2002  -.405  32
                        1853   .196  11       1903  1.430  22       1953   .580  31       2003  -.244  32
                        1854   .397  12       1904   .847  22       1954  -.338  31       2004   .598  32
                        1855   .429  14       1905   .845  22       1955   .227  31       2005  -.999  32
                        1856  -.377  14       1906  -.126  22       1956 -1.894  31       2006  -.013  32
                        1857   .640  14       1907   .539  22       1957  -.290  31       2007 -1.136  32
                        1858   .494  14       1908   .876  22       1958  1.250  31       2008  1.129  32
                        1859   .001  14       1909   .387  22       1959   .509  31       2009   .105  32

                        1860  1.032  16       1910 -2.001  22       1960   .829  31       2010   .776  32
                        1861   .428  17       1911 -2.015  22       1961  1.014  31       2011  1.068  32
                        1862  1.230  18       1912   .788  22       1962   .454  31       2012 -1.902  32
                        1863 -2.394  18       1913   .345  22       1963   .197  31       2013   .806  32
                        1864   .566  18       1914  -.134  22       1964   .317  31       2014   .556  32
                        1865  -.482  19       1915  1.333  22       1965   .730  31       2015   .602  32
                        1866   .063  19       1916  1.809  22       1966  -.617  31       2016   .426  32
                        1867  -.512  19       1917   .786  23       1967  -.082  31       2017 -1.929  32
                        1868  -.691  19       1918  -.806  23       1968   .731  31
                        1869   .607  19       1919 -2.015  23       1969  1.630  31

                        1870  -.910  20       1920 -1.509  23       1970   .683  31
                        1871 -1.798  20       1921 -1.176  23       1971  -.479  31
                        1872  -.862  20       1922  -.200  23       1972  -.117  31
                        1873 -1.104  20       1923  -.825  23       1973  -.156  31
                        1874 -1.992  20       1924   .025  23       1974 -1.881  31
                        1875   .626  20       1925  -.464  24       1975  -.128  31
                        1876   .604  20       1926   .315  24       1976 -1.019  31
                        1877   .817  20       1927   .630  25       1977 -1.582  31
                        1878   .349  20       1928  1.283  25       1978  1.020  31
                        1879   .965  20       1929   .433  25       1979   .453  31

                        1880   .958  20       1930  -.115  27       1980  1.653  31
                        1881  1.185  20       1931  -.489  28       1981 -1.350  31
                        1882  1.088  20       1932   .929  29       1982 -1.084  31
                        1883   .636  20       1933   .412  29       1983   .328  31
                        1884   .839  21       1934  -.897  29       1984  -.718  31
                        1885   .760  21       1935  1.580  30       1985  -.416  31
  1836 -1.964   1       1886  -.119  21       1936 -1.080  30       1986   .880  31
  1837   .443   2       1887  -.917  22       1937   .809  30       1987   .590  32
  1838 -2.659   2       1888 -1.890  22       1938  1.386  30       1988 -1.320  32
  1839 -1.080   3       1889   .998  22       1939 -1.588  30       1989  -.073  32

  1840   .732   3       1890   .548  22       1940 -1.046  30       1990  1.281  32
  1841   .445   3       1891   .381  22       1941   .654  30       1991  -.050  32
  1842  1.049   3       1892   .308  22       1942   .508  30       1992  -.566  32
  1843 -2.235   3       1893 -1.134  22       1943   .266  31       1993  1.974  32
  1844  1.792   3       1894 -2.576  22       1944  -.405  31       1994  -.091  32
  1845   .862   4       1895 -2.224  22       1945   .699  31       1995  -.205  32
  1846  1.158   5       1896  -.054  22       1946  -.896  31       1996  -.117  32
  1847  -.439   6       1897   .091  22       1947   .228  31       1997  -.113  32
  1848  -.319   6       1898  -.027  22       1948 -1.362  31       1998   .874  32
  1849  -.075   8       1899  -.027  22       1949 -1.042  31       1999   .727  32
------------------------------------------------------------------------------------------------------------------------------------
PART 4:  Master Bar Plot: oak2                                                                     18:37  Thu 27 Jul 2017  Page   4
------------------------------------------------------------------------------------------------------------------------------------
   Year Rel value  Year Rel value  Year Rel value  Year Rel value  Year Rel value  Year Rel value  Year Rel value  Year Rel value
                   1850---b        1900----a       1950-----A      2000-------B
                   1851---------E  1901--b         1951---------E  2001-d
                   1852--c         1902----------G 1952--b         2002---b
                   1853-----A      1903----------F 1953-------B    2003----a
                   1854------B     1904--------C   1954---a        2004-------B
                   1855------B     1905--------C   1955-----A      2005-d
                   1856---b        1906----a       1956h           2006----@
                   1857-------C    1907-------B    1957---a        2007-e
                   1858------B     1908--------D   1958----------E 2008---------E
                   1859----@       1909------B     1959------B     2009-----@
                   1860---------D  1910h           1960--------C   2010--------C
                   1861------B     1911h           1961---------D  2011---------D
                   1862----------E 1912--------C   1962------B     2012h
                   1863j           1913------A     1963-----A      2013--------C
                   1864-------B    1914----a       1964------A     2014-------B
                   1865---b        1915----------E 1965--------C   2015-------B
                   1866-----@      1916----------G 1966--b         2016------B
                   1867---b        1917--------C   1967----@       2017h
                   1868--c         1918--c         1968--------C
                   1869-------B    1919h           1969----------G
                   1870--d         1920-f          1970-------C
                   1871g           1921-e          1971---b
                   1872--c         1922----a       1972----@
                   1873-d          1923--c         1973----a
                   1874h           1924----@       1974h
                   1875-------C    1925---b        1975----a
                   1876-------B    1926-----A      1976-d
                   1877--------C   1927-------C    1977f
                   1878------A     1928----------E 1978---------D
                   1879---------D  1929------B     1979------B
                   1880---------D  1930----@       1980----------G
                   1881---------E  1931---b        1981-e
                   1882---------D  1932---------D  1982-d
                   1883-------C    1933------B     1983------A
                   1884--------C   1934--d         1984--c
                   1885--------C   1935----------F 1985---b
   1836h           1886----@       1936-d          1986--------D
   1837------B     1887-d          1937--------C   1987-------B
   1838k           1888h           1938----------F 1988-e
   1839-d          1889---------D  1939f           1989----@
   1840--------C   1890-------B    1940-d          1990----------E
   1841------B     1891------B     1941-------C    1991----@
   1842---------D  1892-----A      1942------B     1992--b
   1843i           1893-e          1943-----A      1993----------H
   1844----------G 1894j           1944---b        1994----@
   1845--------C   1895i           1945--------C   1995----a
   1846---------E  1896----@       1946--d         1996----@
   1847---b        1897-----@      1947-----A      1997----@
   1848---a        1898----@       1948-e          1998--------C
   1849----@       1899----@       1949-d          1999--------C
PART 5:  CORRELATION OF SERIES BY SEGMENTS: oak2                                                   18:37  Thu 27 Jul 2017  Page   5
------------------------------------------------------------------------------------------------------------------------------------
 Correlations of  50-year dated segments, lagged  25 years
 Flags:  A = correlation under   .3281 but highest as dated;  B = correlation higher at other than dated position

 Seq Series  Time_span   1825 1850 1875 1900 1925 1950 1975
                         1874 1899 1924 1949 1974 1999 2024
 --- -------- ---------  ---- ---- ---- ---- ---- ---- ---- ---- ---- ---- ---- ---- ---- ---- ---- ---- ---- ---- ---- ----
   1 QU024B1  1925 2017                       .46  .52  .66
   2 QU1482E1 1884 2017             .60  .59  .41  .52  .64
   3 QU1482N1 1887 2017             .61  .67  .52  .67  .83
   4 QU1488N1 1917 2017                  .49  .53  .59  .61
   5 QU1491N1 1837 2017   .44  .46  .68  .65  .58  .63  .62
   6 QU1411N1 1861 2017        .79  .78  .68  .60  .58  .71
   7 QU1427E1 1845 2017   .64  .69  .73  .68  .66  .79  .72
   8 QU1427N1 1850 2017        .76  .84  .76  .71  .68  .65
   9 QU1433E1 1855 2017        .80  .83  .81  .72  .70  .73
  10 QU1433N3 1860 2017        .72  .74  .78  .72  .68  .75
  11 QU1436N1 1854 2017        .56  .80  .77  .63  .67  .73
  12 QU1436W1 1849 2017   .55  .56  .81  .72  .53  .40  .57
  13 QU1440E1 1847 2017   .41  .45  .53  .66  .56  .55  .74
  14 QU1440N1 1853 2017        .54  .64  .69  .69  .69  .75
  15 QU1442E1 1930 2017                       .64  .59  .60
  16 QU1442W1 1932 2017                       .60  .71  .67
  17 QU1444N1 1930 2017                       .64  .56  .48
  18 QU1444S1 1935 2017                       .59  .57  .64
  19 QU1446S1 1987 2017                                 .67
  20 QU1446W1 1943 2017                       .59  .71  .77
  21 QU1470E1 1931 2017                       .72  .60  .65
  22 QU1470N1 1927 2017                       .71  .59  .62
  23 QU002A1  1836 2017   .81  .85  .80  .71  .70  .76  .77
  24 QU002B1  1839 2017   .72  .83  .83  .77  .75  .79  .83
  25 QU004A1  1855 2017        .79  .82  .80  .76  .78  .84
  26 QU004B1  1850 2017        .75  .83  .84  .75  .78  .80
  27 QU013A1  1846 2017   .52  .49  .53  .69  .67  .67  .71
  28 QU015A1  1862 2017        .74  .74  .72  .48  .45  .52
  29 QU015B1  1849 2017   .72  .72  .77  .73  .58  .58  .56
  30 QU035A1  1865 2017        .71  .78  .84  .83  .77  .77
  31 QU035B1  1870 2017        .78  .80  .75  .69  .74  .75
  32 QU1498E1 1860 2017        .61  .71  .78  .70  .52  .55
 Av segment correlation   .60  .68  .74  .72  .64  .64  .69
PART 6:  POTENTIAL PROBLEMS: oak2                                                                  18:37  Thu 27 Jul 2017  Page   5
------------------------------------------------------------------------------------------------------------------------------------

 For each series with potential problems the following diagnostics may appear:

 [A] Correlations with master dating series of flagged  50-year segments of series filtered with  32-year spline,
     at every point from ten years earlier (-10) to ten years later (+10) than dated

 [B] Effect of those data values which most lower or raise correlation with master series
     Symbol following year indicates value in series is greater (>) or lesser (<) than master series value

 [C] Year-to-year changes very different from the mean change in other series

 [D] Absent rings (zero values)

 [E] Values which are statistical outliers from mean for the year
====================================================================================================================================

 QU024B1   1925 to  2017      93 years                                                                                    Series   1

 [B] Entire series, effect on correlation (  .578) is:
       Lower   1939> -.046   1982> -.022   1956> -.021   1966> -.009   1945< -.008   1963< -.008  Higher   2012  .046   1936  .016

 [E] Outliers     2   3.0 SD above or -4.5 SD below mean for year
       1939 +3.0 SD;    1982 +3.8 SD
====================================================================================================================================

 QU1482E1  1884 to  2017     134 years                                                                                    Series   2

 [B] Entire series, effect on correlation (  .563) is:
       Lower   1956> -.022   1994< -.018   1907< -.016   1939> -.016   1928< -.010   1951< -.010  Higher   2012  .023   1910  .021

 [E] Outliers     1   3.0 SD above or -4.5 SD below mean for year
       1989 +3.7 SD
====================================================================================================================================

 QU1482N1  1887 to  2017     131 years                                                                                    Series   3

 [B] Entire series, effect on correlation (  .654) is:
       Lower   1951< -.018   1889< -.017   1963< -.015   1956> -.015   1907< -.013   1939> -.013  Higher   1974  .013   1910  .013

====================================================================================================================================

 QU1488N1  1917 to  2017     101 years                                                                                    Series   4

 [B] Entire series, effect on correlation (  .559) is:
       Lower   1938< -.037   1939> -.026   1982> -.024   1981> -.023   1952> -.012   1943< -.009  Higher   1974  .024   2017  .017

 [E] Outliers     1   3.0 SD above or -4.5 SD below mean for year
       1982 +4.3 SD
====================================================================================================================================

 QU1491N1  1837 to  2017     181 years                                                                                    Series   5

 [B] Entire series, effect on correlation (  .588) is:
       Lower   1965< -.020   1878< -.019   1871> -.013   1938< -.011   1874> -.010   1870> -.009  Higher   1863  .019   1838  .014

 [E] Outliers     2   3.0 SD above or -4.5 SD below mean for year
       1871 +3.3 SD;    1990 +3.4 SD
====================================================================================================================================

 QU1411N1  1861 to  2017     157 years                                                                                    Series   6

 [B] Entire series, effect on correlation (  .666) is:
       Lower   1952< -.024   2009> -.008   1916< -.006   1913< -.006   1959< -.006   1926< -.006  Higher   1894  .009   1993  .007

 [E] Outliers     1   3.0 SD above or -4.5 SD below mean for year
       2009 +3.1 SD
====================================================================================================================================

 QU1427E1  1845 to  2017     173 years                                                                                    Series   7

 [B] Entire series, effect on correlation (  .685) is:
       Lower   1894> -.026   1936> -.013   1847< -.012   1976> -.010   2001> -.009   1946> -.009  Higher   1863  .024   2017  .010

 [E] Outliers     1   3.0 SD above or -4.5 SD below mean for year
       1894 +3.5 SD
====================================================================================================================================

 QU1427N1  1850 to  2017     168 years                                                                                    Series   8

 [B] Entire series, effect on correlation (  .717) is:
       Lower   2012> -.015   1871< -.010   1970< -.007   1956> -.006   1922< -.006   2009> -.005  Higher   1939  .011   2017  .010

====================================================================================================================================

 QU1433E1  1855 to  2017     163 years                                                                                    Series   9

 [B] Entire series, effect on correlation (  .778) is:
       Lower   1974> -.011   1964< -.009   1870> -.007   1948< -.005   1996> -.004   1972> -.004  Higher   1863  .015   1939  .009

====================================================================================================================================

 QU1433N3  1860 to  2017     158 years                                                                                    Series  10

 [B] Entire series, effect on correlation (  .749) is:
       Lower   1934> -.009   1974> -.009   1975< -.009   1897< -.008   1876< -.007   1910> -.005  Higher   2012  .013   1981  .008

====================================================================================================================================

 QU1436N1  1854 to  2017     164 years                                                                                    Series  11

 [B] Entire series, effect on correlation (  .652) is:
       Lower   1870< -.020   1874> -.016   1956> -.010   1856> -.009   2000< -.008   1855< -.007  Higher   2012  .012   1981  .009

 [E] Outliers     1   3.0 SD above or -4.5 SD below mean for year
       1871 -5.1 SD
====================================================================================================================================

 QU1436W1  1849 to  2017     169 years                                                                                    Series  12

 [B] Entire series, effect on correlation (  .586) is:
       Lower   1994> -.027   1863> -.018   1954> -.011   1860< -.010   1974> -.009   1998< -.009  Higher   1939  .016   1981  .015

 [E] Outliers     2   3.0 SD above or -4.5 SD below mean for year
       1954 +3.4 SD;    1994 +4.4 SD
====================================================================================================================================

 QU1440E1  1847 to  2017     171 years                                                                                    Series  13

 [B] Entire series, effect on correlation (  .575) is:
       Lower   1956> -.018   1847> -.012   1888> -.012   1987< -.008   1952> -.008   1896< -.007  Higher   2017  .014   1981  .012

 [E] Outliers     1   3.0 SD above or -4.5 SD below mean for year
       1939 -6.4 SD
====================================================================================================================================

 QU1440N1  1853 to  2017     165 years                                                                                    Series  14

 [B] Entire series, effect on correlation (  .647) is:
       Lower   1853< -.016   1995< -.013   1863> -.012   1961< -.011   1952> -.009   1938< -.008  Higher   1939  .012   1981  .010

====================================================================================================================================

 QU1442E1  1930 to  2017      88 years                                                                                    Series  15

 [B] Entire series, effect on correlation (  .588) is:
       Lower   1981> -.026   1950< -.017   1953< -.015   1934> -.014   2011< -.014   2000< -.013  Higher   2017  .030   1974  .021

 [E] Outliers     1   3.0 SD above or -4.5 SD below mean for year
       2008 +3.2 SD
====================================================================================================================================

 QU1442W1  1932 to  2017      86 years                                                                                    Series  16

 [B] Entire series, effect on correlation (  .598) is:
       Lower   1939> -.050   2011< -.019   1932< -.018   2000< -.014   1944> -.013   1953< -.010  Higher   1956  .030   2017  .024

====================================================================================================================================

 QU1444N1  1930 to  2017      88 years                                                                                    Series  17

 [B] Entire series, effect on correlation (  .564) is:
       Lower   1981> -.031   2001< -.018   1994> -.013   1968< -.010   1946< -.010   2012> -.008  Higher   1936  .017   1956  .014

====================================================================================================================================

 QU1444S1  1935 to  2017      83 years                                                                                    Series  18

 [B] Entire series, effect on correlation (  .591) is:
       Lower   1949< -.027   1950< -.020   1992< -.016   1939> -.016   2011< -.015   1994> -.013  Higher   2012  .032   1974  .018

====================================================================================================================================

 QU1446S1  1987 to  2017      31 years                                                                                    Series  19

 [B] Entire series, effect on correlation (  .669) is:
       Lower   2008< -.045   1996< -.039   1990< -.021   2012> -.017   1988> -.010   1987> -.008  Higher   2017  .081   1993  .021

====================================================================================================================================

 QU1446W1  1943 to  2017      75 years                                                                                    Series  20

 [B] Entire series, effect on correlation (  .692) is:
       Lower   1948> -.027   1949> -.018   1982> -.017   1961< -.012   2001> -.011   1955< -.010  Higher   2012  .040   2017  .026

 [E] Outliers     1   3.0 SD above or -4.5 SD below mean for year
       1948 +3.5 SD
====================================================================================================================================

 QU1470E1  1931 to  2017      87 years                                                                                    Series  21

 [B] Entire series, effect on correlation (  .671) is:
       Lower   1994> -.032   1957< -.014   1981> -.014   1990< -.012   1948> -.011   1939> -.010  Higher   1956  .026   2012  .025

 [E] Outliers     1   3.0 SD above or -4.5 SD below mean for year
       1994 +3.5 SD
====================================================================================================================================

 QU1470N1  1927 to  2017      91 years                                                                                    Series  22

 [B] Entire series, effect on correlation (  .634) is:
       Lower   1981> -.023   1990< -.017   2008< -.011   1994> -.010   1999< -.010   1948> -.009  Higher   1956  .029   1974  .019

====================================================================================================================================

 QU002A1   1836 to  2017     182 years                                                                                    Series  23

 [*] Early part of series cannot be checked from 1836 to 1836 -- not matched by another series

 [B] Entire series, effect on correlation (  .771) is:
       Lower   1843> -.012   1939> -.010   1996< -.010   1918> -.004   1981> -.004   2006> -.004  Higher   1863  .015   2012  .009

====================================================================================================================================

 QU002B1   1839 to  2017     179 years                                                                                    Series  24

 [B] Entire series, effect on correlation (  .752) is:
       Lower   1843< -.019   1963< -.009   1848> -.007   2017> -.006   1924> -.005   1859> -.004  Higher   1863  .008   1874  .005

====================================================================================================================================

 QU004A1   1855 to  2017     163 years                                                                                    Series  25

 [B] Entire series, effect on correlation (  .795) is:
       Lower   1954< -.013   1981> -.008   1871> -.008   1942< -.006   1886> -.006   2009> -.005  Higher   1863  .015   2012  .010

====================================================================================================================================

 QU004B1   1850 to  2017     168 years                                                                                    Series  26

 [B] Entire series, effect on correlation (  .767) is:
       Lower   1871> -.011   2006< -.011   1870> -.008   1850> -.007   1853< -.006   1867< -.005  Higher   1863  .018   1974  .007

====================================================================================================================================

 QU013A1   1846 to  2017     172 years                                                                                    Series  27

 [B] Entire series, effect on correlation (  .620) is:
       Lower   1888> -.014   1861< -.013   1977> -.009   1856< -.007   1895> -.007   2005> -.006  Higher   1939  .015   2012  .012

====================================================================================================================================

 QU015A1   1862 to  2017     156 years                                                                                    Series  28

 [B] Entire series, effect on correlation (  .621) is:
       Lower   1929< -.027   2009< -.014   1968< -.012   1976> -.009   1871> -.009   2005> -.008  Higher   1863  .026   1939  .014

 [E] Outliers     1   3.0 SD above or -4.5 SD below mean for year
       1990 +3.3 SD
====================================================================================================================================

 QU015B1   1849 to  2017     169 years                                                                                    Series  29

 [B] Entire series, effect on correlation (  .660) is:
       Lower   1929< -.015   1976> -.012   1871> -.008   1958< -.007   1974> -.007   1975< -.007  Higher   1863  .027   1939  .013

 [E] Outliers     1   3.0 SD above or -4.5 SD below mean for year
       2004 +3.4 SD
====================================================================================================================================

 QU035A1   1865 to  2017     153 years                                                                                    Series  30

 [B] Entire series, effect on correlation (  .767) is:
       Lower   1881< -.009   1939> -.008   1981> -.008   1985< -.007   1878> -.004   1880< -.004  Higher   1956  .010   1894  .009

====================================================================================================================================

 QU035B1   1870 to  2017     148 years                                                                                    Series  31

 [B] Entire series, effect on correlation (  .737) is:
       Lower   1939> -.009   2009< -.006   1881< -.006   1965< -.005   1963< -.004   1996< -.004  Higher   2012  .014   1894  .012

====================================================================================================================================

 QU1498E1  1860 to  2017     158 years                                                                                    Series  32

 [B] Entire series, effect on correlation (  .627) is:
       Lower   1981< -.017   1862< -.010   1974> -.010   2001> -.010   1878< -.008   1958< -.008  Higher   1910  .013   1894  .010

 [E] Outliers     1   3.0 SD above or -4.5 SD below mean for year
       1981 -5.4 SD
====================================================================================================================================

 [*] All segments correlate highest as dated with correlation with master series over   .3281
PART 7:  DESCRIPTIVE STATISTICS: oak2                                                              18:37  Thu 27 Jul 2017  Page   6
------------------------------------------------------------------------------------------------------------------------------------

                                                Corr   //-------- Unfiltered --------\\  //---- Filtered -----\\
                           No.    No.    No.    with   Mean   Max     Std   Auto   Mean   Max     Std   Auto  AR
 Seq Series   Interval   Years  Segmt  Flags   Master  msmt   msmt    dev   corr   sens  value    dev   corr  ()
 --- -------- ---------  -----  -----  -----   ------ -----  -----  -----  -----  -----  -----  -----  -----  --
   1 QU024B1  1925 2017     93      3      0    .578   2.53   4.59   .763   .610   .226   2.60   .393  -.035   1
   2 QU1482E1 1884 2017    134      5      0    .563   2.04   5.11   .886   .741   .233   2.83   .472  -.031   1
   3 QU1482N1 1887 2017    131      5      0    .654   1.91   5.28   .839   .712   .232   2.90   .537   .003   1
   4 QU1488N1 1917 2017    101      4      0    .559   2.41   5.25  1.304   .856   .221   2.65   .448  -.001   1
   5 QU1491N1 1837 2017    181      7      0    .588   1.68   3.93   .812   .824   .204   2.95   .448  -.016   1
   6 QU1411N1 1861 2017    157      6      0    .666   1.41   4.59   .582   .742   .209   2.49   .343  -.039   2
   7 QU1427E1 1845 2017    173      7      0    .685   1.28   3.43   .547   .764   .214   2.68   .461   .008   1
   8 QU1427N1 1850 2017    168      6      0    .717   1.33   4.21   .626   .656   .261   3.09   .426  -.009   1
   9 QU1433E1 1855 2017    163      6      0    .778   1.74   3.70   .621   .698   .214   2.69   .515   .008   1
  10 QU1433N3 1860 2017    158      6      0    .749   1.73   3.22   .576   .706   .208   2.59   .429  -.016   2
  11 QU1436N1 1854 2017    164      6      0    .652   1.25   3.34   .502   .669   .247   2.69   .419   .081   1
  12 QU1436W1 1849 2017    169      7      0    .586   1.19   2.84   .472   .701   .219   3.00   .455   .046   1
  13 QU1440E1 1847 2017    171      7      0    .575   1.29   2.68   .605   .810   .233   2.42   .321   .004   1
  14 QU1440N1 1853 2017    165      6      0    .647   1.32   4.08   .579   .760   .226   2.88   .433   .023   1
  15 QU1442E1 1930 2017     88      3      0    .588   1.96   4.89   .855   .858   .153   2.99   .455   .007   1
  16 QU1442W1 1932 2017     86      3      0    .598   2.11   3.80   .678   .670   .194   2.92   .674   .017   1
  17 QU1444N1 1930 2017     88      3      0    .564   1.73   5.73   .957   .872   .146   2.63   .449  -.110   1
  18 QU1444S1 1935 2017     83      3      0    .591   2.08   4.94   .771   .795   .198   2.53   .525   .029   1
  19 QU1446S1 1987 2017     31      1      0    .669   4.50   9.48  2.087   .740   .184   2.65   .620  -.060   1
  20 QU1446W1 1943 2017     75      3      0    .692   2.29   5.58   .907   .859   .157   2.88   .514  -.033   2
  21 QU1470E1 1931 2017     87      3      0    .671   2.32   5.00   .738   .524   .221   2.81   .596   .022   1
  22 QU1470N1 1927 2017     91      3      0    .634   2.43   4.43   .636   .491   .202   2.66   .473   .020   1
  23 QU002A1  1836 2017    182      7      0    .771   1.53   3.16   .465   .302   .274   2.78   .453  -.009   1
  24 QU002B1  1839 2017    179      7      0    .752   1.58   3.31   .502   .229   .297   2.62   .421   .031   1
  25 QU004A1  1855 2017    163      6      0    .795   1.72   2.96   .486   .467   .226   2.59   .502   .017   1
  26 QU004B1  1850 2017    168      6      0    .767   1.50   3.66   .461   .542   .228   2.62   .424   .069   1
  27 QU013A1  1846 2017    172      7      0    .620   1.86   4.51  1.077   .869   .222   2.66   .418   .022   1
  28 QU015A1  1862 2017    156      6      0    .621   1.29   3.79   .479   .546   .208   3.05   .448   .006   1
  29 QU015B1  1849 2017    169      7      0    .660   1.38   3.95   .659   .803   .220   2.86   .377   .033   1
  30 QU035A1  1865 2017    153      6      0    .767   2.26   4.75   .848   .379   .314   2.76   .489   .040   2
  31 QU035B1  1870 2017    148      6      0    .737   1.87   4.42   .716   .592   .269   2.68   .493  -.036   1
  32 QU1498E1 1860 2017    158      6      0    .627   2.22   4.30   .671   .670   .184   2.46   .306   .051   3
 --- -------- ---------  -----  -----  -----   ------ -----  -----  -----  -----  -----  -----  -----  -----  --
 Total or mean:           4405    167      0    .668   1.73   9.48   .682   .658   .226   3.09   .448   .009

                                              - = [  COFECHA OAK2 COF  ] = -
