[]  Dendrochronology Program Library                                        Run OAK3   Program COF  18:42  Thu 27 Jul 2017  Page   1
[]
[]  P R O G R A M      C O F E C H A                                                                          Version 6.06P    30160
------------------------------------------------------------------------------------------------------------------------------------

 QUALITY CONTROL AND DATING CHECK OF TREE-RING MEASUREMENTS

 Title of run:           oak3                                    

 File of DATED series:   oaks_happy2_trw.rwl

 CONTENTS:

    Part 1:  Title page, options selected, summary, absent rings by series
    Part 2:  Histogram of time spans
    Part 3:  Master series with sample depth and absent rings by year
    Part 4:  Bar plot of Master Dating Series
    Part 5:  Correlation by segment of each series with Master
    Part 6:  Potential problems: low correlation, divergent year-to-year changes, absent rings, outliers
    Part 7:  Descriptive statistics

 RUN CONTROL OPTIONS SELECTED                             VALUE

         1  Cubic smoothing spline 50% wavelength cutoff for filtering
                                                            32 years
         2  Segments examined are                           50 years lagged successively by  25 years
         3  Autoregressive model applied                     A  Residuals are used in master dating series and testing
         4  Series transformed to logarithms                 Y  Each series log-transformed for master dating series and testing
         5  CORRELATION is Pearson (parametric, quantitative)
            Critical correlation, 99% confidence level   .3281
         6  Master dating series saved                       N
         7  Ring measurements listed                         N
         8  Parts printed                              1234567 
         9  Absent rings are omitted from master series and segment correlations  (Y)

 Time span of Master dating series is  1836 to  2017   182 years
 Continuous time span is               1836 to  2017   182 years
 Portion with two or more series is    1839 to  2017   179 years


                                        ****************************************
                                        *C* Number of dated series         9 *C*
                                        *O* Master series 1836 2017  182 yrs *O*
                                        *F* Total rings in all series   1482 *F*
                                        *E* Total dated rings checked   1479 *E*
                                        *C* Series intercorrelation     .766 *C*
                                        *H* Average mean sensitivity    .255 *H*
                                        *A* Segments, possible problems    0 *A*
                                        *** Mean length of series      164.7 ***
                                        ****************************************

 ABSENT RINGS listed by SERIES:            (See Master Dating Series for absent rings listed by year)

               No ring measurements of zero value
PART 2:  TIME PLOT OF TREE-RING SERIES: oak3                                                       18:42  Thu 27 Jul 2017  Page   2
------------------------------------------------------------------------------------------------------------------------------------
 1050 1100 1150 1200 1250 1300 1350 1400 1450 1500 1550 1600 1650 1700 1750 1800 1850 1900 1950 2000 2050 Ident   Seq Time-span  Yrs
   :    :    :    :    :    :    :    :    :    :    :    :    :    :    :    :    :    :    :    :    : -------- --- ---- ---- ----
   .    .    .    .    .    .    .    .    .    .    .    .    .    .    .    .    <===============>   . QU1427N1   1 1850 2017  168
   .    .    .    .    .    .    .    .    .    .    .    .    .    .    .    .    <===============>   . QU1433E1   2 1855 2017  163
   .    .    .    .    .    .    .    .    .    .    .    .    .    .    .    .    .<==============>   . QU1433N3   3 1860 2017  158
   .    .    .    .    .    .    .    .    .    .    .    .    .    .    .    .  <=================>   . QU002A1    4 1836 2017  182
   .    .    .    .    .    .    .    .    .    .    .    .    .    .    .    .  <=================>   . QU002B1    5 1839 2017  179
   .    .    .    .    .    .    .    .    .    .    .    .    .    .    .    .    <===============>   . QU004A1    6 1855 2017  163
   .    .    .    .    .    .    .    .    .    .    .    .    .    .    .    .    <===============>   . QU004B1    7 1850 2017  168
   .    .    .    .    .    .    .    .    .    .    .    .    .    .    .    .    .<==============>   . QU035A1    8 1865 2017  153
   .    .    .    .    .    .    .    .    .    .    .    .    .    .    .    .    . <=============>   . QU035B1    9 1870 2017  148
   :    :    :    :    :    :    :    :    :    :    :    :    :    :    :    :    :    :    :    :    :
 1050 1100 1150 1200 1250 1300 1350 1400 1450 1500 1550 1600 1650 1700 1750 1800 1850 1900 1950 2000 2050
PART 3:  Master Dating Series: oak3                                                                18:42  Thu 27 Jul 2017  Page   3
------------------------------------------------------------------------------------------------------------------------------------
  Year  Value  No Ab    Year  Value  No Ab    Year  Value  No Ab    Year  Value  No Ab    Year  Value  No Ab    Year  Value  No Ab
  ------------------    ------------------    ------------------    ------------------    ------------------    ------------------
                        1850  -.387   4       1900  -.205   9       1950   .942   9       2000  1.115   9
                        1851  1.880   4       1901  -.644   9       1951  1.736   9       2001  -.815   9
                        1852  -.674   4       1902  1.935   9       1952 -1.079   9       2002  -.686   9
                        1853  -.078   4       1903  1.221   9       1953   .540   9       2003  -.092   9
                        1854   .590   4       1904   .377   9       1954  -.644   9       2004   .377   9
                        1855   .544   6       1905   .357   9       1955   .473   9       2005 -1.036   9
                        1856  -.634   6       1906  -.355   9       1956 -2.347   9       2006  -.061   9
                        1857   .333   6       1907  1.042   9       1957  -.246   9       2007  -.804   9
                        1858   .519   6       1908   .804   9       1958  1.848   9       2008  1.511   9
                        1859   .444   6       1909   .237   9       1959   .417   9       2009   .280   9

                        1860  1.103   7       1910 -1.582   9       1960   .188   9       2010  1.156   9
                        1861   .383   7       1911 -1.636   9       1961   .967   9       2011  1.094   9
                        1862  1.340   7       1912   .699   9       1962   .223   9       2012 -2.107   9
                        1863 -2.523   7       1913  -.028   9       1963  -.236   9       2013   .594   9
                        1864   .173   7       1914  -.170   9       1964  -.155   9       2014   .066   9
                        1865  -.638   8       1915  1.294   9       1965   .208   9       2015   .220   9
                        1866   .231   8       1916  1.903   9       1966  -.553   9       2016   .369   9
                        1867  -.763   8       1917   .862   9       1967   .371   9       2017 -1.526   9
                        1868  -.868   8       1918  -.371   9       1968   .821   9
                        1869   .530   8       1919 -1.568   9       1969  1.584   9

                        1870  -.531   9       1920 -1.409   9       1970   .501   9
                        1871 -1.432   9       1921 -1.002   9       1971  -.228   9
                        1872  -.988   9       1922  -.387   9       1972   .166   9
                        1873  -.938   9       1923  -.779   9       1973   .189   9
                        1874 -2.018   9       1924   .663   9       1974 -1.454   9
                        1875   .690   9       1925  -.407   9       1975   .093   9
                        1876   .644   9       1926   .149   9       1976  -.806   9
                        1877   .742   9       1927   .506   9       1977 -1.692   9
                        1878   .564   9       1928  1.107   9       1978  1.157   9
                        1879   .512   9       1929   .986   9       1979   .223   9

                        1880   .383   9       1930   .014   9       1980  1.694   9
                        1881   .718   9       1931  -.522   9       1981 -1.155   9
                        1882  1.024   9       1932  1.229   9       1982  -.872   9
                        1883   .588   9       1933   .282   9       1983   .238   9
                        1884   .639   9       1934 -1.178   9       1984  -.824   9
                        1885   .808   9       1935  1.432   9       1985  -.834   9
  1836 -1.673   1       1886   .042   9       1936 -1.472   9       1986   .443   9
  1837   .247   1       1887  -.845   9       1937   .259   9       1987   .649   9
  1838 -2.366   1       1888 -2.045   9       1938  1.548   9       1988 -1.628   9
  1839  -.737   2       1889  1.005   9       1939 -1.507   9       1989  -.004   9

  1840   .638   2       1890   .444   9       1940 -1.520   9       1990  1.233   9
  1841   .109   2       1891   .435   9       1941   .320   9       1991   .056   9
  1842   .855   2       1892   .792   9       1942  -.258   9       1992  -.408   9
  1843 -2.558   2       1893  -.573   9       1943   .131   9       1993  1.842   9
  1844  1.422   2       1894 -2.624   9       1944  -.528   9       1994  -.702   9
  1845   .847   2       1895 -2.734   9       1945  1.167   9       1995  -.404   9
  1846   .456   2       1896   .284   9       1946  -.258   9       1996  -.175   9
  1847  -.988   2       1897   .110   9       1947   .730   9       1997   .093   9
  1848   .778   2       1898   .304   9       1948 -1.218   9       1998   .575   9
  1849  -.528   2       1899   .187   9       1949  -.061   9       1999   .940   9
------------------------------------------------------------------------------------------------------------------------------------
PART 4:  Master Bar Plot: oak3                                                                     18:42  Thu 27 Jul 2017  Page   4
------------------------------------------------------------------------------------------------------------------------------------
   Year Rel value  Year Rel value  Year Rel value  Year Rel value  Year Rel value  Year Rel value  Year Rel value  Year Rel value
                   1850---b        1900----a       1950---------D  2000---------D
                   1851----------H 1901--c         1951----------G 2001--c
                   1852--c         1902----------H 1952-d          2002--c
                   1853----@       1903---------E  1953-------B    2003----@
                   1854-------B    1904------B     1954--c         2004------B
                   1855-------B    1905------A     1955-------B    2005-d
                   1856--c         1906---a        1956i           2006----@
                   1857------A     1907---------D  1957---a        2007--c
                   1858-------B    1908--------C   1958----------G 2008----------F
                   1859------B     1909-----A      1959------B     2009------A
                   1860---------D  1910f           1960-----A      2010---------E
                   1861------B     1911g           1961---------D  2011---------D
                   1862----------E 1912--------C   1962-----A      2012h
                   1863j           1913----@       1963---a        2013-------B
                   1864-----A      1914----a       1964----a       2014-----@
                   1865--c         1915---------E  1965-----A      2015-----A
                   1866-----A      1916----------H 1966---b        2016------A
                   1867--c         1917--------C   1967------A     2017-f
                   1868--c         1918---a        1968--------C
                   1869-------B    1919f           1969----------F
                   1870---b        1920-f          1970-------B
                   1871-f          1921-d          1971---a
                   1872-d          1922---b        1972-----A
                   1873-d          1923--c         1973-----A
                   1874h           1924--------C   1974-f
                   1875--------C   1925---b        1975-----@
                   1876--------C   1926-----A      1976--c
                   1877--------C   1927-------B    1977g
                   1878-------B    1928---------D  1978---------E
                   1879-------B    1929---------D  1979-----A
                   1880------B     1930----@       1980----------G
                   1881--------C   1931---b        1981-e
                   1882---------D  1932---------E  1982--c
                   1883-------B    1933------A     1983-----A
                   1884--------C   1934-e          1984--c
                   1885--------C   1935----------F 1985--c
   1836g           1886----@       1936-f          1986------B
   1837-----A      1887--c         1937-----A      1987--------C
   1838i           1888h           1938----------F 1988g
   1839--c         1889---------D  1939-f          1989----@
   1840--------C   1890------B     1940-f          1990---------E
   1841-----@      1891------B     1941------A     1991----@
   1842--------C   1892--------C   1942---a        1992---b
   1843j           1893--b         1943-----A      1993----------G
   1844----------F 1894j           1944---b        1994--c
   1845--------C   1895k           1945---------E  1995---b
   1846-------B    1896------A     1946---a        1996----a
   1847-d          1897-----@      1947--------C   1997-----@
   1848--------C   1898------A     1948-e          1998-------B
   1849---b        1899-----A      1949----@       1999---------D
PART 5:  CORRELATION OF SERIES BY SEGMENTS: oak3                                                   18:42  Thu 27 Jul 2017  Page   5
------------------------------------------------------------------------------------------------------------------------------------
 Correlations of  50-year dated segments, lagged  25 years
 Flags:  A = correlation under   .3281 but highest as dated;  B = correlation higher at other than dated position

 Seq Series  Time_span   1825 1850 1875 1900 1925 1950 1975
                         1874 1899 1924 1949 1974 1999 2024
 --- -------- ---------  ---- ---- ---- ---- ---- ---- ---- ---- ---- ---- ---- ---- ---- ---- ---- ---- ---- ---- ---- ----
   1 QU1427N1 1850 2017        .65  .79  .78  .69  .62  .58
   2 QU1433E1 1855 2017        .74  .77  .75  .68  .66  .70
   3 QU1433N3 1860 2017        .68  .70  .73  .68  .63  .71
   4 QU002A1  1836 2017   .73  .86  .85  .78  .77  .79  .79
   5 QU002B1  1839 2017   .75  .85  .89  .85  .80  .82  .84
   6 QU004A1  1855 2017        .86  .89  .84  .81  .81  .84
   7 QU004B1  1850 2017        .80  .88  .90  .78  .73  .78
   8 QU035A1  1865 2017        .78  .84  .88  .86  .81  .79
   9 QU035B1  1870 2017        .81  .82  .80  .80  .82  .76
 Av segment correlation   .74  .78  .83  .81  .76  .74  .75
PART 6:  POTENTIAL PROBLEMS: oak3                                                                  18:42  Thu 27 Jul 2017  Page   5
------------------------------------------------------------------------------------------------------------------------------------

 For each series with potential problems the following diagnostics may appear:

 [A] Correlations with master dating series of flagged  50-year segments of series filtered with  32-year spline,
     at every point from ten years earlier (-10) to ten years later (+10) than dated

 [B] Effect of those data values which most lower or raise correlation with master series
     Symbol following year indicates value in series is greater (>) or lesser (<) than master series value

 [C] Year-to-year changes very different from the mean change in other series

 [D] Absent rings (zero values)

 [E] Values which are statistical outliers from mean for the year
====================================================================================================================================

 QU1427N1  1850 to  2017     168 years                                                                                    Series   1

 [B] Entire series, effect on correlation (  .660) is:
       Lower   1871< -.019   2012> -.017   1956> -.013   1852< -.008   1970< -.007   1988> -.007  Higher   1895  .010   1894  .010

 [E] Outliers     4   3.0 SD above or -4.5 SD below mean for year
       1871 -5.4 SD;    1956 +3.3 SD;    1993 +3.1 SD;    2012 +3.5 SD
====================================================================================================================================

 QU1433E1  1855 to  2017     163 years                                                                                    Series   2

 [B] Entire series, effect on correlation (  .727) is:
       Lower   1895> -.010   1859< -.010   1948< -.008   1974> -.007   1996> -.006   1964< -.005  Higher   1863  .018   2012  .009

 [E] Outliers     1   3.0 SD above or -4.5 SD below mean for year
       1972 +3.2 SD
====================================================================================================================================

 QU1433N3  1860 to  2017     158 years                                                                                    Series   3

 [B] Entire series, effect on correlation (  .705) is:
       Lower   1934> -.013   1975< -.010   1867> -.008   1876< -.008   1897< -.007   1878< -.006  Higher   2012  .014   1888  .008

 [E] Outliers     2   3.0 SD above or -4.5 SD below mean for year
       1868 +3.0 SD;    1934 +3.5 SD
====================================================================================================================================

 QU002A1   1836 to  2017     182 years                                                                                    Series   4

 [*] Early part of series cannot be checked from 1836 to 1838 -- not matched by another series

 [B] Entire series, effect on correlation (  .774) is:
       Lower   1843> -.037   1996< -.011   1939> -.009   1954> -.007   2006> -.006   1852> -.004  Higher   1863  .014   2012  .009

 [E] Outliers     2   3.0 SD above or -4.5 SD below mean for year
       1843 +5.1 SD;    2006 +3.8 SD
====================================================================================================================================

 QU002B1   1839 to  2017     179 years                                                                                    Series   5

 [B] Entire series, effect on correlation (  .797) is:
       Lower   1843< -.023   1963< -.008   1954> -.005   1932< -.004   2012> -.004   1873< -.003  Higher   1956  .008   1895  .005

 [E] Outliers     1   3.0 SD above or -4.5 SD below mean for year
       1843 -5.1 SD
====================================================================================================================================

 QU004A1   1855 to  2017     163 years                                                                                    Series   6

 [B] Entire series, effect on correlation (  .839) is:
       Lower   1954< -.012   1940> -.011   1871> -.006   1934< -.005   1996> -.005   2009> -.005  Higher   1863  .012   1894  .009

 [E] Outliers     1   3.0 SD above or -4.5 SD below mean for year
       1940 +3.5 SD
====================================================================================================================================

 QU004B1   1850 to  2017     168 years                                                                                    Series   7

 [B] Entire series, effect on correlation (  .794) is:
       Lower   2006< -.011   1871> -.010   1850> -.009   1956> -.007   1853< -.006   1988> -.006  Higher   1863  .015   1895  .009

 [E] Outliers     2   3.0 SD above or -4.5 SD below mean for year
       1850 +3.2 SD;    1871 +3.2 SD
====================================================================================================================================

 QU035A1   1865 to  2017     153 years                                                                                    Series   8

 [B] Entire series, effect on correlation (  .816) is:
       Lower   1939> -.007   1971< -.007   1881< -.007   1981> -.005   1874> -.004   1865> -.004  Higher   1956  .012   1894  .008

====================================================================================================================================

 QU035B1   1870 to  2017     148 years                                                                                    Series   9

 [B] Entire series, effect on correlation (  .784) is:
       Lower   2009< -.011   1939> -.009   1874> -.006   1897> -.004   1992< -.004   1996< -.004  Higher   1956  .014   1894  .013

====================================================================================================================================

 [*] All segments correlate highest as dated with correlation with master series over   .3281
PART 7:  DESCRIPTIVE STATISTICS: oak3                                                              18:42  Thu 27 Jul 2017  Page   6
------------------------------------------------------------------------------------------------------------------------------------

                                                Corr   //-------- Unfiltered --------\\  //---- Filtered -----\\
                           No.    No.    No.    with   Mean   Max     Std   Auto   Mean   Max     Std   Auto  AR
 Seq Series   Interval   Years  Segmt  Flags   Master  msmt   msmt    dev   corr   sens  value    dev   corr  ()
 --- -------- ---------  -----  -----  -----   ------ -----  -----  -----  -----  -----  -----  -----  -----  --
   1 QU1427N1 1850 2017    168      6      0    .660   1.33   4.21   .626   .656   .261   3.09   .426  -.009   1
   2 QU1433E1 1855 2017    163      6      0    .727   1.74   3.70   .621   .698   .214   2.69   .515   .008   1
   3 QU1433N3 1860 2017    158      6      0    .705   1.73   3.22   .576   .706   .208   2.59   .429  -.016   2
   4 QU002A1  1836 2017    182      7      0    .774   1.53   3.16   .465   .302   .274   2.78   .453  -.009   1
   5 QU002B1  1839 2017    179      7      0    .797   1.58   3.31   .502   .229   .297   2.62   .421   .031   1
   6 QU004A1  1855 2017    163      6      0    .839   1.72   2.96   .486   .467   .226   2.59   .502   .017   1
   7 QU004B1  1850 2017    168      6      0    .794   1.50   3.66   .461   .542   .228   2.62   .424   .069   1
   8 QU035A1  1865 2017    153      6      0    .816   2.26   4.75   .848   .379   .314   2.76   .489   .040   2
   9 QU035B1  1870 2017    148      6      0    .784   1.87   4.42   .716   .592   .269   2.68   .493  -.036   1
 --- -------- ---------  -----  -----  -----   ------ -----  -----  -----  -----  -----  -----  -----  -----  --
 Total or mean:           1482     56      0    .766   1.68   4.75   .583   .502   .255   3.09   .460   .011

                                              - = [  COFECHA OAK3 COF  ] = -
