[]  Dendrochronology Program Library                                        Run OAKS4  Program COF  13:40  Tue 01 Aug 2017  Page   1
[]
[]  P R O G R A M      C O F E C H A                                                                          Version 6.06P    30165
------------------------------------------------------------------------------------------------------------------------------------

 QUALITY CONTROL AND DATING CHECK OF TREE-RING MEASUREMENTS

 Title of run:           oaks4                                   

 File of DATED series:   oaks4_master_trw.rwl

 CONTENTS:

    Part 1:  Title page, options selected, summary, absent rings by series
    Part 2:  Histogram of time spans
    Part 3:  Master series with sample depth and absent rings by year
    Part 4:  Bar plot of Master Dating Series
    Part 5:  Correlation by segment of each series with Master
    Part 6:  Potential problems: low correlation, divergent year-to-year changes, absent rings, outliers
    Part 7:  Descriptive statistics

 RUN CONTROL OPTIONS SELECTED                             VALUE

         1  Cubic smoothing spline 50% wavelength cutoff for filtering
                                                            32 years
         2  Segments examined are                           50 years lagged successively by  25 years
         3  Autoregressive model applied                     A  Residuals are used in master dating series and testing
         4  Series transformed to logarithms                 Y  Each series log-transformed for master dating series and testing
         5  CORRELATION is Pearson (parametric, quantitative)
            Critical correlation, 99% confidence level   .3281
         6  Master dating series saved                       N
         7  Ring measurements listed                         N
         8  Parts printed                              1234567 
         9  Absent rings are omitted from master series and segment correlations  (Y)

 Time span of Master dating series is  1836 to  2017   182 years
 Continuous time span is               1836 to  2017   182 years
 Portion with two or more series is    1837 to  2017   181 years


                                        ****************************************
                                        *C* Number of dated series        47 *C*
                                        *O* Master series 1836 2017  182 yrs *O*
                                        *F* Total rings in all series   6452 *F*
                                        *E* Total dated rings checked   6451 *E*
                                        *C* Series intercorrelation     .611 *C*
                                        *H* Average mean sensitivity    .227 *H*
                                        *A* Segments, possible problems    9 *A*
                                        *** Mean length of series      137.3 ***
                                        ****************************************

 ABSENT RINGS listed by SERIES:            (See Master Dating Series for absent rings listed by year)

               No ring measurements of zero value
PART 2:  TIME PLOT OF TREE-RING SERIES: oaks4                                                      13:40  Tue 01 Aug 2017  Page   2
------------------------------------------------------------------------------------------------------------------------------------
 1050 1100 1150 1200 1250 1300 1350 1400 1450 1500 1550 1600 1650 1700 1750 1800 1850 1900 1950 2000 2050 Ident   Seq Time-span  Yrs
   :    :    :    :    :    :    :    :    :    :    :    :    :    :    :    :    :    :    :    :    : -------- --- ---- ---- ----
   .    .    .    .    .    .    .    .    .    .    .    .    .    .    .    .  <=================>   . QU024A1    1 1837 2017  181
   .    .    .    .    .    .    .    .    .    .    .    .    .    .    .    .    .    . <========>   . QU024B1    2 1925 2017   93
   .    .    .    .    .    .    .    .    .    .    .    .    .    .    .    .    .  <============>   . QU1482E1   3 1884 2017  134
   .    .    .    .    .    .    .    .    .    .    .    .    .    .    .    .    .  <============>   . QU1482N1   4 1887 2017  131
   .    .    .    .    .    .    .    .    .    .    .    .    .    .    .    .    .    .    .<====>   . QU1485B1   5 1963 2017   55
   .    .    .    .    .    .    .    .    .    .    .    .    .    .    .    .    .    .    .<====>   . QU1485E1   6 1967 2017   51
   .    .    .    .    .    .    .    .    .    .    .    .    .    .    .    .    .    .    .<====>   . QU1485W1   7 1961 2017   57
   .    .    .    .    .    .    .    .    .    .    .    .    .    .    .    .    .    .<=========>   . QU1488N1   8 1917 2017  101
   .    .    .    .    .    .    .    .    .    .    .    .    .    .    .    .    .    <==========>   . QU1488W1   9 1904 2017  114
   .    .    .    .    .    .    .    .    .    .    .    .    .    .    .    .    .<==============>   . QU1491E1  10 1862 2017  156
   .    .    .    .    .    .    .    .    .    .    .    .    .    .    .    .  <=================>   . QU1491N1  11 1837 2017  181
   .    .    .    .    .    .    .    .    .    .    .    .    .    .    .    .    .<==============>   . QU052A1   12 1863 2017  155
   .    .    .    .    .    .    .    .    .    .    .    .    .    .    .    .    . <=============>   . QU052B1   13 1870 2017  148
   .    .    .    .    .    .    .    .    .    .    .    .    .    .    .    .    .<==============>   . QU1411E1  14 1862 2017  156
   .    .    .    .    .    .    .    .    .    .    .    .    .    .    .    .    .<==============>   . QU1411N1  15 1861 2017  157
   .    .    .    .    .    .    .    .    .    .    .    .    .    .    .    .   <================>   . QU1427E1  16 1845 2017  173
   .    .    .    .    .    .    .    .    .    .    .    .    .    .    .    .    <===============>   . QU1427N1  17 1850 2017  168
   .    .    .    .    .    .    .    .    .    .    .    .    .    .    .    .    <===============>   . QU1433E1  18 1855 2017  163
   .    .    .    .    .    .    .    .    .    .    .    .    .    .    .    .    .<==============>   . QU1433N3  19 1860 2017  158
   .    .    .    .    .    .    .    .    .    .    .    .    .    .    .    .    <===============>   . QU1436N1  20 1854 2017  164
   .    .    .    .    .    .    .    .    .    .    .    .    .    .    .    .   <================>   . QU1436W1  21 1849 2017  169
   .    .    .    .    .    .    .    .    .    .    .    .    .    .    .    .    <===============>   . QU1437N1  22 1851 2017  167
   .    .    .    .    .    .    .    .    .    .    .    .    .    .    .    .   <================>   . QU1437S1  23 1847 2017  171
   .    .    .    .    .    .    .    .    .    .    .    .    .    .    .    .   <================>   . QU1440E1  24 1847 2017  171
   .    .    .    .    .    .    .    .    .    .    .    .    .    .    .    .    <===============>   . QU1440N1  25 1853 2017  165
   .    .    .    .    .    .    .    .    .    .    .    .    .    .    .    .    <===============>   . QU041A1   26 1851 2017  167
   .    .    .    .    .    .    .    .    .    .    .    .    .    .    .    .    . <=============>   . QU041B1   27 1879 2017  139
   .    .    .    .    .    .    .    .    .    .    .    .    .    .    .    .    .    .  <=======>   . QU1442E1  28 1930 2017   88
   .    .    .    .    .    .    .    .    .    .    .    .    .    .    .    .    .    .  <=======>   . QU1442W1  29 1932 2017   86
   .    .    .    .    .    .    .    .    .    .    .    .    .    .    .    .    .    .  <=======>   . QU1444N1  30 1930 2017   88
   .    .    .    .    .    .    .    .    .    .    .    .    .    .    .    .    .    .  <=======>   . QU1444S1  31 1935 2017   83
   .    .    .    .    .    .    .    .    .    .    .    .    .    .    .    .    .    .    .  <==>   . QU1446S1  32 1987 2017   31
   .    .    .    .    .    .    .    .    .    .    .    .    .    .    .    .    .    .   <======>   . QU1446W1  33 1943 2017   75
   .    .    .    .    .    .    .    .    .    .    .    .    .    .    .    .    .    .  <=======>   . QU1470E1  34 1931 2017   87
   .    .    .    .    .    .    .    .    .    .    .    .    .    .    .    .    .    . <========>   . QU1470N1  35 1927 2017   91
   .    .    .    .    .    .    .    .    .    .    .    .    .    .    .    .  <=================>   . QU002A1   36 1836 2017  182
   .    .    .    .    .    .    .    .    .    .    .    .    .    .    .    .  <=================>   . QU002B1   37 1839 2017  179
   .    .    .    .    .    .    .    .    .    .    .    .    .    .    .    .    <===============>   . QU004A1   38 1855 2017  163
   .    .    .    .    .    .    .    .    .    .    .    .    .    .    .    .    <===============>   . QU004B1   39 1850 2017  168
   .    .    .    .    .    .    .    .    .    .    .    .    .    .    .    .   <================>   . QU013A1   40 1846 2017  172
   .    .    .    .    .    .    .    .    .    .    .    .    .    .    .    .    <===============>   . QU013B2   41 1855 2017  163
   .    .    .    .    .    .    .    .    .    .    .    .    .    .    .    .    .<==============>   . QU015A1   42 1862 2017  156
   .    .    .    .    .    .    .    .    .    .    .    .    .    .    .    .   <================>   . QU015B1   43 1849 2017  169
   .    .    .    .    .    .    .    .    .    .    .    .    .    .    .    .    .<==============>   . QU035A1   44 1865 2017  153
   .    .    .    .    .    .    .    .    .    .    .    .    .    .    .    .    . <=============>   . QU035B1   45 1870 2017  148
   .    .    .    .    .    .    .    .    .    .    .    .    .    .    .    .    .<==============>   . QU1498E1  46 1860 2017  158
   .    .    .    .    .    .    .    .    .    .    .    .    .    .    .    .    <===============>   . QU1498N1  47 1851 2017  167
   :    :    :    :    :    :    :    :    :    :    :    :    :    :    :    :    :    :    :    :    :
 1050 1100 1150 1200 1250 1300 1350 1400 1450 1500 1550 1600 1650 1700 1750 1800 1850 1900 1950 2000 2050
PART 3:  Master Dating Series: oaks4                                                               13:40  Tue 01 Aug 2017  Page   3
------------------------------------------------------------------------------------------------------------------------------------
  Year  Value  No Ab    Year  Value  No Ab    Year  Value  No Ab    Year  Value  No Ab    Year  Value  No Ab    Year  Value  No Ab
  ------------------    ------------------    ------------------    ------------------    ------------------    ------------------
                        1850  -.325  12       1900  -.060  33       1950   .038  43       2000   .540  47
                        1851  1.298  15       1901  -.530  33       1951  1.159  43       2001  -.823  47
                        1852  -.858  15       1902  1.761  33       1952  -.610  43       2002  -.248  47
                        1853   .078  16       1903  1.430  33       1953   .580  43       2003  -.193  47
                        1854   .535  17       1904   .892  34       1954  -.150  43       2004   .632  47
                        1855   .358  20       1905   .912  34       1955   .327  43       2005  -.948  47
                        1856  -.049  20       1906  -.144  34       1956 -1.949  43       2006  -.126  47
                        1857   .367  20       1907   .346  34       1957  -.130  43       2007 -1.019  47
                        1858   .610  20       1908   .560  34       1958  1.266  43       2008   .961  47
                        1859   .099  20       1909   .008  34       1959   .670  43       2009   .171  47

                        1860   .998  22       1910 -2.044  34       1960  1.056  43       2010   .609  47
                        1861   .583  23       1911 -1.878  34       1961  1.234  44       2011   .948  47
                        1862  1.275  26       1912   .798  34       1962   .480  44       2012 -1.777  47
                        1863 -2.658  27       1913   .424  34       1963   .247  45       2013   .685  47
                        1864   .549  27       1914  -.297  34       1964   .213  45       2014   .701  47
                        1865  -.325  28       1915  1.303  34       1965   .808  45       2015   .573  47
                        1866  -.149  28       1916  1.769  34       1966  -.635  45       2016   .460  47
                        1867  -.388  28       1917   .721  35       1967  -.174  46       2017 -1.876  47
                        1868  -.716  28       1918  -.924  35       1968   .607  46
                        1869   .341  28       1919 -2.026  35       1969  1.698  46

                        1870  -.866  30       1920 -1.305  35       1970   .475  46
                        1871 -1.456  30       1921  -.999  35       1971  -.559  46
                        1872  -.828  30       1922  -.064  35       1972  -.036  46
                        1873  -.937  30       1923 -1.011  35       1973  -.205  46
                        1874 -1.671  30       1924   .154  35       1974 -2.053  46
                        1875   .589  30       1925  -.440  36       1975  -.305  46
                        1876   .926  30       1926   .445  36       1976 -1.069  46
                        1877   .754  30       1927   .739  37       1977 -1.392  46
                        1878  -.149  30       1928  1.415  37       1978  1.160  46
                        1879  1.043  31       1929   .544  37       1979   .656  46

                        1880  1.117  31       1930   .031  39       1980  1.613  46
                        1881   .690  31       1931  -.339  40       1981 -1.715  46
                        1882   .831  31       1932  1.007  41       1982 -1.142  46
                        1883   .736  31       1933   .672  41       1983   .386  46
                        1884   .801  32       1934 -1.149  41       1984  -.778  46
                        1885   .812  32       1935  1.631  42       1985  -.430  46
  1836 -2.184   1       1886  -.319  32       1936 -1.041  42       1986   .898  46
  1837   .895   3       1887  -.971  33       1937   .653  42       1987   .495  47
  1838 -2.373   3       1888 -1.620  33       1938  1.109  42       1988 -1.321  47
  1839  -.921   4       1889  1.133  33       1939 -1.635  42       1989  -.157  47

  1840   .715   4       1890   .554  33       1940 -1.146  42       1990  1.193  47
  1841   .613   4       1891   .438  33       1941   .633  42       1991  -.045  47
  1842  1.278   4       1892   .372  33       1942   .525  42       1992  -.617  47
  1843 -2.515   4       1893 -1.304  33       1943   .253  43       1993  2.050  47
  1844   .969   4       1894 -2.596  33       1944  -.436  43       1994  -.137  47
  1845   .406   5       1895 -2.283  33       1945   .694  43       1995  -.347  47
  1846  1.146   6       1896   .003  33       1946  -.945  43       1996  -.206  47
  1847  -.720   8       1897   .378  33       1947   .252  43       1997  -.056  47
  1848  -.135   8       1898   .030  33       1948 -1.583  43       1998  1.045  47
  1849  -.010  10       1899   .186  33       1949 -1.190  43       1999   .922  47
------------------------------------------------------------------------------------------------------------------------------------
PART 4:  Master Bar Plot: oaks4                                                                    13:40  Tue 01 Aug 2017  Page   4
------------------------------------------------------------------------------------------------------------------------------------
   Year Rel value  Year Rel value  Year Rel value  Year Rel value  Year Rel value  Year Rel value  Year Rel value  Year Rel value
                   1850---a        1900----@       1950-----@      2000-------B
                   1851----------E 1901---b        1951---------E  2001--c
                   1852--c         1902----------G 1952--b         2002---a
                   1853-----@      1903----------F 1953-------B    2003----a
                   1854-------B    1904---------D  1954----a       2004-------C
                   1855------A     1905---------D  1955------A     2005--d
                   1856----@       1906----a       1956h           2006----a
                   1857------A     1907------A     1957----a       2007-d
                   1858-------B    1908-------B    1958----------E 2008---------D
                   1859-----@      1909----@       1959-------C    2009-----A
                   1860---------D  1910h           1960---------D  2010-------B
                   1861-------B    1911h           1961----------E 2011---------D
                   1862----------E 1912--------C   1962------B     2012g
                   1863k           1913------B     1963-----A      2013--------C
                   1864-------B    1914---a        1964-----A      2014--------C
                   1865---a        1915----------E 1965--------C   2015-------B
                   1866----a       1916----------G 1966--c         2016------B
                   1867---b        1917--------C   1967----a       2017h
                   1868--c         1918--d         1968-------B
                   1869------A     1919h           1969----------G
                   1870--c         1920-e          1970------B
                   1871-f          1921-d          1971---b
                   1872--c         1922----@       1972----@
                   1873--d         1923-d          1973----a
                   1874g           1924-----A      1974h
                   1875-------B    1925---b        1975---a
                   1876---------D  1926------B     1976-d
                   1877--------C   1927--------C   1977-f
                   1878----a       1928----------F 1978---------E
                   1879---------D  1929-------B    1979-------C
                   1880---------D  1930-----@      1980----------F
                   1881--------C   1931---a        1981g
                   1882--------C   1932---------D  1982-e
                   1883--------C   1933-------C    1983------B
                   1884--------C   1934-e          1984--c
                   1885--------C   1935----------G 1985---b
   1836i           1886---a        1936-d          1986---------D
   1837---------D  1887--d         1937-------C    1987------B
   1838i           1888f           1938---------D  1988-e
   1839--d         1889---------E  1939g           1989----a
   1840--------C   1890-------B    1940-e          1990---------E
   1841-------B    1891------B     1941-------C    1991----@
   1842----------E 1892------A     1942------B     1992--b
   1843j           1893-e          1943-----A      1993----------H
   1844---------D  1894j           1944---b        1994----a
   1845------B     1895i           1945--------C   1995---a
   1846---------E  1896----@       1946--d         1996----a
   1847--c         1897------B     1947-----A      1997----@
   1848----a       1898----@       1948-f          1998---------D
   1849----@       1899-----A      1949-e          1999---------D
PART 5:  CORRELATION OF SERIES BY SEGMENTS: oaks4                                                  13:40  Tue 01 Aug 2017  Page   5
------------------------------------------------------------------------------------------------------------------------------------
 Correlations of  50-year dated segments, lagged  25 years
 Flags:  A = correlation under   .3281 but highest as dated;  B = correlation higher at other than dated position

 Seq Series  Time_span   1825 1850 1875 1900 1925 1950 1975
                         1874 1899 1924 1949 1974 1999 2024
 --- -------- ---------  ---- ---- ---- ---- ---- ---- ---- ---- ---- ---- ---- ---- ---- ---- ---- ---- ---- ---- ---- ----
   1 QU024A1  1837 2017   .65  .68  .74  .77  .63  .59  .67
   2 QU024B1  1925 2017                       .47  .50  .63
   3 QU1482E1 1884 2017             .62  .58  .41  .53  .63
   4 QU1482N1 1887 2017             .60  .67  .53  .67  .82
   5 QU1485B1 1963 2017                            .36  .35
   6 QU1485E1 1967 2017                            .50  .49
   7 QU1485W1 1961 2017                            .42  .41
   8 QU1488N1 1917 2017                  .56  .59  .60  .63
   9 QU1488W1 1904 2017                  .38  .54  .63  .65
  10 QU1491E1 1862 2017        .60  .61  .49  .49  .54  .52
  11 QU1491N1 1837 2017   .48  .54  .76  .70  .59  .61  .62
  12 QU052A1  1863 2017        .60  .59  .47  .45  .56  .43
  13 QU052B1  1870 2017        .61  .59  .58  .39  .46  .38
  14 QU1411E1 1862 2017        .12B .14B .01B .28B .69  .65
  15 QU1411N1 1861 2017        .76  .75  .67  .60  .60  .73
  16 QU1427E1 1845 2017   .65  .69  .72  .67  .65  .79  .74
  17 QU1427N1 1850 2017        .73  .82  .76  .73  .69  .67
  18 QU1433E1 1855 2017        .77  .79  .81  .73  .73  .74
  19 QU1433N3 1860 2017        .69  .68  .75  .71  .71  .76
  20 QU1436N1 1854 2017        .55  .79  .76  .64  .68  .74
  21 QU1436W1 1849 2017   .53  .53  .78  .70  .52  .42  .57
  22 QU1437N1 1851 2017        .58  .69  .80  .65  .47  .21B
  23 QU1437S1 1847 2017   .66  .63  .77  .77  .48  .49  .31A
  24 QU1440E1 1847 2017   .39  .43  .49  .63  .58  .61  .77
  25 QU1440N1 1853 2017        .52  .64  .69  .68  .69  .77
  26 QU041A1  1851 2017        .59  .53  .51  .47  .57  .65
  27 QU041B1  1879 2017             .45  .46  .44  .50  .39
  28 QU1442E1 1930 2017                       .64  .57  .59
  29 QU1442W1 1932 2017                       .60  .69  .67
  30 QU1444N1 1930 2017                       .66  .54  .46
  31 QU1444S1 1935 2017                       .61  .58  .64
  32 QU1446S1 1987 2017                                 .68
  33 QU1446W1 1943 2017                       .58  .71  .76
  34 QU1470E1 1931 2017                       .72  .58  .62
  35 QU1470N1 1927 2017                       .71  .58  .60
  36 QU002A1  1836 2017   .78  .83  .78  .69  .70  .73  .73
  37 QU002B1  1839 2017   .76  .80  .80  .76  .75  .76  .81
  38 QU004A1  1855 2017        .79  .81  .82  .75  .74  .82
  39 QU004B1  1850 2017        .76  .82  .83  .73  .75  .79
  40 QU013A1  1846 2017   .50  .46  .52  .69  .67  .72  .75
  41 QU013B2  1855 2017       -.18B-.09B .45  .74  .69  .73
  42 QU015A1  1862 2017        .73  .70  .70  .49  .47  .52
  43 QU015B1  1849 2017   .71  .71  .75  .72  .57  .59  .57
  44 QU035A1  1865 2017        .72  .77  .83  .81  .74  .73
  45 QU035B1  1870 2017        .79  .81  .76  .68  .71  .71
  46 QU1498E1 1860 2017        .68  .76  .80  .70  .57  .60
  47 QU1498N1 1851 2017        .36B .57  .70  .66  .58  .60
 Av segment correlation   .61  .60  .65  .66  .60  .61  .62
PART 6:  POTENTIAL PROBLEMS: oaks4                                                                 13:40  Tue 01 Aug 2017  Page   5
------------------------------------------------------------------------------------------------------------------------------------

 For each series with potential problems the following diagnostics may appear:

 [A] Correlations with master dating series of flagged  50-year segments of series filtered with  32-year spline,
     at every point from ten years earlier (-10) to ten years later (+10) than dated

 [B] Effect of those data values which most lower or raise correlation with master series
     Symbol following year indicates value in series is greater (>) or lesser (<) than master series value

 [C] Year-to-year changes very different from the mean change in other series

 [D] Absent rings (zero values)

 [E] Values which are statistical outliers from mean for the year
====================================================================================================================================

 QU024A1   1837 to  2017     181 years                                                                                    Series   1

 [B] Entire series, effect on correlation (  .670) is:
       Lower   1889< -.021   1844< -.016   1848> -.008   1888> -.007   1845< -.006   1984> -.005  Higher   1863  .027   1843  .011

====================================================================================================================================

 QU024B1   1925 to  2017      93 years                                                                                    Series   2

 [B] Entire series, effect on correlation (  .563) is:
       Lower   1939> -.041   1982> -.020   1956> -.020   1966> -.010   1945< -.008   1963< -.008  Higher   2012  .033   1936  .017

 [E] Outliers     1   3.0 SD above or -4.5 SD below mean for year
       1982 +3.4 SD
====================================================================================================================================

 QU1482E1  1884 to  2017     134 years                                                                                    Series   3

 [B] Entire series, effect on correlation (  .568) is:
       Lower   1956> -.022   1939> -.015   1907< -.014   1994< -.013   1981> -.013   1928< -.010  Higher   2012  .020   1910  .019

 [E] Outliers     1   3.0 SD above or -4.5 SD below mean for year
       1989 +3.4 SD
====================================================================================================================================

 QU1482N1  1887 to  2017     131 years                                                                                    Series   4

 [B] Entire series, effect on correlation (  .653) is:
       Lower   1889< -.018   1951< -.018   1956> -.015   1963< -.015   1893> -.012   1939> -.012  Higher   1974  .017   1910  .012

====================================================================================================================================

 QU1485B1  1963 to  2017      55 years                                                                                    Series   5

 [B] Entire series, effect on correlation (  .346) is:
       Lower   1981> -.044   1977> -.037   2017> -.032   1987< -.029   1990< -.023   1984> -.021  Higher   1974  .106   2012  .022

====================================================================================================================================

 QU1485E1  1967 to  2017      51 years                                                                                    Series   6

 [B] Entire series, effect on correlation (  .485) is:
       Lower   1977> -.051   1981> -.042   1970< -.018   1990< -.017   2017> -.014   2008< -.014  Higher   1974  .081   1969  .021

====================================================================================================================================

 QU1485W1  1961 to  2017      57 years                                                                                    Series   7

 [B] Entire series, effect on correlation (  .416) is:
       Lower   1970< -.080   1981> -.040   1977> -.038   2010< -.024   1982> -.019   2017> -.010  Higher   1974  .084   1969  .020

 [E] Outliers     1   3.0 SD above or -4.5 SD below mean for year
       1977 +3.0 SD
====================================================================================================================================

 QU1488N1  1917 to  2017     101 years                                                                                    Series   8

 [B] Entire series, effect on correlation (  .596) is:
       Lower   1981> -.036   1938< -.029   1939> -.024   1982> -.023   1952> -.012   1943< -.008  Higher   1974  .027   2017  .015

 [E] Outliers     1   3.0 SD above or -4.5 SD below mean for year
       1982 +3.8 SD
====================================================================================================================================

 QU1488W1  1904 to  2017     114 years                                                                                    Series   9

 [B] Entire series, effect on correlation (  .537) is:
       Lower   1938< -.067   1981> -.036   1939> -.024   1982> -.014   1911> -.012   1999< -.011  Higher   1974  .030   1993  .013

 [E] Outliers     1   3.0 SD above or -4.5 SD below mean for year
       1982 +3.1 SD
====================================================================================================================================

 QU1491E1  1862 to  2017     156 years                                                                                    Series  10

 [B] Entire series, effect on correlation (  .526) is:
       Lower   1863> -.021   1926< -.020   1974> -.019   1918> -.010   1881< -.009   1996> -.008  Higher   1981  .030   1935  .011

====================================================================================================================================

 QU1491N1  1837 to  2017     181 years                                                                                    Series  11

 [B] Entire series, effect on correlation (  .614) is:
       Lower   1965< -.022   1843> -.012   1878< -.012   1871> -.010   2003< -.009   1938< -.008  Higher   1863  .019   1956  .014

 [E] Outliers     1   3.0 SD above or -4.5 SD below mean for year
       1990 +3.2 SD
====================================================================================================================================

 QU052A1   1863 to  2017     155 years                                                                                    Series  12

 [B] Entire series, effect on correlation (  .481) is:
       Lower   1961< -.021   2006< -.019   2001> -.017   1936> -.016   1884< -.012   2003< -.011  Higher   1981  .037   1894  .016

 [E] Outliers     1   3.0 SD above or -4.5 SD below mean for year
       2001 +3.0 SD
====================================================================================================================================

 QU052B1   1870 to  2017     148 years                                                                                    Series  13

 [B] Entire series, effect on correlation (  .451) is:
       Lower   2017> -.031   2001> -.016   1956> -.014   1946> -.012   1888> -.011   2008< -.011  Higher   1981  .046   1948  .012

 [E] Outliers     1   3.0 SD above or -4.5 SD below mean for year
       2017 +3.6 SD
====================================================================================================================================

 QU1411E1  1862 to  2017     156 years                                                                                    Series  14

 [A] Segment   High   -10   -9   -8   -7   -6   -5   -4   -3   -2   -1   +0   +1   +2   +3   +4   +5   +6   +7   +8   +9  +10
    ---------  ----   ---  ---  ---  ---  ---  ---  ---  ---  ---  ---  ---  ---  ---  ---  ---  ---  ---  ---  ---  ---  ---
    1862 1911    2   -.33 -.06 -.15 -.21 -.06 -.18 -.08 -.10  .07  .07  .12| .24  .72* .20  .15  .12 -.09 -.12 -.05 -.05 -.25
    1875 1924    2   -.24 -.07 -.05 -.20 -.22 -.08 -.11 -.13 -.06  .02  .14| .43  .73* .28  .20 -.01  .05 -.08 -.06 -.24 -.26
    1900 1949    2   -.11  .07 -.03 -.20 -.02 -.04  .11 -.07 -.15  .18  .01| .11  .61* .04  .17 -.12 -.07 -.02 -.13 -.19 -.24
    1925 1974    2    .01 -.16  .18 -.15  .17 -.18  .18  .02 -.23  .08  .28|-.04  .30*-.05  .15 -.13 -.18  .11  .09 -.06 -.02

 [B] Entire series, effect on correlation (  .333) is:
       Lower   2000< -.034   1869< -.022   1937< -.022   1936> -.017   1939> -.015   1917< -.013  Higher   1981  .022   2017  .021
     1862 to 1911 segment:
       Lower   1869< -.067   1892< -.026   1901> -.024   1910> -.018   1911> -.015   1908< -.015  Higher   1863  .093   1893  .034
     1875 to 1924 segment:
       Lower   1901> -.038   1917< -.033   1910> -.029   1911> -.023   1892< -.022   1887> -.015  Higher   1919  .075   1893  .041
     1900 to 1949 segment:
       Lower   1937< -.053   1936> -.045   1939> -.031   1917< -.026   1901> -.024   1946> -.018  Higher   1919  .077   1948  .041
     1925 to 1974 segment:
       Lower   1937< -.080   1936> -.058   1939> -.047   1960< -.035   1932< -.024   1946> -.022  Higher   1974  .060   1956  .040

 [E] Outliers     1   3.0 SD above or -4.5 SD below mean for year
       1901 +3.6 SD
====================================================================================================================================

 QU1411N1  1861 to  2017     157 years                                                                                    Series  15

 [B] Entire series, effect on correlation (  .663) is:
       Lower   1952< -.022   1959< -.007   1926< -.007   1913< -.006   1949> -.006   1983< -.006  Higher   1894  .009   1993  .007

====================================================================================================================================

 QU1427E1  1845 to  2017     173 years                                                                                    Series  16

 [B] Entire series, effect on correlation (  .688) is:
       Lower   1894> -.024   1936> -.014   1976> -.010   1946> -.009   1848< -.008   2001> -.007  Higher   1863  .028   1981  .010

====================================================================================================================================

 QU1427N1  1850 to  2017     168 years                                                                                    Series  17

 [B] Entire series, effect on correlation (  .711) is:
       Lower   1871< -.017   2012> -.012   1922< -.006   1956> -.006   1865< -.005   1992> -.005  Higher   1939  .011   2017  .010

====================================================================================================================================

 QU1433E1  1855 to  2017     163 years                                                                                    Series  18

 [B] Entire series, effect on correlation (  .771) is:
       Lower   1974> -.014   1964< -.008   1870> -.006   1934> -.005   1897< -.005   1996> -.005  Higher   1863  .016   1981  .013

====================================================================================================================================

 QU1433N3  1860 to  2017     158 years                                                                                    Series  19

 [B] Entire series, effect on correlation (  .736) is:
       Lower   1934> -.014   1974> -.011   1897< -.010   1876< -.009   1975< -.008   1910> -.004  Higher   1981  .014   2012  .010

====================================================================================================================================

 QU1436N1  1854 to  2017     164 years                                                                                    Series  20

 [B] Entire series, effect on correlation (  .651) is:
       Lower   1870< -.022   1874> -.012   1956> -.010   2006> -.007   1871< -.006   2000< -.006  Higher   2012  .011   1981  .011

 [E] Outliers     1   3.0 SD above or -4.5 SD below mean for year
       1871 -5.1 SD
====================================================================================================================================

 QU1436W1  1849 to  2017     169 years                                                                                    Series  21

 [B] Entire series, effect on correlation (  .570) is:
       Lower   1994> -.028   1863> -.020   1974> -.011   1998< -.010   1961< -.009   1860< -.009  Higher   1981  .022   1939  .016

 [E] Outliers     1   3.0 SD above or -4.5 SD below mean for year
       1994 +4.0 SD
====================================================================================================================================

 QU1437N1  1851 to  2017     167 years                                                                                    Series  22

 [A] Segment   High   -10   -9   -8   -7   -6   -5   -4   -3   -2   -1   +0   +1   +2   +3   +4   +5   +6   +7   +8   +9  +10
    ---------  ----   ---  ---  ---  ---  ---  ---  ---  ---  ---  ---  ---  ---  ---  ---  ---  ---  ---  ---  ---  ---  ---
    1968 2017   -7    .21  .02  .10  .27*-.31 -.15  .01  .17  .05  .07  .21|   -    -    -    -    -    -    -    -    -    -

 [B] Entire series, effect on correlation (  .502) is:
       Lower   1984< -.025   2012> -.024   1875< -.014   2007> -.011   1853< -.011   2016< -.011  Higher   1939  .011   1956  .010
     1968 to 2017 segment:
       Lower   2012> -.052   2007> -.024   2014< -.022   2016< -.020   1996< -.012   2008< -.012  Higher   1980  .039   1990  .022

 [E] Outliers     1   3.0 SD above or -4.5 SD below mean for year
       1984 -6.2 SD
====================================================================================================================================

 QU1437S1  1847 to  2017     171 years                                                                                    Series  23

 [A] Segment   High   -10   -9   -8   -7   -6   -5   -4   -3   -2   -1   +0   +1   +2   +3   +4   +5   +6   +7   +8   +9  +10
    ---------  ----   ---  ---  ---  ---  ---  ---  ---  ---  ---  ---  ---  ---  ---  ---  ---  ---  ---  ---  ---  ---  ---
    1968 2017    0    .14 -.14  .01  .17 -.08  .05  .00  .09 -.33 -.02  .31*   -    -    -    -    -    -    -    -    -    -

 [B] Entire series, effect on correlation (  .514) is:
       Lower   2008< -.025   2015< -.023   1974> -.017   2012> -.014   1962< -.012   2007> -.012  Higher   1981  .030   2017  .010
     1968 to 2017 segment:
       Lower   2008< -.057   2015< -.046   1974> -.041   2012> -.033   2007> -.027   1994> -.025  Higher   1981  .135   2017  .037

 [E] Outliers     1   3.0 SD above or -4.5 SD below mean for year
       2001 -4.8 SD
====================================================================================================================================

 QU1440E1  1847 to  2017     171 years                                                                                    Series  24

 [B] Entire series, effect on correlation (  .572) is:
       Lower   1956> -.018   1847> -.014   1934> -.009   1888> -.008   1952> -.008   1923> -.008  Higher   1981  .015   2017  .014

 [E] Outliers     1   3.0 SD above or -4.5 SD below mean for year
       1939 -5.9 SD
====================================================================================================================================

 QU1440N1  1853 to  2017     165 years                                                                                    Series  25

 [B] Entire series, effect on correlation (  .645) is:
       Lower   1863> -.015   1853< -.013   1961< -.012   1995< -.011   1952> -.009   1924< -.007  Higher   1981  .013   1974  .012

====================================================================================================================================

 QU041A1   1851 to  2017     167 years                                                                                    Series  26

 [B] Entire series, effect on correlation (  .561) is:
       Lower   1878< -.020   1881< -.012   1873> -.011   1871> -.011   1972< -.009   1948> -.009  Higher   1863  .046   1894  .015

 [E] Outliers     2   3.0 SD above or -4.5 SD below mean for year
       1863 -5.2 SD;    1957 +3.2 SD
====================================================================================================================================

 QU041B1   1879 to  2017     139 years                                                                                    Series  27

 [B] Entire series, effect on correlation (  .425) is:
       Lower   1881< -.051   2012> -.024   1972< -.015   1977> -.013   2005> -.013   1938< -.012  Higher   1981  .025   1993  .019

====================================================================================================================================

 QU1442E1  1930 to  2017      88 years                                                                                    Series  28

 [B] Entire series, effect on correlation (  .581) is:
       Lower   1981> -.038   1934> -.020   1953< -.015   1950< -.015   2011< -.013   1994> -.012  Higher   2017  .028   1974  .023

 [E] Outliers     1   3.0 SD above or -4.5 SD below mean for year
       2008 +3.1 SD
====================================================================================================================================

 QU1442W1  1932 to  2017      86 years                                                                                    Series  29

 [B] Entire series, effect on correlation (  .599) is:
       Lower   1939> -.045   1932< -.019   2011< -.017   1944> -.013   1953< -.011   2000< -.010  Higher   1956  .030   2017  .022

====================================================================================================================================

 QU1444N1  1930 to  2017      88 years                                                                                    Series  30

 [B] Entire series, effect on correlation (  .562) is:
       Lower   1981> -.045   2001< -.023   1994> -.014   1948> -.010   1968< -.009   1978< -.008  Higher   1936  .018   1956  .014

====================================================================================================================================

 QU1444S1  1935 to  2017      83 years                                                                                    Series  31

 [B] Entire series, effect on correlation (  .592) is:
       Lower   1949< -.025   1950< -.018   1994> -.015   1992< -.014   2011< -.014   1939> -.014  Higher   2012  .028   1974  .019

====================================================================================================================================

 QU1446S1  1987 to  2017      31 years                                                                                    Series  32

 [B] Entire series, effect on correlation (  .681) is:
       Lower   2008< -.039   1996< -.035   1990< -.022   1987> -.013   2012> -.011   1988> -.010  Higher   2017  .081   1993  .019

====================================================================================================================================

 QU1446W1  1943 to  2017      75 years                                                                                    Series  33

 [B] Entire series, effect on correlation (  .676) is:
       Lower   1948> -.031   1949> -.018   1982> -.015   1961< -.013   1955< -.011   1965< -.010  Higher   2012  .031   1956  .027

 [E] Outliers     1   3.0 SD above or -4.5 SD below mean for year
       1948 +3.2 SD
====================================================================================================================================

 QU1470E1  1931 to  2017      87 years                                                                                    Series  34

 [B] Entire series, effect on correlation (  .650) is:
       Lower   1994> -.033   1981> -.023   1957< -.018   1948> -.013   1990< -.011   1995> -.009  Higher   1956  .028   2012  .023

 [E] Outliers     1   3.0 SD above or -4.5 SD below mean for year
       1994 +3.2 SD
====================================================================================================================================

 QU1470N1  1927 to  2017      91 years                                                                                    Series  35

 [B] Entire series, effect on correlation (  .627) is:
       Lower   1981> -.034   1990< -.016   1994> -.012   1948> -.011   1999< -.010   1957< -.010  Higher   1956  .030   1974  .027

====================================================================================================================================

 QU002A1   1836 to  2017     182 years                                                                                    Series  36

 [*] Early part of series cannot be checked from 1836 to 1836 -- not matched by another series

 [B] Entire series, effect on correlation (  .744) is:
       Lower   1843> -.014   1939> -.009   1996< -.009   1981> -.008   1918> -.005   1948> -.005  Higher   1863  .019   2012  .009

====================================================================================================================================

 QU002B1   1839 to  2017     179 years                                                                                    Series  37

 [B] Entire series, effect on correlation (  .759) is:
       Lower   1963< -.009   2017> -.005   1946> -.005   1981> -.004   1893> -.004   1848> -.004  Higher   1863  .007   1894  .005

====================================================================================================================================

 QU004A1   1855 to  2017     163 years                                                                                    Series  38

 [B] Entire series, effect on correlation (  .787) is:
       Lower   1954< -.016   1981> -.015   1886> -.008   1942< -.006   1966> -.005   1940> -.005  Higher   1863  .017   1956  .009

====================================================================================================================================

 QU004B1   1850 to  2017     168 years                                                                                    Series  39

 [B] Entire series, effect on correlation (  .761) is:
       Lower   2006< -.009   1871> -.007   1867< -.007   1870> -.006   1853< -.005   1965< -.005  Higher   1863  .020   1974  .008

====================================================================================================================================

 QU013A1   1846 to  2017     172 years                                                                                    Series  40

 [B] Entire series, effect on correlation (  .627) is:
       Lower   1861< -.015   1856< -.012   1888> -.010   1899< -.007   1878> -.007   1977> -.007  Higher   1981  .022   1939  .014

====================================================================================================================================

 QU013B2   1855 to  2017     163 years                                                                                    Series  41

 [A] Segment   High   -10   -9   -8   -7   -6   -5   -4   -3   -2   -1   +0   +1   +2   +3   +4   +5   +6   +7   +8   +9  +10
    ---------  ----   ---  ---  ---  ---  ---  ---  ---  ---  ---  ---  ---  ---  ---  ---  ---  ---  ---  ---  ---  ---  ---
    1855 1904  -10    .46*-.06  .44  .10  .11  .22 -.36  .13 -.19 -.15 -.18|-.05 -.21 -.16 -.21 -.08  .17 -.10  .23 -.04  .07
    1875 1924   -9    .40  .43* .39  .27  .17 -.03 -.28 -.13 -.24 -.29 -.09|-.06 -.07 -.18 -.12 -.02 -.07 -.11 -.11 -.07  .11

 [B] Entire series, effect on correlation (  .408) is:
       Lower   1863> -.038   1910> -.022   1879< -.016   1874> -.014   1888> -.014   1894> -.013  Higher   1981  .037   1939  .030
     1855 to 1904 segment:
       Lower   1863> -.042   1879< -.033   1888> -.028   1874> -.028   1870> -.025   1903< -.020  Higher   1871  .047   1889  .038
     1875 to 1924 segment:
       Lower   1910> -.063   1879< -.044   1888> -.042   1911> -.041   1903< -.026   1880< -.021  Higher   1919  .053   1912  .051

 [E] Outliers     2   3.0 SD above or -4.5 SD below mean for year
       1863 +3.6 SD;    1911 +3.1 SD
====================================================================================================================================

 QU015A1   1862 to  2017     156 years                                                                                    Series  42

 [B] Entire series, effect on correlation (  .612) is:
       Lower   1929< -.027   2009< -.016   1968< -.010   1976> -.008   1971> -.007   2005> -.007  Higher   1863  .029   1939  .014

 [E] Outliers     1   3.0 SD above or -4.5 SD below mean for year
       1990 +3.1 SD
====================================================================================================================================

 QU015B1   1849 to  2017     169 years                                                                                    Series  43

 [B] Entire series, effect on correlation (  .658) is:
       Lower   1929< -.015   1976> -.011   1974> -.009   1958< -.007   1994> -.007   1975< -.006  Higher   1863  .033   1981  .013

 [E] Outliers     1   3.0 SD above or -4.5 SD below mean for year
       2004 +3.1 SD
====================================================================================================================================

 QU035A1   1865 to  2017     153 years                                                                                    Series  44

 [B] Entire series, effect on correlation (  .756) is:
       Lower   1981> -.015   1878> -.009   1939> -.007   1985< -.006   1880< -.005   1986< -.004  Higher   1956  .011   1894  .009

====================================================================================================================================

 QU035B1   1870 to  2017     148 years                                                                                    Series  45

 [B] Entire series, effect on correlation (  .727) is:
       Lower   1939> -.008   2009< -.008   1981> -.008   1878> -.007   1965< -.006   1963< -.004  Higher   1956  .013   1894  .012

====================================================================================================================================

 QU1498E1  1860 to  2017     158 years                                                                                    Series  46

 [B] Entire series, effect on correlation (  .671) is:
       Lower   1974> -.013   1862< -.010   2001> -.009   1958< -.008   1976> -.006   1870> -.006  Higher   1910  .010   1894  .008

 [E] Outliers     1   3.0 SD above or -4.5 SD below mean for year
       1981 -4.7 SD
====================================================================================================================================

 QU1498N1  1851 to  2017     167 years                                                                                    Series  47

 [A] Segment   High   -10   -9   -8   -7   -6   -5   -4   -3   -2   -1   +0   +1   +2   +3   +4   +5   +6   +7   +8   +9  +10
    ---------  ----   ---  ---  ---  ---  ---  ---  ---  ---  ---  ---  ---  ---  ---  ---  ---  ---  ---  ---  ---  ---  ---
    1851 1900    1   -.05 -.26 -.03  .06 -.06 -.09 -.15 -.28 -.18 -.13  .36| .37* .04  .08  .03  .18  .06  .04  .28  .02 -.08

 [B] Entire series, effect on correlation (  .551) is:
       Lower   1862< -.034   1851< -.022   1871> -.009   1923> -.008   1895> -.007   1920> -.007  Higher   1863  .035   1981  .029
     1851 to 1900 segment:
       Lower   1862< -.104   1851< -.068   1871> -.025   1895> -.018   1860< -.017   1889< -.017  Higher   1863  .193   1893  .041

====================================================================================================================================
PART 7:  DESCRIPTIVE STATISTICS: oaks4                                                             13:40  Tue 01 Aug 2017  Page   6
------------------------------------------------------------------------------------------------------------------------------------

                                                Corr   //-------- Unfiltered --------\\  //---- Filtered -----\\
                           No.    No.    No.    with   Mean   Max     Std   Auto   Mean   Max     Std   Auto  AR
 Seq Series   Interval   Years  Segmt  Flags   Master  msmt   msmt    dev   corr   sens  value    dev   corr  ()
 --- -------- ---------  -----  -----  -----   ------ -----  -----  -----  -----  -----  -----  -----  -----  --
   1 QU024A1  1837 2017    181      7      0    .670   1.86   4.00   .568   .464   .253   2.52   .382  -.024   1
   2 QU024B1  1925 2017     93      3      0    .563   2.53   4.59   .763   .610   .226   2.60   .393  -.035   1
   3 QU1482E1 1884 2017    134      5      0    .568   2.04   5.11   .886   .741   .233   2.83   .472  -.031   1
   4 QU1482N1 1887 2017    131      5      0    .653   1.91   5.28   .839   .712   .232   2.90   .537   .003   1
   5 QU1485B1 1963 2017     55      2      0    .346    .87   1.87   .369   .790   .236   2.87   .503   .043   1
   6 QU1485E1 1967 2017     51      2      0    .485    .86   1.75   .349   .773   .224   2.57   .496  -.043   1
   7 QU1485W1 1961 2017     57      2      0    .416    .80   2.11   .396   .769   .258   2.54   .478  -.044   1
   8 QU1488N1 1917 2017    101      4      0    .596   2.41   5.25  1.304   .856   .221   2.65   .448  -.001   1
   9 QU1488W1 1904 2017    114      4      0    .537   2.00   7.30  1.327   .820   .238   2.89   .510  -.043   1
  10 QU1491E1 1862 2017    156      6      0    .526   1.68   3.89   .745   .816   .186   2.60   .341   .001   2
  11 QU1491N1 1837 2017    181      7      0    .614   1.68   3.93   .812   .824   .204   2.95   .448  -.016   1
  12 QU052A1  1863 2017    155      6      0    .481   1.27   3.02   .491   .612   .227   2.64   .383   .042   1
  13 QU052B1  1870 2017    148      6      0    .451   1.22   2.81   .423   .638   .206   2.58   .358  -.010   2
  14 QU1411E1 1862 2017    156      6      4    .333   1.25   5.16   .615   .750   .238   2.69   .439  -.013   1
  15 QU1411N1 1861 2017    157      6      0    .663   1.41   4.59   .582   .742   .209   2.49   .343  -.039   2
  16 QU1427E1 1845 2017    173      7      0    .688   1.28   3.43   .547   .764   .214   2.68   .461   .008   1
  17 QU1427N1 1850 2017    168      6      0    .711   1.33   4.21   .626   .656   .261   3.09   .426  -.009   1
  18 QU1433E1 1855 2017    163      6      0    .771   1.74   3.70   .621   .698   .214   2.69   .515   .008   1
  19 QU1433N3 1860 2017    158      6      0    .736   1.73   3.22   .576   .706   .208   2.59   .429  -.016   2
  20 QU1436N1 1854 2017    164      6      0    .651   1.25   3.34   .502   .669   .247   2.69   .419   .081   1
  21 QU1436W1 1849 2017    169      7      0    .570   1.19   2.84   .472   .701   .219   3.00   .455   .046   1
  22 QU1437N1 1851 2017    167      6      1    .502   1.15   4.96   .857   .875   .273   2.64   .359   .019   1
  23 QU1437S1 1847 2017    171      7      1    .514    .94   3.77   .607   .822   .276   2.66   .469  -.014   1
  24 QU1440E1 1847 2017    171      7      0    .572   1.29   2.68   .605   .810   .233   2.42   .321   .004   1
  25 QU1440N1 1853 2017    165      6      0    .645   1.32   4.08   .579   .760   .226   2.88   .433   .023   1
  26 QU041A1  1851 2017    167      6      0    .561   1.73   4.58   .657   .709   .218   2.63   .307  -.020   1
  27 QU041B1  1879 2017    139      5      0    .425   1.51   2.61   .476   .752   .180   2.83   .435  -.048   1
  28 QU1442E1 1930 2017     88      3      0    .581   1.96   4.89   .855   .858   .153   2.99   .455   .007   1
  29 QU1442W1 1932 2017     86      3      0    .599   2.11   3.80   .678   .670   .194   2.92   .674   .017   1
  30 QU1444N1 1930 2017     88      3      0    .562   1.73   5.73   .957   .872   .146   2.63   .449  -.110   1
  31 QU1444S1 1935 2017     83      3      0    .592   2.08   4.94   .771   .795   .198   2.53   .525   .029   1
  32 QU1446S1 1987 2017     31      1      0    .681   4.50   9.48  2.087   .740   .184   2.65   .620  -.060   1
  33 QU1446W1 1943 2017     75      3      0    .676   2.29   5.58   .907   .859   .157   2.88   .514  -.033   2
  34 QU1470E1 1931 2017     87      3      0    .650   2.32   5.00   .738   .524   .221   2.81   .596   .022   1
  35 QU1470N1 1927 2017     91      3      0    .627   2.43   4.43   .636   .491   .202   2.66   .473   .020   1
  36 QU002A1  1836 2017    182      7      0    .744   1.53   3.16   .465   .302   .274   2.78   .453  -.009   1
  37 QU002B1  1839 2017    179      7      0    .759   1.58   3.31   .502   .229   .297   2.62   .421   .031   1
  38 QU004A1  1855 2017    163      6      0    .787   1.72   2.96   .486   .467   .226   2.59   .502   .017   1
  39 QU004B1  1850 2017    168      6      0    .761   1.50   3.66   .461   .542   .228   2.62   .424   .069   1
  40 QU013A1  1846 2017    172      7      0    .627   1.86   4.51  1.077   .869   .222   2.66   .418   .022   1
  41 QU013B2  1855 2017    163      6      2    .408   2.00   5.38  1.144   .808   .256   2.65   .411   .049   2
  42 QU015A1  1862 2017    156      6      0    .612   1.29   3.79   .479   .546   .208   3.05   .448   .006   1
  43 QU015B1  1849 2017    169      7      0    .658   1.38   3.95   .659   .803   .220   2.86   .377   .033   1
  44 QU035A1  1865 2017    153      6      0    .756   2.26   4.75   .848   .379   .314   2.76   .489   .040   2
  45 QU035B1  1870 2017    148      6      0    .727   1.87   4.42   .716   .592   .269   2.68   .493  -.036   1
  46 QU1498E1 1860 2017    158      6      0    .671   2.22   4.30   .671   .670   .184   2.46   .306   .051   3
  47 QU1498N1 1851 2017    167      6      1    .551   2.14   4.56   .669   .684   .183   2.65   .410   .045   2
 --- -------- ---------  -----  -----  -----   ------ -----  -----  -----  -----  -----  -----  -----  -----  --
 Total or mean:           6452    244      9    .611   1.65   9.48   .680   .681   .227   3.09   .434   .006

                                              - = [  COFECHA OAKS4COF  ] = -
