[]  Dendrochronology Program Library                                        Run OAKS5  Program COF  14:10  Tue 01 Aug 2017  Page   1
[]
[]  P R O G R A M      C O F E C H A                                                                          Version 6.06P    30165
------------------------------------------------------------------------------------------------------------------------------------

 QUALITY CONTROL AND DATING CHECK OF TREE-RING MEASUREMENTS

 Title of run:           oaks5                                   

 File of DATED series:   oaks5_master_trw.rwl

 CONTENTS:

    Part 1:  Title page, options selected, summary, absent rings by series
    Part 2:  Histogram of time spans
    Part 3:  Master series with sample depth and absent rings by year
    Part 4:  Bar plot of Master Dating Series
    Part 5:  Correlation by segment of each series with Master
    Part 6:  Potential problems: low correlation, divergent year-to-year changes, absent rings, outliers
    Part 7:  Descriptive statistics

 RUN CONTROL OPTIONS SELECTED                             VALUE

         1  Cubic smoothing spline 50% wavelength cutoff for filtering
                                                            32 years
         2  Segments examined are                           50 years lagged successively by  25 years
         3  Autoregressive model applied                     A  Residuals are used in master dating series and testing
         4  Series transformed to logarithms                 Y  Each series log-transformed for master dating series and testing
         5  CORRELATION is Pearson (parametric, quantitative)
            Critical correlation, 99% confidence level   .3281
         6  Master dating series saved                       N
         7  Ring measurements listed                         N
         8  Parts printed                              1234567 
         9  Absent rings are omitted from master series and segment correlations  (Y)

 Time span of Master dating series is  1836 to  2017   182 years
 Continuous time span is               1836 to  2017   182 years
 Portion with two or more series is    1837 to  2017   181 years


                                        ****************************************
                                        *C* Number of dated series        47 *C*
                                        *O* Master series 1836 2017  182 yrs *O*
                                        *F* Total rings in all series   6450 *F*
                                        *E* Total dated rings checked   6449 *E*
                                        *C* Series intercorrelation     .620 *C*
                                        *H* Average mean sensitivity    .227 *H*
                                        *A* Segments, possible problems    5 *A*
                                        *** Mean length of series      137.2 ***
                                        ****************************************

 ABSENT RINGS listed by SERIES:            (See Master Dating Series for absent rings listed by year)

               No ring measurements of zero value
PART 2:  TIME PLOT OF TREE-RING SERIES: oaks5                                                      14:10  Tue 01 Aug 2017  Page   2
------------------------------------------------------------------------------------------------------------------------------------
 1050 1100 1150 1200 1250 1300 1350 1400 1450 1500 1550 1600 1650 1700 1750 1800 1850 1900 1950 2000 2050 Ident   Seq Time-span  Yrs
   :    :    :    :    :    :    :    :    :    :    :    :    :    :    :    :    :    :    :    :    : -------- --- ---- ---- ----
   .    .    .    .    .    .    .    .    .    .    .    .    .    .    .    .  <=================>   . QU024A1    1 1837 2017  181
   .    .    .    .    .    .    .    .    .    .    .    .    .    .    .    .    .    . <========>   . QU024B1    2 1925 2017   93
   .    .    .    .    .    .    .    .    .    .    .    .    .    .    .    .    .  <============>   . QU1482E1   3 1884 2017  134
   .    .    .    .    .    .    .    .    .    .    .    .    .    .    .    .    .  <============>   . QU1482N1   4 1887 2017  131
   .    .    .    .    .    .    .    .    .    .    .    .    .    .    .    .    .    .    .<====>   . QU1485B1   5 1963 2017   55
   .    .    .    .    .    .    .    .    .    .    .    .    .    .    .    .    .    .    .<====>   . QU1485E1   6 1967 2017   51
   .    .    .    .    .    .    .    .    .    .    .    .    .    .    .    .    .    .    .<====>   . QU1485W1   7 1961 2017   57
   .    .    .    .    .    .    .    .    .    .    .    .    .    .    .    .    .    .<=========>   . QU1488N1   8 1917 2017  101
   .    .    .    .    .    .    .    .    .    .    .    .    .    .    .    .    .    <==========>   . QU1488W1   9 1904 2017  114
   .    .    .    .    .    .    .    .    .    .    .    .    .    .    .    .    .<==============>   . QU1491E1  10 1862 2017  156
   .    .    .    .    .    .    .    .    .    .    .    .    .    .    .    .  <=================>   . QU1491N1  11 1837 2017  181
   .    .    .    .    .    .    .    .    .    .    .    .    .    .    .    .    .<==============>   . QU052A1   12 1863 2017  155
   .    .    .    .    .    .    .    .    .    .    .    .    .    .    .    .    . <=============>   . QU052B1   13 1870 2017  148
   .    .    .    .    .    .    .    .    .    .    .    .    .    .    .    .    .<==============>   . QU1411E1  14 1864 2017  154
   .    .    .    .    .    .    .    .    .    .    .    .    .    .    .    .    .<==============>   . QU1411N1  15 1861 2017  157
   .    .    .    .    .    .    .    .    .    .    .    .    .    .    .    .   <================>   . QU1427E1  16 1845 2017  173
   .    .    .    .    .    .    .    .    .    .    .    .    .    .    .    .    <===============>   . QU1427N1  17 1850 2017  168
   .    .    .    .    .    .    .    .    .    .    .    .    .    .    .    .    <===============>   . QU1433E1  18 1855 2017  163
   .    .    .    .    .    .    .    .    .    .    .    .    .    .    .    .    .<==============>   . QU1433N3  19 1860 2017  158
   .    .    .    .    .    .    .    .    .    .    .    .    .    .    .    .    <===============>   . QU1436N1  20 1854 2017  164
   .    .    .    .    .    .    .    .    .    .    .    .    .    .    .    .   <================>   . QU1436W1  21 1849 2017  169
   .    .    .    .    .    .    .    .    .    .    .    .    .    .    .    .    <===============>   . QU1437N1  22 1851 2017  167
   .    .    .    .    .    .    .    .    .    .    .    .    .    .    .    .   <================>   . QU1437S1  23 1847 2017  171
   .    .    .    .    .    .    .    .    .    .    .    .    .    .    .    .   <================>   . QU1440E1  24 1847 2017  171
   .    .    .    .    .    .    .    .    .    .    .    .    .    .    .    .    <===============>   . QU1440N1  25 1853 2017  165
   .    .    .    .    .    .    .    .    .    .    .    .    .    .    .    .    <===============>   . QU041A1   26 1851 2017  167
   .    .    .    .    .    .    .    .    .    .    .    .    .    .    .    .    . <=============>   . QU041B1   27 1879 2017  139
   .    .    .    .    .    .    .    .    .    .    .    .    .    .    .    .    .    .  <=======>   . QU1442E1  28 1930 2017   88
   .    .    .    .    .    .    .    .    .    .    .    .    .    .    .    .    .    .  <=======>   . QU1442W1  29 1932 2017   86
   .    .    .    .    .    .    .    .    .    .    .    .    .    .    .    .    .    .  <=======>   . QU1444N1  30 1930 2017   88
   .    .    .    .    .    .    .    .    .    .    .    .    .    .    .    .    .    .  <=======>   . QU1444S1  31 1935 2017   83
   .    .    .    .    .    .    .    .    .    .    .    .    .    .    .    .    .    .    .  <==>   . QU1446S1  32 1987 2017   31
   .    .    .    .    .    .    .    .    .    .    .    .    .    .    .    .    .    .   <======>   . QU1446W1  33 1943 2017   75
   .    .    .    .    .    .    .    .    .    .    .    .    .    .    .    .    .    .  <=======>   . QU1470E1  34 1931 2017   87
   .    .    .    .    .    .    .    .    .    .    .    .    .    .    .    .    .    . <========>   . QU1470N1  35 1927 2017   91
   .    .    .    .    .    .    .    .    .    .    .    .    .    .    .    .  <=================>   . QU002A1   36 1836 2017  182
   .    .    .    .    .    .    .    .    .    .    .    .    .    .    .    .  <=================>   . QU002B1   37 1839 2017  179
   .    .    .    .    .    .    .    .    .    .    .    .    .    .    .    .    <===============>   . QU004A1   38 1855 2017  163
   .    .    .    .    .    .    .    .    .    .    .    .    .    .    .    .    <===============>   . QU004B1   39 1850 2017  168
   .    .    .    .    .    .    .    .    .    .    .    .    .    .    .    .   <================>   . QU013A1   40 1846 2017  172
   .    .    .    .    .    .    .    .    .    .    .    .    .    .    .    .    <===============>   . QU013B2   41 1855 2017  163
   .    .    .    .    .    .    .    .    .    .    .    .    .    .    .    .    .<==============>   . QU015A1   42 1862 2017  156
   .    .    .    .    .    .    .    .    .    .    .    .    .    .    .    .   <================>   . QU015B1   43 1849 2017  169
   .    .    .    .    .    .    .    .    .    .    .    .    .    .    .    .    .<==============>   . QU035A1   44 1865 2017  153
   .    .    .    .    .    .    .    .    .    .    .    .    .    .    .    .    . <=============>   . QU035B1   45 1870 2017  148
   .    .    .    .    .    .    .    .    .    .    .    .    .    .    .    .    .<==============>   . QU1498E1  46 1860 2017  158
   .    .    .    .    .    .    .    .    .    .    .    .    .    .    .    .    <===============>   . QU1498N1  47 1851 2017  167
   :    :    :    :    :    :    :    :    :    :    :    :    :    :    :    :    :    :    :    :    :
 1050 1100 1150 1200 1250 1300 1350 1400 1450 1500 1550 1600 1650 1700 1750 1800 1850 1900 1950 2000 2050
PART 3:  Master Dating Series: oaks5                                                               14:10  Tue 01 Aug 2017  Page   3
------------------------------------------------------------------------------------------------------------------------------------
  Year  Value  No Ab    Year  Value  No Ab    Year  Value  No Ab    Year  Value  No Ab    Year  Value  No Ab    Year  Value  No Ab
  ------------------    ------------------    ------------------    ------------------    ------------------    ------------------
                        1850  -.321  12       1900  -.097  33       1950   .018  43       2000   .535  47
                        1851  1.281  15       1901  -.629  33       1951  1.143  43       2001  -.812  47
                        1852  -.847  15       1902  1.768  33       1952  -.597  43       2002  -.244  47
                        1853   .077  16       1903  1.476  33       1953   .573  43       2003  -.190  47
                        1854   .529  17       1904   .888  34       1954  -.143  43       2004   .623  47
                        1855   .354  20       1905   .911  34       1955   .326  43       2005  -.934  47
                        1856  -.048  20       1906  -.149  34       1956 -1.916  43       2006  -.124  47
                        1857   .363  20       1907   .388  34       1957  -.126  43       2007 -1.005  47
                        1858   .602  20       1908   .625  34       1958  1.250  43       2008   .948  47
                        1859   .098  20       1909   .030  34       1959   .664  43       2009   .170  47

                        1860   .985  22       1910 -2.068  34       1960  1.047  43       2010   .601  47
                        1861   .576  23       1911 -1.916  34       1961  1.218  44       2011   .935  47
                        1862  1.254  25       1912   .780  34       1962   .478  44       2012 -1.753  47
                        1863 -2.660  26       1913   .407  34       1963   .244  45       2013   .676  47
                        1864   .610  27       1914  -.323  34       1964   .212  45       2014   .692  47
                        1865  -.392  28       1915  1.324  34       1965   .797  45       2015   .566  47
                        1866  -.206  28       1916  1.809  34       1966  -.625  45       2016   .454  47
                        1867  -.461  28       1917   .801  35       1967  -.171  46       2017 -1.850  47
                        1868  -.690  28       1918  -.885  35       1968   .599  46
                        1869   .554  28       1919 -1.995  35       1969  1.675  46

                        1870  -.788  30       1920 -1.346  35       1970   .469  46
                        1871 -1.554  30       1921 -1.069  35       1971  -.550  46
                        1872  -.795  30       1922  -.064  35       1972  -.035  46
                        1873  -.949  30       1923  -.959  35       1973  -.202  46
                        1874 -1.716  30       1924   .223  35       1974 -2.025  46
                        1875   .567  30       1925  -.459  36       1975  -.301  46
                        1876   .876  30       1926   .330  36       1976 -1.054  46
                        1877   .702  30       1927   .725  37       1977 -1.373  46
                        1878  -.172  30       1928  1.408  37       1978  1.144  46
                        1879  1.052  31       1929   .499  37       1979   .646  46

                        1880  1.136  31       1930   .018  39       1980  1.592  46
                        1881   .753  31       1931  -.354  40       1981 -1.691  46
                        1882   .864  31       1932  1.065  41       1982 -1.127  46
                        1883   .688  31       1933   .658  41       1983   .381  46
                        1884   .760  32       1934 -1.159  41       1984  -.767  46
                        1885   .842  32       1935  1.619  42       1985  -.424  46
  1836 -2.155   1       1886  -.205  32       1936 -1.075  42       1986   .886  46
  1837   .884   3       1887  -.990  33       1937   .732  42       1987   .488  47
  1838 -2.342   3       1888 -1.689  33       1938  1.168  42       1988 -1.303  47
  1839  -.909   4       1889  1.152  33       1939 -1.695  42       1989  -.155  47

  1840   .706   4       1890   .571  33       1940 -1.088  42       1990  1.178  47
  1841   .605   4       1891   .463  33       1941   .607  42       1991  -.044  47
  1842  1.261   4       1892   .439  33       1942   .488  42       1992  -.608  47
  1843 -2.482   4       1893 -1.251  33       1943   .232  43       1993  2.022  47
  1844   .956   4       1894 -2.632  33       1944  -.350  43       1994  -.134  47
  1845   .401   5       1895 -2.290  33       1945   .760  43       1995  -.341  47
  1846  1.132   6       1896   .026  33       1946  -.976  43       1996  -.204  47
  1847  -.711   8       1897   .355  33       1947   .215  43       1997  -.055  47
  1848  -.133   8       1898  -.033  33       1948 -1.643  43       1998  1.031  47
  1849  -.010  10       1899   .158  33       1949 -1.167  43       1999   .910  47
------------------------------------------------------------------------------------------------------------------------------------
PART 4:  Master Bar Plot: oaks5                                                                    14:10  Tue 01 Aug 2017  Page   4
------------------------------------------------------------------------------------------------------------------------------------
   Year Rel value  Year Rel value  Year Rel value  Year Rel value  Year Rel value  Year Rel value  Year Rel value  Year Rel value
                   1850---a        1900----@       1950----@       2000------B
                   1851----------E 1901--c         1951---------E  2001--c
                   1852--c         1902----------G 1952--b         2002---a
                   1853-----@      1903----------F 1953-------B    2003----a
                   1854------B     1904--------D   1954----a       2004-------B
                   1855------A     1905---------D  1955-----A      2005--d
                   1856----@       1906----a       1956h           2006----@
                   1857------A     1907------B     1957----a       2007-d
                   1858-------B    1908-------C    1958----------E 2008---------D
                   1859-----@      1909----@       1959-------C    2009-----A
                   1860---------D  1910h           1960---------D  2010-------B
                   1861-------B    1911h           1961---------E  2011---------D
                   1862----------E 1912--------C   1962------B     2012g
                   1863k           1913------B     1963-----A      2013-------C
                   1864-------B    1914---a        1964-----A      2014--------C
                   1865---b        1915----------E 1965--------C   2015-------B
                   1866----a       1916----------G 1966--c         2016------B
                   1867---b        1917--------C   1967----a       2017g
                   1868--c         1918--d         1968-------B
                   1869-------B    1919h           1969----------G
                   1870--c         1920-e          1970------B
                   1871-f          1921-d          1971---b
                   1872--c         1922----@       1972----@
                   1873--d         1923-d          1973----a
                   1874g           1924-----A      1974h
                   1875-------B    1925---b        1975---a
                   1876--------D   1926-----A      1976-d
                   1877--------C   1927--------C   1977-e
                   1878----a       1928----------F 1978---------E
                   1879---------D  1929------B     1979-------C
                   1880---------E  1930----@       1980----------F
                   1881--------C   1931---a        1981g
                   1882--------C   1932---------D  1982-e
                   1883--------C   1933-------C    1983------B
                   1884--------C   1934-e          1984--c
                   1885--------C   1935----------F 1985---b
   1836i           1886----a       1936-d          1986--------D
   1837--------D   1887-d          1937--------C   1987------B
   1838i           1888g           1938---------E  1988-e
   1839--d         1889---------E  1939g           1989----a
   1840--------C   1890-------B    1940-d          1990---------E
   1841-------B    1891------B     1941-------B    1991----@
   1842----------E 1892------B     1942------B     1992--b
   1843j           1893-e          1943-----A      1993----------H
   1844---------D  1894k           1944---a        1994----a
   1845------B     1895i           1945--------C   1995---a
   1846---------E  1896----@       1946-d          1996----a
   1847--c         1897------A     1947-----A      1997----@
   1848----a       1898----@       1948g           1998---------D
   1849----@       1899-----A      1949-e          1999---------D
PART 5:  CORRELATION OF SERIES BY SEGMENTS: oaks5                                                  14:10  Tue 01 Aug 2017  Page   5
------------------------------------------------------------------------------------------------------------------------------------
 Correlations of  50-year dated segments, lagged  25 years
 Flags:  A = correlation under   .3281 but highest as dated;  B = correlation higher at other than dated position

 Seq Series  Time_span   1825 1850 1875 1900 1925 1950 1975
                         1874 1899 1924 1949 1974 1999 2024
 --- -------- ---------  ---- ---- ---- ---- ---- ---- ---- ---- ---- ---- ---- ---- ---- ---- ---- ---- ---- ---- ---- ----
   1 QU024A1  1837 2017   .64  .68  .74  .77  .63  .59  .67
   2 QU024B1  1925 2017                       .47  .50  .63
   3 QU1482E1 1884 2017             .62  .58  .41  .53  .63
   4 QU1482N1 1887 2017             .60  .67  .53  .67  .82
   5 QU1485B1 1963 2017                            .36  .35
   6 QU1485E1 1967 2017                            .50  .49
   7 QU1485W1 1961 2017                            .42  .41
   8 QU1488N1 1917 2017                  .55  .58  .60  .63
   9 QU1488W1 1904 2017                  .37  .53  .63  .65
  10 QU1491E1 1862 2017        .59  .60  .50  .49  .54  .52
  11 QU1491N1 1837 2017   .48  .54  .76  .70  .58  .61  .62
  12 QU052A1  1863 2017        .59  .60  .48  .45  .56  .43
  13 QU052B1  1870 2017        .60  .59  .59  .39  .46  .38
  14 QU1411E1 1864 2017        .72  .76  .71  .67  .69  .65
  15 QU1411N1 1861 2017        .77  .75  .68  .61  .60  .73
  16 QU1427E1 1845 2017   .66  .70  .72  .67  .65  .79  .74
  17 QU1427N1 1850 2017        .74  .82  .76  .73  .69  .67
  18 QU1433E1 1855 2017        .78  .79  .82  .74  .73  .74
  19 QU1433N3 1860 2017        .70  .70  .76  .71  .71  .76
  20 QU1436N1 1854 2017        .56  .79  .76  .65  .68  .74
  21 QU1436W1 1849 2017   .53  .54  .78  .71  .53  .42  .57
  22 QU1437N1 1851 2017        .58  .69  .80  .65  .47  .21B
  23 QU1437S1 1847 2017   .66  .63  .77  .76  .48  .49  .31A
  24 QU1440E1 1847 2017   .40  .44  .50  .64  .58  .61  .77
  25 QU1440N1 1853 2017        .53  .64  .69  .68  .69  .76
  26 QU041A1  1851 2017        .59  .53  .51  .47  .57  .65
  27 QU041B1  1879 2017             .44  .46  .44  .50  .39
  28 QU1442E1 1930 2017                       .64  .57  .59
  29 QU1442W1 1932 2017                       .60  .69  .67
  30 QU1444N1 1930 2017                       .66  .54  .46
  31 QU1444S1 1935 2017                       .61  .58  .64
  32 QU1446S1 1987 2017                                 .68
  33 QU1446W1 1943 2017                       .58  .71  .76
  34 QU1470E1 1931 2017                       .71  .59  .62
  35 QU1470N1 1927 2017                       .70  .58  .60
  36 QU002A1  1836 2017   .78  .83  .79  .70  .69  .73  .73
  37 QU002B1  1839 2017   .76  .80  .82  .77  .74  .76  .81
  38 QU004A1  1855 2017        .79  .82  .82  .75  .74  .82
  39 QU004B1  1850 2017        .76  .82  .84  .73  .75  .79
  40 QU013A1  1846 2017   .49  .45  .51  .69  .68  .72  .75
  41 QU013B2  1855 2017       -.17B-.09B .45  .74  .69  .73
  42 QU015A1  1862 2017        .72  .71  .70  .50  .47  .52
  43 QU015B1  1849 2017   .71  .70  .74  .72  .57  .59  .57
  44 QU035A1  1865 2017        .72  .78  .83  .81  .74  .74
  45 QU035B1  1870 2017        .79  .81  .75  .67  .71  .71
  46 QU1498E1 1860 2017        .67  .75  .80  .71  .57  .60
  47 QU1498N1 1851 2017        .35B .56  .70  .66  .58  .60
 Av segment correlation   .61  .62  .67  .68  .61  .61  .62
PART 6:  POTENTIAL PROBLEMS: oaks5                                                                 14:10  Tue 01 Aug 2017  Page   5
------------------------------------------------------------------------------------------------------------------------------------

 For each series with potential problems the following diagnostics may appear:

 [A] Correlations with master dating series of flagged  50-year segments of series filtered with  32-year spline,
     at every point from ten years earlier (-10) to ten years later (+10) than dated

 [B] Effect of those data values which most lower or raise correlation with master series
     Symbol following year indicates value in series is greater (>) or lesser (<) than master series value

 [C] Year-to-year changes very different from the mean change in other series

 [D] Absent rings (zero values)

 [E] Values which are statistical outliers from mean for the year
====================================================================================================================================

 QU024A1   1837 to  2017     181 years                                                                                    Series   1

 [B] Entire series, effect on correlation (  .669) is:
       Lower   1889< -.021   1844< -.015   1848> -.008   1888> -.007   1845< -.006   1984> -.005  Higher   1863  .027   1843  .010

====================================================================================================================================

 QU024B1   1925 to  2017      93 years                                                                                    Series   2

 [B] Entire series, effect on correlation (  .560) is:
       Lower   1939> -.044   1982> -.020   1956> -.019   1966> -.009   1945< -.009   1963< -.008  Higher   2012  .033   1936  .018

 [E] Outliers     1   3.0 SD above or -4.5 SD below mean for year
       1982 +3.4 SD
====================================================================================================================================

 QU1482E1  1884 to  2017     134 years                                                                                    Series   3

 [B] Entire series, effect on correlation (  .567) is:
       Lower   1956> -.021   1939> -.016   1907< -.014   1994< -.014   1981> -.012   1928< -.010  Higher   2012  .020   1910  .019

 [E] Outliers     1   3.0 SD above or -4.5 SD below mean for year
       1989 +3.4 SD
====================================================================================================================================

 QU1482N1  1887 to  2017     131 years                                                                                    Series   4

 [B] Entire series, effect on correlation (  .652) is:
       Lower   1889< -.019   1951< -.017   1963< -.015   1956> -.015   1939> -.013   1893> -.012  Higher   1974  .016   1910  .012

====================================================================================================================================

 QU1485B1  1963 to  2017      55 years                                                                                    Series   5

 [B] Entire series, effect on correlation (  .346) is:
       Lower   1981> -.044   1977> -.037   2017> -.032   1987< -.029   1990< -.023   1984> -.021  Higher   1974  .106   2012  .022

====================================================================================================================================

 QU1485E1  1967 to  2017      51 years                                                                                    Series   6

 [B] Entire series, effect on correlation (  .485) is:
       Lower   1977> -.051   1981> -.042   1970< -.018   1990< -.017   2017> -.014   2008< -.014  Higher   1974  .081   1969  .021

====================================================================================================================================

 QU1485W1  1961 to  2017      57 years                                                                                    Series   7

 [B] Entire series, effect on correlation (  .416) is:
       Lower   1970< -.080   1981> -.040   1977> -.038   2010< -.024   1982> -.019   2017> -.010  Higher   1974  .084   1969  .020

 [E] Outliers     1   3.0 SD above or -4.5 SD below mean for year
       1977 +3.1 SD
====================================================================================================================================

 QU1488N1  1917 to  2017     101 years                                                                                    Series   8

 [B] Entire series, effect on correlation (  .591) is:
       Lower   1981> -.035   1938< -.030   1939> -.026   1982> -.022   1952> -.012   1943< -.008  Higher   1974  .026   2017  .015

 [E] Outliers     1   3.0 SD above or -4.5 SD below mean for year
       1982 +3.8 SD
====================================================================================================================================

 QU1488W1  1904 to  2017     114 years                                                                                    Series   9

 [B] Entire series, effect on correlation (  .531) is:
       Lower   1938< -.068   1981> -.035   1939> -.025   1982> -.013   1911> -.013   1999< -.011  Higher   1974  .030   1993  .013

 [E] Outliers     1   3.0 SD above or -4.5 SD below mean for year
       1982 +3.1 SD
====================================================================================================================================

 QU1491E1  1862 to  2017     156 years                                                                                    Series  10

 [B] Entire series, effect on correlation (  .523) is:
       Lower   1863> -.021   1974> -.018   1926< -.018   1881< -.010   1918> -.009   1939> -.008  Higher   1981  .029   1935  .010

====================================================================================================================================

 QU1491N1  1837 to  2017     181 years                                                                                    Series  11

 [B] Entire series, effect on correlation (  .611) is:
       Lower   1965< -.022   1878< -.011   1843> -.011   1871> -.011   2003< -.009   1938< -.009  Higher   1863  .019   1981  .013

 [E] Outliers     1   3.0 SD above or -4.5 SD below mean for year
       1990 +3.3 SD
====================================================================================================================================

 QU052A1   1863 to  2017     155 years                                                                                    Series  12

 [B] Entire series, effect on correlation (  .479) is:
       Lower   1961< -.021   2006< -.018   2001> -.017   1936> -.016   1884< -.011   2003< -.011  Higher   1981  .036   1894  .016

 [E] Outliers     1   3.0 SD above or -4.5 SD below mean for year
       2001 +3.0 SD
====================================================================================================================================

 QU052B1   1870 to  2017     148 years                                                                                    Series  13

 [B] Entire series, effect on correlation (  .453) is:
       Lower   2017> -.031   2001> -.016   1956> -.013   1946> -.012   1888> -.012   2008< -.011  Higher   1981  .045   1948  .013

 [E] Outliers     1   3.0 SD above or -4.5 SD below mean for year
       2017 +3.6 SD
====================================================================================================================================

 QU1411E1  1864 to  2017     154 years                                                                                    Series  14

 [B] Entire series, effect on correlation (  .672) is:
       Lower   2000< -.052   1960< -.011   1962< -.007   1926< -.006   1936> -.006   1980< -.005  Higher   1939  .013   2017  .010

====================================================================================================================================

 QU1411N1  1861 to  2017     157 years                                                                                    Series  15

 [B] Entire series, effect on correlation (  .669) is:
       Lower   1952< -.023   1959< -.007   1983< -.006   2009> -.006   1926< -.006   1913< -.006  Higher   1894  .009   1993  .007

====================================================================================================================================

 QU1427E1  1845 to  2017     173 years                                                                                    Series  16

 [B] Entire series, effect on correlation (  .691) is:
       Lower   1894> -.024   1936> -.014   1946> -.010   1976> -.009   1848< -.008   2001> -.007  Higher   1863  .027   1981  .010

====================================================================================================================================

 QU1427N1  1850 to  2017     168 years                                                                                    Series  17

 [B] Entire series, effect on correlation (  .717) is:
       Lower   1871< -.014   2012> -.011   1922< -.007   1956> -.006   1992> -.005   1937< -.005  Higher   1939  .011   2017  .009

====================================================================================================================================

 QU1433E1  1855 to  2017     163 years                                                                                    Series  18

 [B] Entire series, effect on correlation (  .777) is:
       Lower   1974> -.013   1964< -.008   1870> -.005   1934> -.005   1996> -.005   1897< -.004  Higher   1863  .015   1981  .012

====================================================================================================================================

 QU1433N3  1860 to  2017     158 years                                                                                    Series  19

 [B] Entire series, effect on correlation (  .738) is:
       Lower   1934> -.014   1974> -.010   1897< -.010   1876< -.009   1975< -.008   1910> -.004  Higher   1981  .014   2012  .010

====================================================================================================================================

 QU1436N1  1854 to  2017     164 years                                                                                    Series  20

 [B] Entire series, effect on correlation (  .654) is:
       Lower   1870< -.023   1874> -.012   1956> -.010   2006> -.007   2000< -.006   1863> -.006  Higher   2012  .011   1981  .011

 [E] Outliers     1   3.0 SD above or -4.5 SD below mean for year
       1871 -5.0 SD
====================================================================================================================================

 QU1436W1  1849 to  2017     169 years                                                                                    Series  21

 [B] Entire series, effect on correlation (  .576) is:
       Lower   1994> -.028   1863> -.021   1974> -.010   1998< -.010   1961< -.009   1860< -.009  Higher   1981  .021   1939  .017

 [E] Outliers     1   3.0 SD above or -4.5 SD below mean for year
       1994 +4.1 SD
====================================================================================================================================

 QU1437N1  1851 to  2017     167 years                                                                                    Series  22

 [A] Segment   High   -10   -9   -8   -7   -6   -5   -4   -3   -2   -1   +0   +1   +2   +3   +4   +5   +6   +7   +8   +9  +10
    ---------  ----   ---  ---  ---  ---  ---  ---  ---  ---  ---  ---  ---  ---  ---  ---  ---  ---  ---  ---  ---  ---  ---
    1968 2017   -7    .21  .02  .10  .27*-.31 -.15  .01  .17  .05  .07  .21|   -    -    -    -    -    -    -    -    -    -

 [B] Entire series, effect on correlation (  .504) is:
       Lower   1984< -.025   2012> -.024   1875< -.014   2007> -.011   1853< -.011   2016< -.011  Higher   1939  .011   1948  .011
     1968 to 2017 segment:
       Lower   2012> -.052   2007> -.024   2014< -.021   2016< -.020   1996< -.012   2008< -.012  Higher   1980  .039   1990  .022

 [E] Outliers     1   3.0 SD above or -4.5 SD below mean for year
       1984 -6.2 SD
====================================================================================================================================

 QU1437S1  1847 to  2017     171 years                                                                                    Series  23

 [A] Segment   High   -10   -9   -8   -7   -6   -5   -4   -3   -2   -1   +0   +1   +2   +3   +4   +5   +6   +7   +8   +9  +10
    ---------  ----   ---  ---  ---  ---  ---  ---  ---  ---  ---  ---  ---  ---  ---  ---  ---  ---  ---  ---  ---  ---  ---
    1968 2017    0    .14 -.14  .01  .17 -.08  .05  .00  .09 -.33 -.02  .31*   -    -    -    -    -    -    -    -    -    -

 [B] Entire series, effect on correlation (  .514) is:
       Lower   2008< -.025   2015< -.023   1974> -.017   2012> -.014   1962< -.012   2007> -.011  Higher   1981  .029   2017  .010
     1968 to 2017 segment:
       Lower   2008< -.057   2015< -.046   1974> -.041   2012> -.033   2007> -.027   1994> -.025  Higher   1981  .135   2017  .037

 [E] Outliers     1   3.0 SD above or -4.5 SD below mean for year
       2001 -4.8 SD
====================================================================================================================================

 QU1440E1  1847 to  2017     171 years                                                                                    Series  24

 [B] Entire series, effect on correlation (  .576) is:
       Lower   1956> -.017   1847> -.014   1934> -.009   1888> -.009   1952> -.008   1896< -.008  Higher   1981  .014   2017  .013

 [E] Outliers     1   3.0 SD above or -4.5 SD below mean for year
       1939 -5.9 SD
====================================================================================================================================

 QU1440N1  1853 to  2017     165 years                                                                                    Series  25

 [B] Entire series, effect on correlation (  .649) is:
       Lower   1863> -.015   1853< -.013   1961< -.012   1995< -.011   1952> -.009   1924< -.008  Higher   1939  .013   1981  .013

====================================================================================================================================

 QU041A1   1851 to  2017     167 years                                                                                    Series  26

 [B] Entire series, effect on correlation (  .561) is:
       Lower   1878< -.019   1881< -.013   1871> -.012   1873> -.011   1948> -.010   1972< -.009  Higher   1863  .046   1894  .015

 [E] Outliers     2   3.0 SD above or -4.5 SD below mean for year
       1863 -5.2 SD;    1957 +3.2 SD
====================================================================================================================================

 QU041B1   1879 to  2017     139 years                                                                                    Series  27

 [B] Entire series, effect on correlation (  .425) is:
       Lower   1881< -.053   2012> -.023   1972< -.015   1977> -.013   2005> -.013   1938< -.012  Higher   1981  .025   1993  .019

====================================================================================================================================

 QU1442E1  1930 to  2017      88 years                                                                                    Series  28

 [B] Entire series, effect on correlation (  .586) is:
       Lower   1981> -.037   1934> -.020   1953< -.015   1950< -.014   2011< -.013   1994> -.012  Higher   2017  .027   1974  .022

 [E] Outliers     1   3.0 SD above or -4.5 SD below mean for year
       2008 +3.1 SD
====================================================================================================================================

 QU1442W1  1932 to  2017      86 years                                                                                    Series  29

 [B] Entire series, effect on correlation (  .600) is:
       Lower   1939> -.048   1932< -.020   2011< -.017   1944> -.012   1953< -.011   2000< -.010  Higher   1956  .029   2017  .022

====================================================================================================================================

 QU1444N1  1930 to  2017      88 years                                                                                    Series  30

 [B] Entire series, effect on correlation (  .566) is:
       Lower   1981> -.044   2001< -.024   1994> -.014   1948> -.011   1968< -.009   1978< -.008  Higher   1936  .018   1956  .014

====================================================================================================================================

 QU1444S1  1935 to  2017      83 years                                                                                    Series  31

 [B] Entire series, effect on correlation (  .590) is:
       Lower   1949< -.026   1950< -.017   1939> -.015   1994> -.015   1992< -.014   2011< -.014  Higher   2012  .028   1974  .019

====================================================================================================================================

 QU1446S1  1987 to  2017      31 years                                                                                    Series  32

 [B] Entire series, effect on correlation (  .681) is:
       Lower   2008< -.039   1996< -.035   1990< -.022   1987> -.014   2012> -.011   1988> -.010  Higher   2017  .081   1993  .019

====================================================================================================================================

 QU1446W1  1943 to  2017      75 years                                                                                    Series  33

 [B] Entire series, effect on correlation (  .672) is:
       Lower   1948> -.034   1949> -.018   1982> -.015   1961< -.013   1955< -.011   1965< -.010  Higher   2012  .032   1956  .027

 [E] Outliers     1   3.0 SD above or -4.5 SD below mean for year
       1948 +3.3 SD
====================================================================================================================================

 QU1470E1  1931 to  2017      87 years                                                                                    Series  34

 [B] Entire series, effect on correlation (  .648) is:
       Lower   1994> -.033   1981> -.022   1957< -.017   1948> -.015   1990< -.011   1995> -.009  Higher   1956  .028   2012  .023

 [E] Outliers     1   3.0 SD above or -4.5 SD below mean for year
       1994 +3.3 SD
====================================================================================================================================

 QU1470N1  1927 to  2017      91 years                                                                                    Series  35

 [B] Entire series, effect on correlation (  .623) is:
       Lower   1981> -.034   1990< -.016   1948> -.012   1994> -.011   1999< -.010   1957< -.010  Higher   1956  .029   1974  .027

====================================================================================================================================

 QU002A1   1836 to  2017     182 years                                                                                    Series  36

 [*] Early part of series cannot be checked from 1836 to 1836 -- not matched by another series

 [B] Entire series, effect on correlation (  .746) is:
       Lower   1843> -.014   1939> -.010   1996< -.009   1981> -.008   1948> -.005   1918> -.005  Higher   1863  .019   2012  .008

====================================================================================================================================

 QU002B1   1839 to  2017     179 years                                                                                    Series  37

 [B] Entire series, effect on correlation (  .759) is:
       Lower   1963< -.009   1946> -.005   2017> -.005   1948> -.004   1848> -.004   1981> -.004  Higher   1863  .007   1894  .005

====================================================================================================================================

 QU004A1   1855 to  2017     163 years                                                                                    Series  38

 [B] Entire series, effect on correlation (  .788) is:
       Lower   1954< -.016   1981> -.014   1886> -.007   1942< -.006   1871> -.005   1966> -.005  Higher   1863  .017   1894  .008

====================================================================================================================================

 QU004B1   1850 to  2017     168 years                                                                                    Series  39

 [B] Entire series, effect on correlation (  .764) is:
       Lower   2006< -.009   1871> -.008   1867< -.006   1870> -.006   1853< -.005   1850> -.005  Higher   1863  .020   1974  .008

====================================================================================================================================

 QU013A1   1846 to  2017     172 years                                                                                    Series  40

 [B] Entire series, effect on correlation (  .624) is:
       Lower   1861< -.014   1856< -.012   1888> -.011   1899< -.007   1878> -.007   1977> -.006  Higher   1981  .021   1939  .015

====================================================================================================================================

 QU013B2   1855 to  2017     163 years                                                                                    Series  41

 [A] Segment   High   -10   -9   -8   -7   -6   -5   -4   -3   -2   -1   +0   +1   +2   +3   +4   +5   +6   +7   +8   +9  +10
    ---------  ----   ---  ---  ---  ---  ---  ---  ---  ---  ---  ---  ---  ---  ---  ---  ---  ---  ---  ---  ---  ---  ---
    1855 1904  -10    .45*-.06  .44  .10  .13  .22 -.36  .14 -.18 -.15 -.17|-.06 -.21 -.16 -.22 -.07  .17 -.11  .23 -.04  .08
    1875 1924   -9    .39  .42* .38  .27  .18 -.02 -.27 -.12 -.23 -.29 -.09|-.05 -.07 -.17 -.12 -.02 -.06 -.11 -.11 -.08  .11

 [B] Entire series, effect on correlation (  .406) is:
       Lower   1863> -.038   1910> -.022   1879< -.015   1888> -.014   1874> -.014   1894> -.013  Higher   1981  .037   1939  .032
     1855 to 1904 segment:
       Lower   1863> -.044   1879< -.034   1888> -.029   1874> -.028   1870> -.024   1903< -.021  Higher   1871  .052   1889  .038
     1875 to 1924 segment:
       Lower   1910> -.063   1879< -.043   1888> -.043   1911> -.041   1903< -.026   1880< -.021  Higher   1919  .052   1912  .050

 [E] Outliers     3   3.0 SD above or -4.5 SD below mean for year
       1863 +3.7 SD;    1894 +3.0 SD;    1911 +3.2 SD
====================================================================================================================================

 QU015A1   1862 to  2017     156 years                                                                                    Series  42

 [B] Entire series, effect on correlation (  .614) is:
       Lower   1929< -.026   2009< -.016   1968< -.010   1976> -.008   1971> -.007   2005> -.007  Higher   1863  .029   1939  .015

 [E] Outliers     1   3.0 SD above or -4.5 SD below mean for year
       1990 +3.2 SD
====================================================================================================================================

 QU015B1   1849 to  2017     169 years                                                                                    Series  43

 [B] Entire series, effect on correlation (  .657) is:
       Lower   1929< -.014   1976> -.011   1974> -.008   1958< -.007   1994> -.007   1948> -.006  Higher   1863  .033   1981  .013

 [E] Outliers     1   3.0 SD above or -4.5 SD below mean for year
       2004 +3.2 SD
====================================================================================================================================

 QU035A1   1865 to  2017     153 years                                                                                    Series  44

 [B] Entire series, effect on correlation (  .758) is:
       Lower   1981> -.014   1878> -.009   1939> -.008   1985< -.006   1880< -.005   1986< -.004  Higher   1956  .011   1894  .009

====================================================================================================================================

 QU035B1   1870 to  2017     148 years                                                                                    Series  45

 [B] Entire series, effect on correlation (  .724) is:
       Lower   1939> -.009   2009< -.008   1878> -.007   1981> -.007   1965< -.006   1963< -.004  Higher   1894  .013   1956  .013

====================================================================================================================================

 QU1498E1  1860 to  2017     158 years                                                                                    Series  46

 [B] Entire series, effect on correlation (  .669) is:
       Lower   1974> -.012   1862< -.010   2001> -.009   1958< -.008   1976> -.005   1996> -.005  Higher   1910  .010   1894  .008

 [E] Outliers     1   3.0 SD above or -4.5 SD below mean for year
       1981 -4.7 SD
====================================================================================================================================

 QU1498N1  1851 to  2017     167 years                                                                                    Series  47

 [A] Segment   High   -10   -9   -8   -7   -6   -5   -4   -3   -2   -1   +0   +1   +2   +3   +4   +5   +6   +7   +8   +9  +10
    ---------  ----   ---  ---  ---  ---  ---  ---  ---  ---  ---  ---  ---  ---  ---  ---  ---  ---  ---  ---  ---  ---  ---
    1851 1900    1   -.05 -.27 -.04  .06 -.06 -.09 -.15 -.28 -.19 -.14  .35| .36* .04  .09  .02  .19  .04  .02  .29  .03 -.08

 [B] Entire series, effect on correlation (  .550) is:
       Lower   1862< -.034   1851< -.022   1871> -.010   1895> -.007   1923> -.007   1920> -.007  Higher   1863  .035   1981  .028
     1851 to 1900 segment:
       Lower   1862< -.101   1851< -.066   1871> -.027   1895> -.017   1889< -.017   1860< -.016  Higher   1863  .193   1893  .038

====================================================================================================================================
PART 7:  DESCRIPTIVE STATISTICS: oaks5                                                             14:10  Tue 01 Aug 2017  Page   6
------------------------------------------------------------------------------------------------------------------------------------

                                                Corr   //-------- Unfiltered --------\\  //---- Filtered -----\\
                           No.    No.    No.    with   Mean   Max     Std   Auto   Mean   Max     Std   Auto  AR
 Seq Series   Interval   Years  Segmt  Flags   Master  msmt   msmt    dev   corr   sens  value    dev   corr  ()
 --- -------- ---------  -----  -----  -----   ------ -----  -----  -----  -----  -----  -----  -----  -----  --
   1 QU024A1  1837 2017    181      7      0    .669   1.86   4.00   .568   .464   .253   2.52   .382  -.024   1
   2 QU024B1  1925 2017     93      3      0    .560   2.53   4.59   .763   .610   .226   2.60   .393  -.035   1
   3 QU1482E1 1884 2017    134      5      0    .567   2.04   5.11   .886   .741   .233   2.83   .472  -.031   1
   4 QU1482N1 1887 2017    131      5      0    .652   1.91   5.28   .839   .712   .232   2.90   .537   .003   1
   5 QU1485B1 1963 2017     55      2      0    .346    .87   1.87   .369   .790   .236   2.87   .503   .043   1
   6 QU1485E1 1967 2017     51      2      0    .485    .86   1.75   .349   .773   .224   2.57   .496  -.043   1
   7 QU1485W1 1961 2017     57      2      0    .416    .80   2.11   .396   .769   .258   2.54   .478  -.044   1
   8 QU1488N1 1917 2017    101      4      0    .591   2.41   5.25  1.304   .856   .221   2.65   .448  -.001   1
   9 QU1488W1 1904 2017    114      4      0    .531   2.00   7.30  1.327   .820   .238   2.89   .510  -.043   1
  10 QU1491E1 1862 2017    156      6      0    .523   1.68   3.89   .745   .816   .186   2.60   .341   .001   2
  11 QU1491N1 1837 2017    181      7      0    .611   1.68   3.93   .812   .824   .204   2.95   .448  -.016   1
  12 QU052A1  1863 2017    155      6      0    .479   1.27   3.02   .491   .612   .227   2.64   .383   .042   1
  13 QU052B1  1870 2017    148      6      0    .453   1.22   2.81   .423   .638   .206   2.58   .358  -.010   2
  14 QU1411E1 1864 2017    154      6      0    .672   1.25   5.16   .619   .750   .241   2.69   .456  -.022   1
  15 QU1411N1 1861 2017    157      6      0    .669   1.41   4.59   .582   .742   .209   2.49   .343  -.039   2
  16 QU1427E1 1845 2017    173      7      0    .691   1.28   3.43   .547   .764   .214   2.68   .461   .008   1
  17 QU1427N1 1850 2017    168      6      0    .717   1.33   4.21   .626   .656   .261   3.09   .426  -.009   1
  18 QU1433E1 1855 2017    163      6      0    .777   1.74   3.70   .621   .698   .214   2.69   .515   .008   1
  19 QU1433N3 1860 2017    158      6      0    .738   1.73   3.22   .576   .706   .208   2.59   .429  -.016   2
  20 QU1436N1 1854 2017    164      6      0    .654   1.25   3.34   .502   .669   .247   2.69   .419   .081   1
  21 QU1436W1 1849 2017    169      7      0    .576   1.19   2.84   .472   .701   .219   3.00   .455   .046   1
  22 QU1437N1 1851 2017    167      6      1    .504   1.15   4.96   .857   .875   .273   2.64   .359   .019   1
  23 QU1437S1 1847 2017    171      7      1    .514    .94   3.77   .607   .822   .276   2.66   .469  -.014   1
  24 QU1440E1 1847 2017    171      7      0    .576   1.29   2.68   .605   .810   .233   2.42   .321   .004   1
  25 QU1440N1 1853 2017    165      6      0    .649   1.32   4.08   .579   .760   .226   2.88   .433   .023   1
  26 QU041A1  1851 2017    167      6      0    .561   1.73   4.58   .657   .709   .218   2.63   .307  -.020   1
  27 QU041B1  1879 2017    139      5      0    .425   1.51   2.61   .476   .752   .180   2.83   .435  -.048   1
  28 QU1442E1 1930 2017     88      3      0    .586   1.96   4.89   .855   .858   .153   2.99   .455   .007   1
  29 QU1442W1 1932 2017     86      3      0    .600   2.11   3.80   .678   .670   .194   2.92   .674   .017   1
  30 QU1444N1 1930 2017     88      3      0    .566   1.73   5.73   .957   .872   .146   2.63   .449  -.110   1
  31 QU1444S1 1935 2017     83      3      0    .590   2.08   4.94   .771   .795   .198   2.53   .525   .029   1
  32 QU1446S1 1987 2017     31      1      0    .681   4.50   9.48  2.087   .740   .184   2.65   .620  -.060   1
  33 QU1446W1 1943 2017     75      3      0    .672   2.29   5.58   .907   .859   .157   2.88   .514  -.033   2
  34 QU1470E1 1931 2017     87      3      0    .648   2.32   5.00   .738   .524   .221   2.81   .596   .022   1
  35 QU1470N1 1927 2017     91      3      0    .623   2.43   4.43   .636   .491   .202   2.66   .473   .020   1
  36 QU002A1  1836 2017    182      7      0    .746   1.53   3.16   .465   .302   .274   2.78   .453  -.009   1
  37 QU002B1  1839 2017    179      7      0    .759   1.58   3.31   .502   .229   .297   2.62   .421   .031   1
  38 QU004A1  1855 2017    163      6      0    .788   1.72   2.96   .486   .467   .226   2.59   .502   .017   1
  39 QU004B1  1850 2017    168      6      0    .764   1.50   3.66   .461   .542   .228   2.62   .424   .069   1
  40 QU013A1  1846 2017    172      7      0    .624   1.86   4.51  1.077   .869   .222   2.66   .418   .022   1
  41 QU013B2  1855 2017    163      6      2    .406   2.00   5.38  1.144   .808   .256   2.65   .411   .049   2
  42 QU015A1  1862 2017    156      6      0    .614   1.29   3.79   .479   .546   .208   3.05   .448   .006   1
  43 QU015B1  1849 2017    169      7      0    .657   1.38   3.95   .659   .803   .220   2.86   .377   .033   1
  44 QU035A1  1865 2017    153      6      0    .758   2.26   4.75   .848   .379   .314   2.76   .489   .040   2
  45 QU035B1  1870 2017    148      6      0    .724   1.87   4.42   .716   .592   .269   2.68   .493  -.036   1
  46 QU1498E1 1860 2017    158      6      0    .669   2.22   4.30   .671   .670   .184   2.46   .306   .051   3
  47 QU1498N1 1851 2017    167      6      1    .550   2.14   4.56   .669   .684   .183   2.65   .410   .045   2
 --- -------- ---------  -----  -----  -----   ------ -----  -----  -----  -----  -----  -----  -----  -----  --
 Total or mean:           6450    244      5    .620   1.66   9.48   .681   .681   .227   3.09   .434   .006

                                              - = [  COFECHA OAKS5COF  ] = -
