[]  Dendrochronology Program Library                                        Run TIAM3  Program COF  14:13  Tue 01 Aug 2017  Page   1
[]
[]  P R O G R A M      C O F E C H A                                                                          Version 6.06P    30165
------------------------------------------------------------------------------------------------------------------------------------

 QUALITY CONTROL AND DATING CHECK OF TREE-RING MEASUREMENTS

 File of DATED series:   tilia3_trw.rwl

 CONTENTS:

    Part 1:  Title page, options selected, summary, absent rings by series
    Part 2:  Histogram of time spans
    Part 3:  Master series with sample depth and absent rings by year
    Part 4:  Bar plot of Master Dating Series
    Part 5:  Correlation by segment of each series with Master
    Part 6:  Potential problems: low correlation, divergent year-to-year changes, absent rings, outliers
    Part 7:  Descriptive statistics

 RUN CONTROL OPTIONS SELECTED                             VALUE

         1  Cubic smoothing spline 50% wavelength cutoff for filtering
                                                            32 years
         2  Segments examined are                           50 years lagged successively by  25 years
         3  Autoregressive model applied                     A  Residuals are used in master dating series and testing
         4  Series transformed to logarithms                 Y  Each series log-transformed for master dating series and testing
         5  CORRELATION is Pearson (parametric, quantitative)
            Critical correlation, 99% confidence level   .3281
         6  Master dating series saved                       N
         7  Ring measurements listed                         N
         8  Parts printed                              1234567 
         9  Absent rings are omitted from master series and segment correlations  (Y)

 Time span of Master dating series is  1930 to  2017    88 years
 Continuous time span is               1930 to  2017    88 years
 Portion with two or more series is    1935 to  2017    83 years


                                        ****************************************
                                        *C* Number of dated series        18 *C*
                                        *O* Master series 1930 2017   88 yrs *O*
                                        *F* Total rings in all series   1181 *F*
                                        *E* Total dated rings checked   1176 *E*
                                        *C* Series intercorrelation     .493 *C*
                                        *H* Average mean sensitivity    .394 *H*
                                        *A* Segments, possible problems    8 *A*
                                        *** Mean length of series       65.6 ***
                                        ****************************************

 ABSENT RINGS listed by SERIES:            (See Master Dating Series for absent rings listed by year)

               No ring measurements of zero value
PART 2:  TIME PLOT OF TREE-RING SERIES:                                                            14:13  Tue 01 Aug 2017  Page   2
------------------------------------------------------------------------------------------------------------------------------------
 1050 1100 1150 1200 1250 1300 1350 1400 1450 1500 1550 1600 1650 1700 1750 1800 1850 1900 1950 2000 2050 Ident   Seq Time-span  Yrs
   :    :    :    :    :    :    :    :    :    :    :    :    :    :    :    :    :    :    :    :    : -------- --- ---- ---- ----
   .    .    .    .    .    .    .    .    .    .    .    .    .    .    .    .    .    .    .<====>   . TI1478E1   1 1964 2017   54
   .    .    .    .    .    .    .    .    .    .    .    .    .    .    .    .    .    .    .<====>   . TI1478N1   2 1961 2016   56
   .    .    .    .    .    .    .    .    .    .    .    .    .    .    .    .    .    .    .<====>   . TI1486E1   3 1960 2016   57
   .    .    .    .    .    .    .    .    .    .    .    .    .    .    .    .    .    .    .<====>   . TI1486N1   4 1969 2016   48
   .    .    .    .    .    .    .    .    .    .    .    .    .    .    .    .    .    .    <=====>   . TI054A1    5 1959 2017   59
   .    .    .    .    .    .    .    .    .    .    .    .    .    .    .    .    .    .    <=====>   . TI054B1    6 1959 2017   59
   .    .    .    .    .    .    .    .    .    .    .    .    .    .    .    .    .    .  <=======>   . TI1452E1   7 1938 2017   80
   .    .    .    .    .    .    .    .    .    .    .    .    .    .    .    .    .    .  <=======>   . TI1452N1   8 1938 2016   79
   .    .    .    .    .    .    .    .    .    .    .    .    .    .    .    .    .    .   <======>   . TI1456E1   9 1949 2017   69
   .    .    .    .    .    .    .    .    .    .    .    .    .    .    .    .    .    .    <=====>   . TI1456N1  10 1950 2017   68
   .    .    .    .    .    .    .    .    .    .    .    .    .    .    .    .    .    .  <=======>   . TI1461E2  11 1935 2016   82
   .    .    .    .    .    .    .    .    .    .    .    .    .    .    .    .    .    .  <=======>   . TI1461N1  12 1930 2017   88
   .    .    .    .    .    .    .    .    .    .    .    .    .    .    .    .    .    .  <=======>   . TI1476E1  13 1938 2017   80
   .    .    .    .    .    .    .    .    .    .    .    .    .    .    .    .    .    .   <======>   . TI1476N1  14 1944 2017   74
   .    .    .    .    .    .    .    .    .    .    .    .    .    .    .    .    .    .    <=====>   . TI023A2   15 1955 2016   62
   .    .    .    .    .    .    .    .    .    .    .    .    .    .    .    .    .    .    .<====>   . TI023B2   16 1964 2016   53
   .    .    .    .    .    .    .    .    .    .    .    .    .    .    .    .    .    .    .<====>   . TI1604E1  17 1966 2016   51
   .    .    .    .    .    .    .    .    .    .    .    .    .    .    .    .    .    .    <=====>   . TI1604N1  18 1955 2016   62
   :    :    :    :    :    :    :    :    :    :    :    :    :    :    :    :    :    :    :    :    :
 1050 1100 1150 1200 1250 1300 1350 1400 1450 1500 1550 1600 1650 1700 1750 1800 1850 1900 1950 2000 2050
PART 3:  Master Dating Series:                                                                     14:13  Tue 01 Aug 2017  Page   3
------------------------------------------------------------------------------------------------------------------------------------
  Year  Value  No Ab    Year  Value  No Ab    Year  Value  No Ab    Year  Value  No Ab    Year  Value  No Ab    Year  Value  No Ab
  ------------------    ------------------    ------------------    ------------------    ------------------    ------------------
                        1950   .071   8       2000   .979  18
                        1951 -1.244   8       2001   .236  18
                        1952   .267   8       2002   .027  18
                        1953  -.896   8       2003   .074  18
                        1954   .107   8       2004  1.003  18
                        1955   .340  10       2005 -1.190  18
                        1956   .273  10       2006  -.532  18
                        1957  -.244  10       2007 -1.327  18
                        1958 -2.470  10       2008   .196  18
                        1959  -.741  12       2009   .359  18

                        1960   .648  13       2010  -.613  18
                        1961  -.396  14       2011  1.200  18
                        1962  -.118  14       2012  -.609  18
                        1963   .126  14       2013  -.392  18
                        1964   .793  16       2014   .804  18
                        1965   .570  16       2015   .791  18
                        1966   .833  17       2016   .153  18
                        1967   .396  17       2017  -.846   9
                        1968  -.044  17
                        1969   .592  18

                        1970   .709  18
                        1971   .346  18
                        1972   .982  18
                        1973  -.162  18
                        1974  -.993  18
                        1975 -3.112  18
                        1976 -2.363  18
                        1977  -.760  18
                        1978   .337  18
                        1979   .485  18

  1930 -3.821   1       1980   .587  18
  1931  -.911   1       1981  -.020  18
  1932   .414   1       1982  -.221  18
  1933   .630   1       1983   .667  18
  1934  1.337   1       1984   .781  18
  1935   .182   2       1985   .763  18
  1936 -2.518   2       1986  1.309  18
  1937  2.080   2       1987   .557  18
  1938  -.943   5       1988 -1.201  18
  1939   .422   5       1989  -.268  18

  1940   .019   5       1990  -.579  18
  1941  1.236   5       1991  -.298  18
  1942  -.113   5       1992   .215  18
  1943  1.715   5       1993  1.040  18
  1944  -.010   6       1994  -.134  18
  1945   .343   6       1995  -.914  18
  1946  1.154   6       1996  -.711  18
  1947  -.365   6       1997  -.177  18
  1948   .264   6       1998  1.252  18
  1949   .610   7       1999   .978  18
------------------------------------------------------------------------------------------------------------------------------------
PART 4:  Master Bar Plot:                                                                          14:13  Tue 01 Aug 2017  Page   4
------------------------------------------------------------------------------------------------------------------------------------
   Year Rel value  Year Rel value  Year Rel value  Year Rel value  Year Rel value  Year Rel value  Year Rel value  Year Rel value
                   1950----@       2000---------D
                   1951-e          2001-----A
                   1952------A     2002----@
                   1953-d          2003----@
                   1954-----@      2004---------D
                   1955------A     2005-e
                   1956------A     2006--b
                   1957---a        2007-e
                   1958j           2008-----A
                   1959--c         2009------A
                   1960--------C   2010--b
                   1961---b        2011----------E
                   1962---@        2012--b
                   1963-----A      2013---b
                   1964--------C   2014--------C
                   1965-------B    2015--------C
                   1966--------C   2016-----A
                   1967------B     2017-c
                   1968----@
                   1969-------B
                   1970--------C
                   1971------A
                   1972---------D
                   1973---a
                   1974-d
                   1975l
                   1976i
                   1977-c
                   1978------A
                   1979-------B
   1930o           1980-------B
   1931-d          1981----@
   1932------B     1982---a
   1933-------C    1983--------C
   1934----------E 1984--------C
   1935-----A      1985--------C
   1936j           1986----------E
   1937----------H 1987-------B
   1938-d          1988-e
   1939------B     1989---a
   1940----@       1990--b
   1941----------E 1991---a
   1942----@       1992-----A
   1943----------G 1993---------D
   1944----@       1994---a
   1945------A     1995-d
   1946----------E 1996--c
   1947---a        1997---a
   1948------A     1998----------E
   1949-------B    1999---------D
PART 5:  CORRELATION OF SERIES BY SEGMENTS:                                                        14:13  Tue 01 Aug 2017  Page   5
------------------------------------------------------------------------------------------------------------------------------------
 Correlations of  50-year dated segments, lagged  25 years
 Flags:  A = correlation under   .3281 but highest as dated;  B = correlation higher at other than dated position

 Seq Series  Time_span   1925 1950 1975
                         1974 1999 2024
 --- -------- ---------  ---- ---- ---- ---- ---- ---- ---- ---- ---- ---- ---- ---- ---- ---- ---- ---- ---- ---- ---- ----
   1 TI1478E1 1964 2017        .57  .63
   2 TI1478N1 1961 2016        .55  .62
   3 TI1486E1 1960 2016        .38  .42
   4 TI1486N1 1969 2016        .59
   5 TI054A1  1959 2017        .61  .70
   6 TI054B1  1959 2017        .59  .72
   7 TI1452E1 1938 2017   .76  .76  .71
   8 TI1452N1 1938 2016   .70  .66  .68
   9 TI1456E1 1949 2017   .26A .27A .32A
  10 TI1456N1 1950 2017        .26A .22A
  11 TI1461E2 1935 2016   .49  .47  .51
  12 TI1461N1 1930 2017   .60  .55  .74
  13 TI1476E1 1938 2017   .58  .62  .76
  14 TI1476N1 1944 2017   .02B-.03B .28A
  15 TI023A2  1955 2016        .42  .48
  16 TI023B2  1964 2016        .57  .56
  17 TI1604E1 1966 2016        .33  .33
  18 TI1604N1 1955 2016        .42  .48
 Av segment correlation   .49  .48  .54
PART 6:  POTENTIAL PROBLEMS:                                                                       14:13  Tue 01 Aug 2017  Page   5
------------------------------------------------------------------------------------------------------------------------------------

 For each series with potential problems the following diagnostics may appear:

 [A] Correlations with master dating series of flagged  50-year segments of series filtered with  32-year spline,
     at every point from ten years earlier (-10) to ten years later (+10) than dated

 [B] Effect of those data values which most lower or raise correlation with master series
     Symbol following year indicates value in series is greater (>) or lesser (<) than master series value

 [C] Year-to-year changes very different from the mean change in other series

 [D] Absent rings (zero values)

 [E] Values which are statistical outliers from mean for the year
====================================================================================================================================

 TI1478E1  1964 to  2017      54 years                                                                                    Series   1

 [B] Entire series, effect on correlation (  .586) is:
       Lower   1967< -.057   1972< -.033   1976> -.025   1982> -.013   1994< -.013   1995> -.011  Higher   1988  .042   2007  .022

====================================================================================================================================

 TI1478N1  1961 to  2016      56 years                                                                                    Series   2

 [B] Entire series, effect on correlation (  .578) is:
       Lower   1967< -.057   1976> -.037   1969< -.026   1963> -.026   1972< -.019   1977> -.011  Higher   1975  .057   2005  .052

====================================================================================================================================

 TI1486E1  1960 to  2016      57 years                                                                                    Series   3

 [B] Entire series, effect on correlation (  .405) is:
       Lower   1972< -.043   1975> -.029   2004< -.025   1976> -.018   1963< -.017   1961> -.014  Higher   1988  .068   2012  .025

 [C] Year-to-year changes diverging by over 4.0 std deviations:
       1974 1975   4.8 SD

 [E] Outliers     1   3.0 SD above or -4.5 SD below mean for year
       1974 -4.5 SD
====================================================================================================================================

 TI1486N1  1969 to  2016      48 years                                                                                    Series   4

 [B] Entire series, effect on correlation (  .590) is:
       Lower   2010> -.044   1984< -.020   2001< -.017   1975> -.017   1995> -.015   1982> -.014  Higher   2005  .053   1988  .044

====================================================================================================================================

 TI054A1   1959 to  2017      59 years                                                                                    Series   5

 [B] Entire series, effect on correlation (  .657) is:
       Lower   2007> -.022   1992< -.019   1976> -.016   1982> -.016   1979< -.013   1968> -.013  Higher   1975  .050   2005  .037

====================================================================================================================================

 TI054B1   1959 to  2017      59 years                                                                                    Series   6

 [B] Entire series, effect on correlation (  .608) is:
       Lower   1963< -.064   1966< -.040   1973> -.019   2007> -.019   1982> -.016   1992< -.011  Higher   1975  .090   1988  .029

====================================================================================================================================

 TI1452E1  1938 to  2017      80 years                                                                                    Series   7

 [B] Entire series, effect on correlation (  .700) is:
       Lower   1988> -.026   2002< -.018   1942> -.016   1953> -.011   2005> -.009   1989< -.008  Higher   1958  .037   1975  .026

====================================================================================================================================

 TI1452N1  1938 to  2016      79 years                                                                                    Series   8

 [B] Entire series, effect on correlation (  .668) is:
       Lower   1988> -.026   1960< -.014   1974> -.011   1949< -.010   1963> -.010   2005> -.010  Higher   1958  .038   1975  .016

====================================================================================================================================

 TI1456E1  1949 to  2017      69 years                                                                                    Series   9

 [A] Segment   High   -10   -9   -8   -7   -6   -5   -4   -3   -2   -1   +0   +1   +2   +3   +4   +5   +6   +7   +8   +9  +10
    ---------  ----   ---  ---  ---  ---  ---  ---  ---  ---  ---  ---  ---  ---  ---  ---  ---  ---  ---  ---  ---  ---  ---
    1949 1998    0   -.23 -.13 -.07 -.15 -.03  .03 -.06 -.01  .06  .03  .26* .03 -.11  .01 -.05  .24  .12 -.10  .05  .03 -.01
    1950 1999    0   -.25 -.14 -.10 -.13 -.05  .03 -.09 -.05  .07  .05  .27* .04 -.08  .00 -.05  .27  .05 -.11  .02  .11  .01
    1968 2017    0   -.03 -.15 -.01  .01 -.09  .08 -.13  .10  .06  .05  .32*   -    -    -    -    -    -    -    -    -    -

 [B] Entire series, effect on correlation (  .245) is:
       Lower   1953< -.051   2017> -.031   1993< -.021   2015< -.019   1951> -.018   2007> -.015  Higher   1975  .073   1976  .035
     1949 to 1998 segment:
       Lower   1953< -.067   1993< -.027   1951> -.026   1961> -.020   1986< -.018   1968< -.017  Higher   1975  .091   1976  .044
     1950 to 1999 segment:
       Lower   1953< -.067   1993< -.027   1951> -.026   1961> -.020   1986< -.018   1981> -.017  Higher   1975  .090   1976  .044
     1968 to 2017 segment:
       Lower   2017> -.055   1993< -.035   2015< -.032   1968< -.029   1981> -.027   2007> -.026  Higher   1975  .115   1976  .053

 [E] Outliers     1   3.0 SD above or -4.5 SD below mean for year
       1953 -7.1 SD
====================================================================================================================================

 TI1456N1  1950 to  2017      68 years                                                                                    Series  10

 [A] Segment   High   -10   -9   -8   -7   -6   -5   -4   -3   -2   -1   +0   +1   +2   +3   +4   +5   +6   +7   +8   +9  +10
    ---------  ----   ---  ---  ---  ---  ---  ---  ---  ---  ---  ---  ---  ---  ---  ---  ---  ---  ---  ---  ---  ---  ---
    1950 1999    0   -.24 -.08 -.02 -.20 -.10  .08 -.18 -.04  .15  .15  .26* .16 -.04 -.09 -.10  .14  .15 -.18 -.06  .03  .01
    1968 2017    0   -.05 -.03 -.06 -.13 -.12  .09 -.20  .11  .07  .22  .22*   -    -    -    -    -    -    -    -    -    -

 [B] Entire series, effect on correlation (  .165) is:
       Lower   1993< -.067   2017> -.034   1951> -.025   2012> -.025   2014< -.015   2015< -.014  Higher   1975  .118   1976  .042
     1950 to 1999 segment:
       Lower   1993< -.092   1951> -.039   1958> -.020   1966< -.015   1961> -.014   1986< -.013  Higher   1975  .139   1976  .049
     1968 to 2017 segment:
       Lower   1993< -.100   2017> -.053   2012> -.039   2014< -.021   2015< -.019   2004< -.017  Higher   1975  .172   1976  .059

 [E] Outliers     2   3.0 SD above or -4.5 SD below mean for year
       1953 -5.5 SD;    1993 -4.6 SD
====================================================================================================================================

 TI1461E2  1935 to  2016      82 years                                                                                    Series  11

 [B] Entire series, effect on correlation (  .527) is:
       Lower   1977< -.077   1953> -.045   2001< -.018   1944> -.013   1962< -.012   1965< -.011  Higher   1958  .036   1975  .031

 [E] Outliers     2   3.0 SD above or -4.5 SD below mean for year
       1953 +3.5 SD;    1977 -4.6 SD
====================================================================================================================================

 TI1461N1  1930 to  2017      88 years                                                                                    Series  12

 [*] Early part of series cannot be checked from 1930 to 1934 -- not matched by another series

 [B] Entire series, effect on correlation (  .653) is:
       Lower   1953> -.043   1944> -.031   1960< -.021   1950< -.011   1962< -.010   1942< -.009  Higher   1958  .030   2005  .020

 [E] Outliers     1   3.0 SD above or -4.5 SD below mean for year
       1953 +3.4 SD
====================================================================================================================================

 TI1476E1  1938 to  2017      80 years                                                                                    Series  13

 [B] Entire series, effect on correlation (  .618) is:
       Lower   1945< -.046   1954< -.045   1960< -.026   1941< -.013   1974> -.011   2000< -.011  Higher   1958  .046   1975  .045

====================================================================================================================================

 TI1476N1  1944 to  2017      74 years                                                                                    Series  14

 [A] Segment   High   -10   -9   -8   -7   -6   -5   -4   -3   -2   -1   +0   +1   +2   +3   +4   +5   +6   +7   +8   +9  +10
    ---------  ----   ---  ---  ---  ---  ---  ---  ---  ---  ---  ---  ---  ---  ---  ---  ---  ---  ---  ---  ---  ---  ---
    1944 1993   -8    .15  .06  .25* .06  .23  .04 -.07  .24  .03 -.09  .02|-.14 -.28 -.22 -.15 -.03 -.01  .07 -.05 -.09 -.11
    1950 1999   -3    .25  .06  .21  .15  .13  .07 -.08  .25* .01 -.04 -.03|-.15 -.24 -.28 -.13  .00  .06  .03 -.02 -.12 -.12
    1968 2017    0    .03 -.09  .01  .22  .11  .06 -.11 -.09  .11 -.02  .28*   -    -    -    -    -    -    -    -    -    -

 [B] Entire series, effect on correlation (  .164) is:
       Lower   1975> -.086   1958> -.052   1953> -.022   1988> -.022   1999< -.016   1951> -.013  Higher   2007  .028   1976  .023
     1944 to 1993 segment:
       Lower   1975> -.103   1958> -.055   1953> -.026   1988> -.023   1951> -.014   1983< -.014  Higher   1961  .045   1976  .037
     1950 to 1999 segment:
       Lower   1975> -.098   1958> -.050   1953> -.025   1988> -.022   1999< -.018   1951> -.013  Higher   1961  .051   1976  .039
     1968 to 2017 segment:
       Lower   1975> -.162   1988> -.039   1999< -.029   1983< -.022   1982< -.020   1968< -.020  Higher   2007  .041   1976  .035

 [E] Outliers     2   3.0 SD above or -4.5 SD below mean for year
       1958 +3.4 SD;    1975 +5.7 SD
====================================================================================================================================

 TI023A2   1955 to  2016      62 years                                                                                    Series  15

 [B] Entire series, effect on correlation (  .385) is:
       Lower   1958> -.050   2010< -.029   1972< -.025   2014< -.021   1959> -.019   2013< -.016  Higher   1988  .042   1975  .034

====================================================================================================================================

 TI023B2   1964 to  2016      53 years                                                                                    Series  16

 [B] Entire series, effect on correlation (  .544) is:
       Lower   2016< -.028   2005> -.025   1964< -.023   1978< -.022   1996> -.017   2013> -.015  Higher   1976  .032   1988  .031

====================================================================================================================================

 TI1604E1  1966 to  2016      51 years                                                                                    Series  17

 [B] Entire series, effect on correlation (  .331) is:
       Lower   1990> -.025   1981< -.023   2000< -.020   2008< -.017   1980< -.017   1988> -.017  Higher   1975  .104   2005  .024

====================================================================================================================================

 TI1604N1  1955 to  2016      62 years                                                                                    Series  18

 [B] Entire series, effect on correlation (  .383) is:
       Lower   2007> -.045   1961< -.031   1993< -.027   1988> -.024   1990> -.019   2015< -.018  Higher   1975  .080   1976  .024

====================================================================================================================================
PART 7:  DESCRIPTIVE STATISTICS:                                                                   14:13  Tue 01 Aug 2017  Page   6
------------------------------------------------------------------------------------------------------------------------------------

                                                Corr   //-------- Unfiltered --------\\  //---- Filtered -----\\
                           No.    No.    No.    with   Mean   Max     Std   Auto   Mean   Max     Std   Auto  AR
 Seq Series   Interval   Years  Segmt  Flags   Master  msmt   msmt    dev   corr   sens  value    dev   corr  ()
 --- -------- ---------  -----  -----  -----   ------ -----  -----  -----  -----  -----  -----  -----  -----  --
   1 TI1478E1 1964 2017     54      2      0    .586   1.07   2.35   .571   .646   .418   2.70   .653  -.006   2
   2 TI1478N1 1961 2016     56      2      0    .578   1.81   3.42   .750   .657   .335   2.74   .573  -.064   1
   3 TI1486E1 1960 2016     57      2      0    .405   2.37   5.74  1.459   .731   .473   2.39   .435  -.051   1
   4 TI1486N1 1969 2016     48      1      0    .590   1.86   4.59   .918   .533   .401   2.75   .551  -.044   1
   5 TI054A1  1959 2017     59      2      0    .657   3.30   8.80  1.712   .554   .379   2.49   .539   .052   1
   6 TI054B1  1959 2017     59      2      0    .608   3.39   6.35  1.255   .460   .329   2.54   .508   .068   1
   7 TI1452E1 1938 2017     80      3      0    .700   2.04   4.82  1.052   .631   .381   2.72   .504   .048   1
   8 TI1452N1 1938 2016     79      3      0    .668   1.56   3.97   .831   .446   .491   2.63   .432   .110   1
   9 TI1456E1 1949 2017     69      3      3    .245   1.42   4.85  1.228   .786   .408   2.52   .376  -.005   1
  10 TI1456N1 1950 2017     68      2      2    .165   1.64   5.12  1.494   .837   .413   2.54   .472   .056   1
  11 TI1461E2 1935 2016     82      3      0    .527   1.40   4.08   .881   .746   .437   2.61   .431  -.022   2
  12 TI1461N1 1930 2017     88      3      0    .653   1.59   4.44  1.009   .711   .419   2.80   .553   .057   2
  13 TI1476E1 1938 2017     80      3      0    .618   1.38   3.42   .610   .580   .335   2.68   .446   .048   4
  14 TI1476N1 1944 2017     74      3      3    .164   1.24   3.27   .479   .418   .321   2.57   .515   .019   2
  15 TI023A2  1955 2016     62      2      0    .385   2.54   8.27  1.797   .832   .367   2.78   .433  -.028   1
  16 TI023B2  1964 2016     53      2      0    .544   1.90   6.88  1.491   .834   .349   2.57   .533   .005   1
  17 TI1604E1 1966 2016     51      2      0    .331   1.53   3.82   .841   .680   .411   2.74   .662   .066   4
  18 TI1604N1 1955 2016     62      2      0    .383   1.68   3.47   .851   .647   .396   2.46   .432   .029   1
 --- -------- ---------  -----  -----  -----   ------ -----  -----  -----  -----  -----  -----  -----  -----  --
 Total or mean:           1181     42      8    .493   1.84   8.80  1.052   .650   .394   2.80   .496   .022

                                              - = [  COFECHA TIAM3COF  ] = -
