[]  Dendrochronology Program Library                                        Run TIL2   Program COF  13:13  Tue 01 Aug 2017  Page   1
[]
[]  P R O G R A M      C O F E C H A                                                                          Version 6.06P    30165
------------------------------------------------------------------------------------------------------------------------------------

 QUALITY CONTROL AND DATING CHECK OF TREE-RING MEASUREMENTS

 Title of run:           tilia2                                  

 File of DATED series:   tilia2_trw.rwl

 CONTENTS:

    Part 1:  Title page, options selected, summary, absent rings by series
    Part 2:  Histogram of time spans
    Part 3:  Master series with sample depth and absent rings by year
    Part 4:  Bar plot of Master Dating Series
    Part 5:  Correlation by segment of each series with Master
    Part 6:  Potential problems: low correlation, divergent year-to-year changes, absent rings, outliers
    Part 7:  Descriptive statistics

 RUN CONTROL OPTIONS SELECTED                             VALUE

         1  Cubic smoothing spline 50% wavelength cutoff for filtering
                                                            32 years
         2  Segments examined are                           30 years lagged successively by  15 years
         3  Autoregressive model applied                     A  Residuals are used in master dating series and testing
         4  Series transformed to logarithms                 Y  Each series log-transformed for master dating series and testing
         5  CORRELATION is Pearson (parametric, quantitative)
            Critical correlation, 99% confidence level   .4226
         6  Master dating series saved                       N
         7  Ring measurements listed                         N
         8  Parts printed                              1234567 
         9  Absent rings are omitted from master series and segment correlations  (Y)

 Time span of Master dating series is  1930 to  2017    88 years
 Continuous time span is               1930 to  2017    88 years
 Portion with two or more series is    1935 to  2017    83 years


                                        ****************************************
                                        *C* Number of dated series        18 *C*
                                        *O* Master series 1930 2017   88 yrs *O*
                                        *F* Total rings in all series   1181 *F*
                                        *E* Total dated rings checked   1176 *E*
                                        *C* Series intercorrelation     .460 *C*
                                        *H* Average mean sensitivity    .394 *H*
                                        *A* Segments, possible problems   36 *A*
                                        *** Mean length of series       65.6 ***
                                        ****************************************

 ABSENT RINGS listed by SERIES:            (See Master Dating Series for absent rings listed by year)

               No ring measurements of zero value
PART 2:  TIME PLOT OF TREE-RING SERIES: tilia2                                                     13:13  Tue 01 Aug 2017  Page   2
------------------------------------------------------------------------------------------------------------------------------------
 1050 1100 1150 1200 1250 1300 1350 1400 1450 1500 1550 1600 1650 1700 1750 1800 1850 1900 1950 2000 2050 Ident   Seq Time-span  Yrs
   :    :    :    :    :    :    :    :    :    :    :    :    :    :    :    :    :    :    :    :    : -------- --- ---- ---- ----
   .    .    .    .    .    .    .    .    .    .    .    .    .    .    .    .    .    .    .<====>   . TI1478E1   1 1964 2017   54
   .    .    .    .    .    .    .    .    .    .    .    .    .    .    .    .    .    .    .<====>   . TI1478N1   2 1961 2016   56
   .    .    .    .    .    .    .    .    .    .    .    .    .    .    .    .    .    .    .<====>   . TI1486E1   3 1961 2017   57
   .    .    .    .    .    .    .    .    .    .    .    .    .    .    .    .    .    .    . <===>   . TI1486N1   4 1970 2017   48
   .    .    .    .    .    .    .    .    .    .    .    .    .    .    .    .    .    .    <=====>   . TI054A1    5 1959 2017   59
   .    .    .    .    .    .    .    .    .    .    .    .    .    .    .    .    .    .    <=====>   . TI054B1    6 1959 2017   59
   .    .    .    .    .    .    .    .    .    .    .    .    .    .    .    .    .    .  <=======>   . TI1452E1   7 1938 2017   80
   .    .    .    .    .    .    .    .    .    .    .    .    .    .    .    .    .    .  <=======>   . TI1452N1   8 1938 2016   79
   .    .    .    .    .    .    .    .    .    .    .    .    .    .    .    .    .    .   <======>   . TI1456E1   9 1949 2017   69
   .    .    .    .    .    .    .    .    .    .    .    .    .    .    .    .    .    .    <=====>   . TI1456N1  10 1950 2017   68
   .    .    .    .    .    .    .    .    .    .    .    .    .    .    .    .    .    .  <=======>   . TI1461E2  11 1935 2016   82
   .    .    .    .    .    .    .    .    .    .    .    .    .    .    .    .    .    .  <=======>   . TI1461N1  12 1930 2017   88
   .    .    .    .    .    .    .    .    .    .    .    .    .    .    .    .    .    .  <=======>   . TI1476E1  13 1938 2017   80
   .    .    .    .    .    .    .    .    .    .    .    .    .    .    .    .    .    .   <======>   . TI1476N1  14 1944 2017   74
   .    .    .    .    .    .    .    .    .    .    .    .    .    .    .    .    .    .    <=====>   . TI023A2   15 1955 2016   62
   .    .    .    .    .    .    .    .    .    .    .    .    .    .    .    .    .    .    .<====>   . TI023B2   16 1964 2016   53
   .    .    .    .    .    .    .    .    .    .    .    .    .    .    .    .    .    .    .<====>   . TI1604E1  17 1966 2016   51
   .    .    .    .    .    .    .    .    .    .    .    .    .    .    .    .    .    .    <=====>   . TI1604N1  18 1955 2016   62
   :    :    :    :    :    :    :    :    :    :    :    :    :    :    :    :    :    :    :    :    :
 1050 1100 1150 1200 1250 1300 1350 1400 1450 1500 1550 1600 1650 1700 1750 1800 1850 1900 1950 2000 2050
PART 3:  Master Dating Series: tilia2                                                              13:13  Tue 01 Aug 2017  Page   3
------------------------------------------------------------------------------------------------------------------------------------
  Year  Value  No Ab    Year  Value  No Ab    Year  Value  No Ab    Year  Value  No Ab    Year  Value  No Ab    Year  Value  No Ab
  ------------------    ------------------    ------------------    ------------------    ------------------    ------------------
                        1950   .069   8       2000   .885  18
                        1951 -1.253   8       2001   .471  18
                        1952   .266   8       2002   .011  18
                        1953  -.903   8       2003   .134  18
                        1954   .106   8       2004   .966  18
                        1955   .340  10       2005  -.899  18
                        1956   .272  10       2006  -.830  18
                        1957  -.247  10       2007 -1.106  18
                        1958 -2.484  10       2008  -.041  18
                        1959  -.747  12       2009   .237  18

                        1960   .627  12       2010  -.680  18
                        1961  -.390  14       2011  1.138  18
                        1962  -.173  14       2012  -.366  18
                        1963   .316  14       2013  -.561  18
                        1964   .704  16       2014   .749  18
                        1965   .525  16       2015   .829  18
                        1966   .801  17       2016   .326  18
                        1967   .446  17       2017  -.804  11
                        1968   .117  17
                        1969   .440  17

                        1970   .695  18
                        1971   .413  18
                        1972   .999  18
                        1973  -.086  18
                        1974  -.683  18
                        1975 -3.297  18
                        1976 -2.505  18
                        1977  -.816  18
                        1978   .213  18
                        1979   .478  18

  1930 -3.842   1       1980   .634  18
  1931  -.918   1       1981   .012  18
  1932   .414   1       1982  -.374  18
  1933   .631   1       1983   .621  18
  1934  1.341   1       1984   .938  18
  1935   .181   2       1985   .740  18
  1936 -2.532   2       1986  1.287  18
  1937  2.088   2       1987   .530  18
  1938  -.949   5       1988  -.737  18
  1939   .422   5       1989  -.532  18

  1940   .017   5       1990  -.741  18
  1941  1.240   5       1991  -.212  18
  1942  -.116   5       1992   .120  18
  1943  1.721   5       1993   .906  18
  1944  -.013   6       1994  -.011  18
  1945   .342   6       1995  -.792  18
  1946  1.158   6       1996  -.846  18
  1947  -.369   6       1997  -.192  18
  1948   .263   6       1998  1.234  18
  1949   .611   7       1999  1.026  18
------------------------------------------------------------------------------------------------------------------------------------
PART 4:  Master Bar Plot: tilia2                                                                   13:13  Tue 01 Aug 2017  Page   4
------------------------------------------------------------------------------------------------------------------------------------
   Year Rel value  Year Rel value  Year Rel value  Year Rel value  Year Rel value  Year Rel value  Year Rel value  Year Rel value
                   1950----@       2000---------D
                   1951-e          2001-------B
                   1952------A     2002----@
                   1953-d          2003-----A
                   1954-----@      2004---------D
                   1955------A     2005-d
                   1956------A     2006-c
                   1957---a        2007-d
                   1958j           2008----@
                   1959--c         2009-----A
                   1960--------C   2010--c
                   1961---b        2011----------E
                   1962---a        2012---a
                   1963------A     2013--b
                   1964--------C   2014--------C
                   1965-------B    2015---------C
                   1966--------C   2016------A
                   1967-------B    2017-c
                   1968-----@
                   1969-------B
                   1970--------C
                   1971-------B
                   1972---------D
                   1973----@
                   1974--c
                   1975m
                   1976j
                   1977-c
                   1978-----A
                   1979-------B
   1930o           1980--------C
   1931-d          1981----@
   1932-------B    1982---a
   1933--------C   1983--------B
   1934----------E 1984---------D
   1935-----A      1985--------C
   1936j           1986----------E
   1937----------H 1987-------B
   1938-d          1988--c
   1939-------B    1989--b
   1940----@       1990--c
   1941----------E 1991---a
   1942---@        1992-----@
   1943----------G 1993---------D
   1944----@       1994----@
   1945------A     1995-c
   1946----------E 1996-c
   1947---a        1997---a
   1948------A     1998----------E
   1949--------B   1999---------D
PART 5:  CORRELATION OF SERIES BY SEGMENTS: tilia2                                                 13:13  Tue 01 Aug 2017  Page   5
------------------------------------------------------------------------------------------------------------------------------------
 Correlations of  30-year dated segments, lagged  15 years
 Flags:  A = correlation under   .4226 but highest as dated;  B = correlation higher at other than dated position

 Seq Series  Time_span   1935 1950 1965 1980 1995
                         1964 1979 1994 2009 2024
 --- -------- ---------  ---- ---- ---- ---- ---- ---- ---- ---- ---- ---- ---- ---- ---- ---- ---- ---- ---- ---- ---- ----
   1 TI1478E1 1964 2017        .39B .37B .64  .68
   2 TI1478N1 1961 2016        .37B .42B .71  .74
   3 TI1486E1 1961 2017        .18B .24B .20B .15B
   4 TI1486N1 1970 2017             .35B .04B .03B
   5 TI054A1  1959 2017        .55B .58B .64  .72
   6 TI054B1  1959 2017        .52  .61  .62  .67
   7 TI1452E1 1938 2017   .70  .84  .80  .60  .67
   8 TI1452N1 1938 2016   .68  .70  .71  .65  .71
   9 TI1456E1 1949 2017   .31B .29B .31A .21A .16B
  10 TI1456N1 1950 2017        .36A .35A .07B-.12B
  11 TI1461E2 1935 2016   .59  .37B .47B .59  .57
  12 TI1461N1 1930 2017   .58  .53  .65  .71  .78
  13 TI1476E1 1938 2017   .46  .64  .78  .58  .69
  14 TI1476N1 1944 2017   .00B-.15B .06B .40A .52
  15 TI023A2  1955 2016        .31B .53  .59  .44
  16 TI023B2  1964 2016        .60B .63B .49  .45
  17 TI1604E1 1966 2016             .39B .17B .21A
  18 TI1604N1 1955 2016        .53  .64  .19B .15B
 Av segment correlation   .47  .44  .49  .45  .46
PART 6:  POTENTIAL PROBLEMS: tilia2                                                                13:13  Tue 01 Aug 2017  Page   5
------------------------------------------------------------------------------------------------------------------------------------

 For each series with potential problems the following diagnostics may appear:

 [A] Correlations with master dating series of flagged  30-year segments of series filtered with  32-year spline,
     at every point from ten years earlier (-10) to ten years later (+10) than dated

 [B] Effect of those data values which most lower or raise correlation with master series
     Symbol following year indicates value in series is greater (>) or lesser (<) than master series value

 [C] Year-to-year changes very different from the mean change in other series

 [D] Absent rings (zero values)

 [E] Values which are statistical outliers from mean for the year
====================================================================================================================================

 TI1478E1  1964 to  2017      54 years                                                                                    Series   1

 [A] Segment   High   -10   -9   -8   -7   -6   -5   -4   -3   -2   -1   +0   +1   +2   +3   +4   +5   +6   +7   +8   +9  +10
    ---------  ----   ---  ---  ---  ---  ---  ---  ---  ---  ---  ---  ---  ---  ---  ---  ---  ---  ---  ---  ---  ---  ---
    1964 1993    1   -.03  .15 -.15 -.22 -.04 -.25 -.33 -.40 -.33 -.09  .39| .47* .30  .10  .06 -.21  .10  .18  .38  .01 -.33
    1965 1994    1   -.10  .09 -.24 -.22  .13 -.17 -.28 -.35 -.32 -.16  .37| .48* .30  .06 -.06 -.28  .01  .14  .35  .03 -.37

 [B] Entire series, effect on correlation (  .511) is:
       Lower   1967< -.059   1972< -.030   1976> -.027   1994< -.020   1982> -.018   2013> -.015  Higher   2005  .020   2011  .018
     1964 to 1993 segment:
       Lower   1967< -.107   1972< -.053   1976> -.036   1982> -.031   1977> -.017   1969< -.006  Higher   1975  .062   1988  .054
     1965 to 1994 segment:
       Lower   1967< -.085   1972< -.044   1976> -.041   1982> -.031   1994< -.020   1977> -.018  Higher   1988  .056   1975  .044

====================================================================================================================================

 TI1478N1  1961 to  2016      56 years                                                                                    Series   2

 [A] Segment   High   -10   -9   -8   -7   -6   -5   -4   -3   -2   -1   +0   +1   +2   +3   +4   +5   +6   +7   +8   +9  +10
    ---------  ----   ---  ---  ---  ---  ---  ---  ---  ---  ---  ---  ---  ---  ---  ---  ---  ---  ---  ---  ---  ---  ---
    1961 1990    1   -.14  .04 -.06 -.23  .02 -.39 -.23 -.26 -.33 -.09  .37| .54* .31  .03  .02 -.37  .16  .17  .26  .11 -.24
    1965 1994    1   -.08  .07 -.08 -.19  .10 -.28 -.29 -.40 -.29 -.10  .42| .53* .27 -.05 -.04 -.32  .17  .16  .30  .04 -.24

 [B] Entire series, effect on correlation (  .524) is:
       Lower   1967< -.060   1976> -.042   1969< -.019   1972< -.018   1996> -.015   2013> -.015  Higher   1975  .071   2005  .046
     1961 to 1990 segment:
       Lower   1967< -.100   1976> -.064   1969< -.030   1972< -.026   1982> -.021   1977> -.019  Higher   1975  .211   1988  .050
     1965 to 1994 segment:
       Lower   1967< -.106   1976> -.075   1969< -.030   1972< -.026   1982> -.025   1977> -.023  Higher   1975  .202   1988  .049

====================================================================================================================================

 TI1486E1  1961 to  2017      57 years                                                                                    Series   3

 [A] Segment   High   -10   -9   -8   -7   -6   -5   -4   -3   -2   -1   +0   +1   +2   +3   +4   +5   +6   +7   +8   +9  +10
    ---------  ----   ---  ---  ---  ---  ---  ---  ---  ---  ---  ---  ---  ---  ---  ---  ---  ---  ---  ---  ---  ---  ---
    1961 1990    1   -.15 -.43 -.16 -.04 -.02 -.22 -.17 -.27 -.01  .31  .18| .32* .23  .15 -.16 -.08  .18  .16 -.17 -.24 -.21
    1965 1994   -1   -.07 -.41 -.10 -.04 -.25 -.18 -.10 -.38  .04  .36* .24| .29  .27  .11 -.14 -.03  .21  .16 -.15 -.33 -.21
    1980 2009   -1   -.20 -.30  .00 -.05 -.21 -.18 -.07 -.28  .10  .54* .20| .22  .06  .08 -.19  .06  .00  .04 -.19    -    -
    1988 2017   -1   -.12 -.36  .29  .00 -.18 -.25 -.13 -.20 -.10  .54* .15|   -    -    -    -    -    -    -    -    -    -

 [B] Entire series, effect on correlation (  .215) is:
       Lower   1964< -.039   1989< -.036   1972< -.035   1969< -.035   2012> -.034   1988> -.030  Higher   1975  .106   2014  .020
     1961 to 1990 segment:
       Lower   1964< -.058   1972< -.055   1969< -.053   1988> -.048   1989< -.044   1961> -.030  Higher   1975  .192   1984  .027
     1965 to 1994 segment:
       Lower   1989< -.072   1972< -.060   1969< -.058   1988> -.055   1994> -.016   1990> -.014  Higher   1975  .190   1984  .024
     1980 to 2009 segment:
       Lower   1988> -.073   1989< -.064   2004< -.040   1994> -.022   1990> -.019   1982> -.011  Higher   2005  .032   1984  .030
     1988 to 2017 segment:
       Lower   2012> -.061   1989< -.057   1988> -.056   2004< -.033   2010> -.022   1994> -.015  Higher   2014  .047   1999  .028

====================================================================================================================================

 TI1486N1  1970 to  2017      48 years                                                                                    Series   4

 [A] Segment   High   -10   -9   -8   -7   -6   -5   -4   -3   -2   -1   +0   +1   +2   +3   +4   +5   +6   +7   +8   +9  +10
    ---------  ----   ---  ---  ---  ---  ---  ---  ---  ---  ---  ---  ---  ---  ---  ---  ---  ---  ---  ---  ---  ---  ---
    1970 1999   -1    .05 -.10 -.03  .08 -.29 -.27 -.23 -.16  .09  .50* .35| .19 -.11 -.14 -.08  .15  .23  .16 -.29 -.46 -.06
    1980 2009   -1    .00 -.16 -.16 -.04 -.22 -.15 -.30  .03 -.25  .61* .04| .21  .01  .07  .16  .07  .17  .06 -.18    -    -
    1988 2017   -1   -.01 -.25  .02  .04 -.27 -.17 -.29 -.03 -.28  .61* .03|   -    -    -    -    -    -    -    -    -    -

 [B] Entire series, effect on correlation (  .182) is:
       Lower   2008< -.050   1973> -.030   2012> -.027   2005> -.025   1994> -.024   2010> -.018  Higher   1975  .068   2011  .028
     1970 to 1999 segment:
       Lower   1973> -.068   1994> -.059   1989< -.054   1985< -.030   1988> -.024   1978< -.015  Higher   1975  .120   1976  .046
     1980 to 2009 segment:
       Lower   2008< -.054   2005> -.044   1994> -.043   2007> -.029   1988> -.025   2004< -.019  Higher   1989  .037   1993  .031
     1988 to 2017 segment:
       Lower   2008< -.062   2012> -.039   2005> -.034   1994> -.029   2010> -.026   2007> -.022  Higher   2011  .058   2017  .032

====================================================================================================================================

 TI054A1   1959 to  2017      59 years                                                                                    Series   5

 [A] Segment   High   -10   -9   -8   -7   -6   -5   -4   -3   -2   -1   +0   +1   +2   +3   +4   +5   +6   +7   +8   +9  +10
    ---------  ----   ---  ---  ---  ---  ---  ---  ---  ---  ---  ---  ---  ---  ---  ---  ---  ---  ---  ---  ---  ---  ---
    1959 1988    1   -.26 -.28 -.06 -.38  .02 -.08 -.22 -.08 -.04  .16  .55| .57* .37  .04 -.11 -.29 -.11 -.09 -.11 -.12 -.28
    1965 1994    1   -.27 -.21 -.15 -.31 -.16 -.30 -.14 -.10  .01  .15  .58| .63* .35  .05 -.12 -.21 -.12 -.05 -.14 -.16 -.36

 [B] Entire series, effect on correlation (  .620) is:
       Lower   1982> -.022   1976> -.020   2007> -.016   1992< -.015   1979< -.014   1963< -.014  Higher   1975  .060   2005  .028
     1959 to 1988 segment:
       Lower   1982> -.042   1979< -.029   1976> -.028   1963< -.027   1974< -.025   1966< -.023  Higher   1975  .195   1988  .034
     1965 to 1994 segment:
       Lower   1982> -.045   1992< -.033   1974< -.031   1979< -.031   1976> -.030   1966< -.024  Higher   1975  .191   1988  .032

====================================================================================================================================

 TI054B1   1959 to  2017      59 years                                                                                    Series   6

 [B] Entire series, effect on correlation (  .568) is:
       Lower   1963< -.086   1966< -.040   1982> -.022   1973> -.016   2007> -.013   1990> -.010  Higher   1975  .120   1986  .016

====================================================================================================================================

 TI1452E1  1938 to  2017      80 years                                                                                    Series   7

 [B] Entire series, effect on correlation (  .729) is:
       Lower   1942> -.017   2002< -.014   1953> -.012   1988> -.012   1954> -.008   2013> -.007  Higher   1958  .036   1975  .023

====================================================================================================================================

 TI1452N1  1938 to  2016      79 years                                                                                    Series   8

 [B] Entire series, effect on correlation (  .709) is:
       Lower   1960< -.014   1988> -.012   1949< -.011   1953> -.010   1961> -.009   1974> -.008  Higher   1958  .035   1976  .011

====================================================================================================================================

 TI1456E1  1949 to  2017      69 years                                                                                    Series   9

 [A] Segment   High   -10   -9   -8   -7   -6   -5   -4   -3   -2   -1   +0   +1   +2   +3   +4   +5   +6   +7   +8   +9  +10
    ---------  ----   ---  ---  ---  ---  ---  ---  ---  ---  ---  ---  ---  ---  ---  ---  ---  ---  ---  ---  ---  ---  ---
    1949 1978    5   -.20 -.08  .01 -.17  .05 -.12 -.13 -.04  .07  .09  .31| .00 -.23 -.02 -.08  .39* .16  .06  .11 -.03 -.15
    1950 1979    5   -.23 -.08 -.05 -.16 -.02 -.10 -.12 -.08  .08  .06  .29|-.01 -.19 -.04 -.08  .38* .14  .04  .12  .08 -.13
    1965 1994    0    .10 -.09 -.27 -.10 -.24  .03 -.02  .23  .08  .22  .31* .04  .01 -.03 -.17 -.11 -.08  .03 -.14  .07 -.08
    1980 2009    0   -.23 -.17 -.27 -.04  .00  .09  .01 -.04 -.10 -.14  .21* .13  .15  .05  .09 -.06 -.30 -.19 -.20    -    -
    1988 2017   -5   -.23 -.28  .11  .04  .16  .20*-.16  .13  .02 -.19  .16|   -    -    -    -    -    -    -    -    -    -

 [B] Entire series, effect on correlation (  .240) is:
       Lower   1953< -.049   2017> -.031   1989> -.023   2015< -.022   1968< -.021   1993< -.020  Higher   1975  .083   1976  .040
     1949 to 1978 segment:
       Lower   1953< -.141   1968< -.045   1951> -.037   1961> -.026   1955< -.018   1978< -.015  Higher   1975  .118   1976  .054
     1950 to 1979 segment:
       Lower   1953< -.135   1968< -.043   1951> -.039   1961> -.027   1955< -.017   1978< -.014  Higher   1975  .121   1976  .055
     1965 to 1994 segment:
       Lower   1989> -.084   1968< -.061   1993< -.050   1981> -.049   1986< -.036   1974> -.028  Higher   1975  .256   1976  .110
     1980 to 2009 segment:
       Lower   1989> -.108   1993< -.074   1981> -.062   1986< -.054   2007> -.042   2006> -.017  Higher   2005  .108   1998  .062
     1988 to 2017 segment:
       Lower   2017> -.097   1989> -.077   2015< -.074   1993< -.066   2007> -.031   2014< -.023  Higher   2005  .087   2011  .071

 [E] Outliers     2   3.0 SD above or -4.5 SD below mean for year
       1953 -7.0 SD;    1989 +3.0 SD
====================================================================================================================================

 TI1456N1  1950 to  2017      68 years                                                                                    Series  10

 [A] Segment   High   -10   -9   -8   -7   -6   -5   -4   -3   -2   -1   +0   +1   +2   +3   +4   +5   +6   +7   +8   +9  +10
    ---------  ----   ---  ---  ---  ---  ---  ---  ---  ---  ---  ---  ---  ---  ---  ---  ---  ---  ---  ---  ---  ---  ---
    1950 1979    0   -.17 -.08  .07 -.19 -.07 -.03 -.19 -.14  .15  .16  .36* .18 -.12 -.18 -.25  .26  .18  .00  .04  .08 -.14
    1965 1994    0   -.03 -.03 -.15 -.17 -.23  .01 -.12  .20  .17  .33  .35* .14 -.09 -.09 -.16 -.21 -.02  .00 -.16 -.03 -.08
    1980 2009    1   -.12 -.03 -.18 -.21 -.13  .15 -.19  .05 -.09  .04  .07| .16* .04  .11  .01  .03  .02 -.34 -.24    -    -
    1988 2017   -5   -.12 -.09  .05 -.36  .06  .24*-.17  .11 -.04  .01 -.12|   -    -    -    -    -    -    -    -    -    -

 [B] Entire series, effect on correlation (  .176) is:
       Lower   1993< -.064   2017> -.034   1951> -.027   2012> -.018   2015< -.016   2014< -.016  Higher   1975  .134   1976  .047
     1950 to 1979 segment:
       Lower   1951> -.061   1958> -.056   1953< -.056   1968< -.039   1966< -.025   1961> -.020  Higher   1975  .194   1976  .059
     1965 to 1994 segment:
       Lower   1993< -.155   1989> -.052   1981> -.032   1968< -.031   1984< -.023   1966< -.021  Higher   1975  .305   1976  .093
     1980 to 2009 segment:
       Lower   1993< -.205   1989> -.050   2004< -.037   1984< -.035   1981> -.029   1986< -.028  Higher   1998  .089   2005  .086
     1988 to 2017 segment:
       Lower   1993< -.157   2017> -.078   2012> -.040   2015< -.037   2014< -.035   1989> -.030  Higher   1998  .115   2005  .081

 [E] Outliers     1   3.0 SD above or -4.5 SD below mean for year
       1953 -5.5 SD
====================================================================================================================================

 TI1461E2  1935 to  2016      82 years                                                                                    Series  11

 [A] Segment   High   -10   -9   -8   -7   -6   -5   -4   -3   -2   -1   +0   +1   +2   +3   +4   +5   +6   +7   +8   +9  +10
    ---------  ----   ---  ---  ---  ---  ---  ---  ---  ---  ---  ---  ---  ---  ---  ---  ---  ---  ---  ---  ---  ---  ---
    1950 1979   -1   -.12  .02 -.20  .23 -.19 -.23  .27 -.08  .26  .46* .37|-.02 -.01 -.24 -.13 -.06 -.17 -.05 -.27 -.43  .00
    1965 1994   -2   -.23 -.17 -.10  .17  .10 -.37  .01 -.01  .56* .49  .47| .06 -.19 -.30 -.13  .07 -.02 -.08 -.13 -.47 -.14

 [B] Entire series, effect on correlation (  .522) is:
       Lower   1977< -.075   1953> -.047   2001< -.029   1944> -.013   1965< -.011   1962< -.010  Higher   1958  .038   1975  .033
     1950 to 1979 segment:
       Lower   1977< -.142   1953> -.099   1965< -.025   1962< -.022   1976> -.013   1970< -.010  Higher   1958  .103   1975  .091
     1965 to 1994 segment:
       Lower   1977< -.219   1965< -.030   1976> -.019   1970< -.016   1973> -.013   1990> -.009  Higher   1975  .115   1986  .029

 [C] Year-to-year changes diverging by over 4.0 std deviations:
       1976 1977  -4.1 SD

 [E] Outliers     2   3.0 SD above or -4.5 SD below mean for year
       1953 +3.5 SD;    1977 -4.5 SD
====================================================================================================================================

 TI1461N1  1930 to  2017      88 years                                                                                    Series  12

 [*] Early part of series cannot be checked from 1930 to 1934 -- not matched by another series

 [B] Entire series, effect on correlation (  .648) is:
       Lower   1953> -.045   1944> -.032   1960< -.021   1950< -.011   1962< -.009   1942< -.009  Higher   1958  .031   1937  .017

 [E] Outliers     1   3.0 SD above or -4.5 SD below mean for year
       1953 +3.3 SD
====================================================================================================================================

 TI1476E1  1938 to  2017      80 years                                                                                    Series  13

 [B] Entire series, effect on correlation (  .610) is:
       Lower   1945< -.047   1954< -.045   1960< -.027   1941< -.014   1983< -.009   2000< -.009  Higher   1958  .052   1975  .051

====================================================================================================================================

 TI1476N1  1944 to  2017      74 years                                                                                    Series  14

 [A] Segment   High   -10   -9   -8   -7   -6   -5   -4   -3   -2   -1   +0   +1   +2   +3   +4   +5   +6   +7   +8   +9  +10
    ---------  ----   ---  ---  ---  ---  ---  ---  ---  ---  ---  ---  ---  ---  ---  ---  ---  ---  ---  ---  ---  ---  ---
    1944 1973   -3    .31  .05  .20 -.12  .21  .09  .17  .37* .00 -.26  .00|-.09 -.21 -.19 -.12 -.23 -.29  .02 -.04 -.12 -.06
    1950 1979  -10    .58* .12  .10  .05  .09  .15  .09  .38 -.11 -.10 -.15|-.18 -.18 -.25 -.07 -.11 -.22 -.02  .03 -.11 -.07
    1965 1994   -7    .06 -.01  .09  .36* .20 -.10 -.29 -.03  .01  .23  .06|-.20 -.18 -.24 -.11  .19  .18  .27 -.04 -.08 -.19
    1980 2009    0   -.20 -.14  .09  .28  .21  .01 -.10 -.24  .36  .07  .40*-.07 -.41 -.25 -.27  .18  .37  .16 -.05    -    -

 [B] Entire series, effect on correlation (  .139) is:
       Lower   1975> -.096   1958> -.053   1953> -.022   1963< -.021   1999< -.018   1968< -.013  Higher   1976  .026   2007  .023
     1944 to 1973 segment:
       Lower   1958> -.129   1953> -.053   1963< -.033   1951> -.031   1968< -.017   1971< -.015  Higher   1961  .088   1946  .047
     1950 to 1979 segment:
       Lower   1975> -.123   1958> -.048   1963< -.034   1953> -.027   1968< -.020   1971< -.018  Higher   1961  .081   1976  .060
     1965 to 1994 segment:
       Lower   1975> -.277   1983< -.031   1968< -.027   1988> -.025   1971< -.022   1974> -.018  Higher   1976  .091   1986  .059
     1980 to 2009 segment:
       Lower   1988> -.068   1999< -.066   1983< -.044   2003> -.029   2001< -.019   1982< -.016  Higher   2007  .065   1986  .052

 [E] Outliers     2   3.0 SD above or -4.5 SD below mean for year
       1958 +3.4 SD;    1975 +5.8 SD
====================================================================================================================================

 TI023A2   1955 to  2016      62 years                                                                                    Series  15

 [A] Segment   High   -10   -9   -8   -7   -6   -5   -4   -3   -2   -1   +0   +1   +2   +3   +4   +5   +6   +7   +8   +9  +10
    ---------  ----   ---  ---  ---  ---  ---  ---  ---  ---  ---  ---  ---  ---  ---  ---  ---  ---  ---  ---  ---  ---  ---
    1955 1984    2   -.15 -.19 -.24 -.21 -.10 -.15  .05  .00 -.28 -.19  .31| .34  .36* .30  .04 -.11 -.07 -.02  .01  .12 -.07

 [B] Entire series, effect on correlation (  .377) is:
       Lower   1958> -.055   1972< -.024   2014< -.022   2010< -.021   1959> -.020   2006> -.015  Higher   1975  .036   1986  .029
     1955 to 1984 segment:
       Lower   1958> -.089   1972< -.074   1959> -.050   1956< -.041   1979< -.024   1966< -.021  Higher   1975  .181   1983  .028

====================================================================================================================================

 TI023B2   1964 to  2016      53 years                                                                                    Series  16

 [A] Segment   High   -10   -9   -8   -7   -6   -5   -4   -3   -2   -1   +0   +1   +2   +3   +4   +5   +6   +7   +8   +9  +10
    ---------  ----   ---  ---  ---  ---  ---  ---  ---  ---  ---  ---  ---  ---  ---  ---  ---  ---  ---  ---  ---  ---  ---
    1964 1993   -1   -.24 -.04 -.16 -.07 -.05 -.20 -.35  .20  .32  .64* .60| .04 -.09 -.17 -.11 -.02  .12 -.13 -.34 -.36 -.48
    1965 1994   -1   -.25 -.03 -.17 -.07 -.11 -.20 -.33  .18  .31  .63* .63| .05 -.06 -.17 -.12 -.02  .13 -.13 -.32 -.37 -.50

 [B] Entire series, effect on correlation (  .505) is:
       Lower   2016< -.038   2013> -.027   1996> -.024   2006> -.024   1978< -.019   2005> -.017  Higher   1976  .051   1988  .020
     1964 to 1993 segment:
       Lower   1975> -.072   1978< -.028   1989> -.025   1964< -.023   1974> -.017   1987> -.014  Higher   1976  .071   1988  .028
     1965 to 1994 segment:
       Lower   1975> -.078   1978< -.030   1989> -.024   1974> -.016   1987> -.013   1981> -.011  Higher   1976  .060   1988  .026

====================================================================================================================================

 TI1604E1  1966 to  2016      51 years                                                                                    Series  17

 [A] Segment   High   -10   -9   -8   -7   -6   -5   -4   -3   -2   -1   +0   +1   +2   +3   +4   +5   +6   +7   +8   +9  +10
    ---------  ----   ---  ---  ---  ---  ---  ---  ---  ---  ---  ---  ---  ---  ---  ---  ---  ---  ---  ---  ---  ---  ---
    1966 1995   -6   -.18 -.38 -.03  .08  .45* .27  .10 -.19  .00  .02  .39| .30  .28 -.10 -.30 -.34 -.10  .11  .04  .07 -.18
    1980 2009   -6   -.17 -.17  .00  .00  .46* .30  .06 -.01 -.17  .07  .17|-.10  .07 -.20 -.21 -.16 -.06  .43 -.07    -    -
    1987 2016    0    .04 -.02  .07 -.08  .16 -.08 -.21  .08 -.20 -.02  .21*-.11    -    -    -    -    -    -    -    -    -

 [B] Entire series, effect on correlation (  .361) is:
       Lower   1990> -.031   1981< -.026   1980< -.020   2000< -.018   2010> -.018   1999< -.015  Higher   1975  .113   2005  .021
     1966 to 1995 segment:
       Lower   1981< -.059   1990> -.044   1980< -.042   1969< -.020   1989> -.018   1995> -.017  Higher   1975  .214   1972  .022
     1980 to 2009 segment:
       Lower   1990> -.062   1989> -.030   1995> -.029   1980< -.029   2000< -.026   1999< -.020  Higher   2005  .060   1986  .042
     1987 to 2016 segment:
       Lower   1990> -.055   2000< -.039   1999< -.031   2010> -.029   2003< -.026   2008< -.024  Higher   2005  .069   2014  .060

====================================================================================================================================

 TI1604N1  1955 to  2016      62 years                                                                                    Series  18

 [A] Segment   High   -10   -9   -8   -7   -6   -5   -4   -3   -2   -1   +0   +1   +2   +3   +4   +5   +6   +7   +8   +9  +10
    ---------  ----   ---  ---  ---  ---  ---  ---  ---  ---  ---  ---  ---  ---  ---  ---  ---  ---  ---  ---  ---  ---  ---
    1980 2009    1   -.24 -.21 -.10  .13  .31  .11  .27  .02 -.17 -.05  .19| .34*-.09 -.05 -.37 -.57 -.18  .23  .21    -    -
    1987 2016    1    .11 -.13 -.05  .20  .17  .25  .12  .14 -.17 -.29  .15| .29*   -    -    -    -    -    -    -    -    -

 [B] Entire series, effect on correlation (  .413) is:
       Lower   2007> -.039   1961< -.038   1993< -.026   1990> -.024   2015< -.021   1957> -.016  Higher   1975  .086   1976  .025
     1980 to 2009 segment:
       Lower   2007> -.108   1993< -.078   1990> -.066   2002> -.022   1988> -.020   2009< -.017  Higher   1986  .081   2005  .042
     1987 to 2016 segment:
       Lower   2007> -.098   1993< -.063   1990> -.058   2015< -.052   1988> -.023   2002> -.019  Higher   2012  .063   2011  .053

====================================================================================================================================
PART 7:  DESCRIPTIVE STATISTICS: tilia2                                                            13:13  Tue 01 Aug 2017  Page   6
------------------------------------------------------------------------------------------------------------------------------------

                                                Corr   //-------- Unfiltered --------\\  //---- Filtered -----\\
                           No.    No.    No.    with   Mean   Max     Std   Auto   Mean   Max     Std   Auto  AR
 Seq Series   Interval   Years  Segmt  Flags   Master  msmt   msmt    dev   corr   sens  value    dev   corr  ()
 --- -------- ---------  -----  -----  -----   ------ -----  -----  -----  -----  -----  -----  -----  -----  --
   1 TI1478E1 1964 2017     54      4      2    .511   1.07   2.35   .571   .646   .418   2.70   .653  -.006   2
   2 TI1478N1 1961 2016     56      4      2    .524   1.81   3.42   .750   .657   .335   2.74   .573  -.064   1
   3 TI1486E1 1961 2017     57      4      4    .215   2.37   5.74  1.459   .731   .473   2.39   .435  -.051   1
   4 TI1486N1 1970 2017     48      3      3    .182   1.86   4.59   .918   .533   .401   2.75   .551  -.044   1
   5 TI054A1  1959 2017     59      4      2    .620   3.30   8.80  1.712   .554   .379   2.49   .539   .052   1
   6 TI054B1  1959 2017     59      4      0    .568   3.39   6.35  1.255   .460   .329   2.54   .508   .068   1
   7 TI1452E1 1938 2017     80      5      0    .729   2.04   4.82  1.052   .631   .381   2.72   .504   .048   1
   8 TI1452N1 1938 2016     79      5      0    .709   1.56   3.97   .831   .446   .491   2.63   .432   .110   1
   9 TI1456E1 1949 2017     69      5      5    .240   1.42   4.85  1.228   .786   .408   2.52   .376  -.005   1
  10 TI1456N1 1950 2017     68      4      4    .176   1.64   5.12  1.494   .837   .413   2.54   .472   .056   1
  11 TI1461E2 1935 2016     82      5      2    .522   1.40   4.08   .881   .746   .437   2.61   .431  -.022   2
  12 TI1461N1 1930 2017     88      5      0    .648   1.59   4.44  1.009   .711   .419   2.80   .553   .057   2
  13 TI1476E1 1938 2017     80      5      0    .610   1.38   3.42   .610   .580   .335   2.68   .446   .048   4
  14 TI1476N1 1944 2017     74      5      4    .139   1.24   3.27   .479   .418   .321   2.57   .515   .019   2
  15 TI023A2  1955 2016     62      4      1    .377   2.54   8.27  1.797   .832   .367   2.78   .433  -.028   1
  16 TI023B2  1964 2016     53      4      2    .505   1.90   6.88  1.491   .834   .349   2.57   .533   .005   1
  17 TI1604E1 1966 2016     51      3      3    .361   1.53   3.82   .841   .680   .411   2.74   .662   .066   4
  18 TI1604N1 1955 2016     62      4      2    .413   1.68   3.47   .851   .647   .396   2.46   .432   .029   1
 --- -------- ---------  -----  -----  -----   ------ -----  -----  -----  -----  -----  -----  -----  -----  --
 Total or mean:           1181     77     36    .460   1.84   8.80  1.052   .650   .394   2.80   .496   .022

                                              - = [  COFECHA TIL2 COF  ] = -
