[]  Dendrochronology Program Library                                        Run TILIA  Program COF  20:56  Mon 31 Jul 2017  Page   1
[]
[]  P R O G R A M      C O F E C H A                                                                          Version 6.06P    30164
------------------------------------------------------------------------------------------------------------------------------------

 QUALITY CONTROL AND DATING CHECK OF TREE-RING MEASUREMENTS

 Title of run:           tilia1                                  

 File of DATED series:   tilia_trw.rwl

 CONTENTS:

    Part 1:  Title page, options selected, summary, absent rings by series
    Part 2:  Histogram of time spans
    Part 3:  Master series with sample depth and absent rings by year
    Part 4:  Bar plot of Master Dating Series
    Part 5:  Correlation by segment of each series with Master
    Part 6:  Potential problems: low correlation, divergent year-to-year changes, absent rings, outliers
    Part 7:  Descriptive statistics

 RUN CONTROL OPTIONS SELECTED                             VALUE

         1  Cubic smoothing spline 50% wavelength cutoff for filtering
                                                            32 years
         2  Segments examined are                           30 years lagged successively by  15 years
         3  Autoregressive model applied                     A  Residuals are used in master dating series and testing
         4  Series transformed to logarithms                 Y  Each series log-transformed for master dating series and testing
         5  CORRELATION is Pearson (parametric, quantitative)
            Critical correlation, 99% confidence level   .4226
         6  Master dating series saved                       N
         7  Ring measurements listed                         N
         8  Parts printed                              1234567 
         9  Absent rings are omitted from master series and segment correlations  (Y)

 Time span of Master dating series is  1930 to  2017    88 years
 Continuous time span is               1930 to  2017    88 years
 Portion with two or more series is    1938 to  2017    80 years


                                        ****************************************
                                        *C* Number of dated series        16 *C*
                                        *O* Master series 1930 2017   88 yrs *O*
                                        *F* Total rings in all series   1074 *F*
                                        *E* Total dated rings checked   1066 *E*
                                        *C* Series intercorrelation     .256 *C*
                                        *H* Average mean sensitivity    .387 *H*
                                        *A* Segments, possible problems   46 *A*
                                        *** Mean length of series       67.1 ***
                                        ****************************************

 ABSENT RINGS listed by SERIES:            (See Master Dating Series for absent rings listed by year)

               No ring measurements of zero value
PART 2:  TIME PLOT OF TREE-RING SERIES: tilia1                                                     20:56  Mon 31 Jul 2017  Page   2
------------------------------------------------------------------------------------------------------------------------------------
 1050 1100 1150 1200 1250 1300 1350 1400 1450 1500 1550 1600 1650 1700 1750 1800 1850 1900 1950 2000 2050 Ident   Seq Time-span  Yrs
   :    :    :    :    :    :    :    :    :    :    :    :    :    :    :    :    :    :    :    :    : -------- --- ---- ---- ----
   .    .    .    .    .    .    .    .    .    .    .    .    .    .    .    .    .    .    .<====>   . TI1478E1   1 1964 2017   54
   .    .    .    .    .    .    .    .    .    .    .    .    .    .    .    .    .    .    .<====>   . TI1478N1   2 1961 2016   56
   .    .    .    .    .    .    .    .    .    .    .    .    .    .    .    .    .    .    <=====>   . TI054A1    3 1959 2017   59
   .    .    .    .    .    .    .    .    .    .    .    .    .    .    .    .    .    .    <=====>   . TI054B1    4 1959 2017   59
   .    .    .    .    .    .    .    .    .    .    .    .    .    .    .    .    .    .  <=======>   . TI1452E1   5 1938 2017   80
   .    .    .    .    .    .    .    .    .    .    .    .    .    .    .    .    .    .   <======>   . TI1452N1   6 1940 2017   78
   .    .    .    .    .    .    .    .    .    .    .    .    .    .    .    .    .    .   <======>   . TI1456E1   7 1945 2017   73
   .    .    .    .    .    .    .    .    .    .    .    .    .    .    .    .    .    .    <=====>   . TI1456N1   8 1951 2017   67
   .    .    .    .    .    .    .    .    .    .    .    .    .    .    .    .    .    .  <=======>   . TI1461E1   9 1938 2017   80
   .    .    .    .    .    .    .    .    .    .    .    .    .    .    .    .    .    .  <=======>   . TI1461N1  10 1930 2017   88
   .    .    .    .    .    .    .    .    .    .    .    .    .    .    .    .    .    .  <=======>   . TI1476E1  11 1938 2017   80
   .    .    .    .    .    .    .    .    .    .    .    .    .    .    .    .    .    .   <======>   . TI1476N1  12 1944 2017   74
   .    .    .    .    .    .    .    .    .    .    .    .    .    .    .    .    .    .    <=====>   . TI023A1   13 1957 2017   61
   .    .    .    .    .    .    .    .    .    .    .    .    .    .    .    .    .    .    .<====>   . TI023B1   14 1966 2017   52
   .    .    .    .    .    .    .    .    .    .    .    .    .    .    .    .    .    .    .<====>   . TI1604E1  15 1967 2017   51
   .    .    .    .    .    .    .    .    .    .    .    .    .    .    .    .    .    .    <=====>   . TI1604N1  16 1956 2017   62
   :    :    :    :    :    :    :    :    :    :    :    :    :    :    :    :    :    :    :    :    :
 1050 1100 1150 1200 1250 1300 1350 1400 1450 1500 1550 1600 1650 1700 1750 1800 1850 1900 1950 2000 2050
PART 3:  Master Dating Series: tilia1                                                              20:56  Mon 31 Jul 2017  Page   3
------------------------------------------------------------------------------------------------------------------------------------
  Year  Value  No Ab    Year  Value  No Ab    Year  Value  No Ab    Year  Value  No Ab    Year  Value  No Ab    Year  Value  No Ab
  ------------------    ------------------    ------------------    ------------------    ------------------    ------------------
                        1950  -.301   7       2000  1.068  16
                        1951  -.891   8       2001   .774  16
                        1952   .904   8       2002   .434  16
                        1953   .283   8       2003   .452  16
                        1954 -1.710   8       2004  1.162  16
                        1955   .714   8       2005  -.531  16
                        1956   .983   9       2006  -.227  16
                        1957   .005  10       2007 -1.467  16
                        1958 -1.289  10       2008  -.169  16
                        1959  -.881  12       2009   .323  16

                        1960  -.509  12       2010  -.371  16
                        1961  -.620  13       2011   .790  16
                        1962  -.712  13       2012  -.071  16
                        1963   .014  13       2013  -.394  16
                        1964   .524  14       2014   .198  16
                        1965   .646  14       2015  1.023  16
                        1966   .775  15       2016   .798  16
                        1967   .545  16       2017 -1.214  15
                        1968   .755  16
                        1969   .382  16

                        1970   .709  16
                        1971   .429  16
                        1972   .791  16
                        1973   .380  16
                        1974  -.705  16
                        1975 -2.114  16
                        1976 -2.029  16
                        1977 -1.173  16
                        1978  -.881  16
                        1979   .062  16

  1930 -4.443   1       1980   .188  16
  1931 -1.064   1       1981   .197  16
  1932   .474   1       1982   .139  16
  1933   .725   1       1983   .079  16
  1934  1.546   1       1984   .347  16
  1935   .780   1       1985   .908  16
  1936 -2.921   1       1986  1.187  16
  1937  2.636   1       1987   .598  16
  1938  -.965   4       1988  -.372  16
  1939  -.365   4       1989  -.253  16

  1940   .263   5       1990  -.606  16
  1941   .427   5       1991  -.443  16
  1942  -.106   5       1992  -.238  16
  1943  1.830   5       1993   .993  16
  1944   .256   6       1994  -.138  16
  1945   .479   7       1995  -.662  16
  1946   .756   7       1996  -.250  16
  1947   .303   7       1997  -.600  16
  1948   .734   7       1998   .249  16
  1949  -.912   7       1999   .578  16
------------------------------------------------------------------------------------------------------------------------------------
PART 4:  Master Bar Plot: tilia1                                                                   20:56  Mon 31 Jul 2017  Page   4
------------------------------------------------------------------------------------------------------------------------------------
   Year Rel value  Year Rel value  Year Rel value  Year Rel value  Year Rel value  Year Rel value  Year Rel value  Year Rel value
                   1950---a        2000----------D
                   1951-d          2001---------C
                   1952---------D  2002------B
                   1953-----A      2003-------B
                   1954g           2004----------E
                   1955--------C   2005--b
                   1956---------D  2006---a
                   1957----@       2007f
                   1958-e          2008----a
                   1959-d          2009------A
                   1960--b         2010---a
                   1961--b         2011---------C
                   1962--c         2012----@
                   1963----@       2013---b
                   1964-------B    2014-----A
                   1965--------C   2015----------D
                   1966---------C  2016---------C
                   1967-------B    2017-e
                   1968--------C
                   1969------B
                   1970--------C
                   1971------B
                   1972---------C
                   1973------B
                   1974--c
                   1975h
                   1976h
                   1977-e
                   1978-d
                   1979----@
   1930r           1980-----A
   1931-d          1981-----A
   1932-------B    1982-----A
   1933--------C   1983-----@
   1934----------F 1984------A
   1935---------C  1985---------D
   1936l           1986----------E
   1937----------K 1987-------B
   1938-d          1988---a
   1939---a        1989---a
   1940-----A      1990--b
   1941------B     1991---b
   1942----@       1992---a
   1943----------G 1993----------D
   1944-----A      1994----a
   1945-------B    1995--c
   1946--------C   1996---a
   1947------A     1997--b
   1948--------C   1998-----A
   1949-d          1999-------B
PART 5:  CORRELATION OF SERIES BY SEGMENTS: tilia1                                                 20:56  Mon 31 Jul 2017  Page   5
------------------------------------------------------------------------------------------------------------------------------------
 Correlations of  30-year dated segments, lagged  15 years
 Flags:  A = correlation under   .4226 but highest as dated;  B = correlation higher at other than dated position

 Seq Series  Time_span   1935 1950 1965 1980 1995
                         1964 1979 1994 2009 2024
 --- -------- ---------  ---- ---- ---- ---- ---- ---- ---- ---- ---- ---- ---- ---- ---- ---- ---- ---- ---- ---- ---- ----
   1 TI1478E1 1964 2017        .23B .25B .65  .68
   2 TI1478N1 1961 2016        .18B .27B .65  .69
   3 TI054A1  1959 2017        .42B .54  .56  .64
   4 TI054B1  1959 2017        .34B .47  .46  .54
   5 TI1452E1 1938 2017   .31B .46  .71  .46  .56
   6 TI1452N1 1940 2017   .17B .04B .01B-.13B-.16B
   7 TI1456E1 1945 2017  -.06B-.04B-.06B-.19B .00B
   8 TI1456N1 1951 2017        .25A .09B .13B-.17B
   9 TI1461E1 1938 2017   .00B .06B-.27B .05B .25B
  10 TI1461N1 1930 2017   .42A .58  .64  .57  .64
  11 TI1476E1 1938 2017   .38B .58  .68  .61  .65
  12 TI1476N1 1944 2017   .01B-.06B-.06B .41A .55
  13 TI023A1  1957 2017        .23B .21B .03B-.02B
  14 TI023B1  1966 2017             .05B-.32B-.02B
  15 TI1604E1 1967 2017             .32B-.14B-.07B
  16 TI1604N1 1956 2017        .17B .47B .29A .26B
 Av segment correlation   .18  .24  .27  .26  .31
PART 6:  POTENTIAL PROBLEMS: tilia1                                                                20:56  Mon 31 Jul 2017  Page   5
------------------------------------------------------------------------------------------------------------------------------------

 For each series with potential problems the following diagnostics may appear:

 [A] Correlations with master dating series of flagged  30-year segments of series filtered with  32-year spline,
     at every point from ten years earlier (-10) to ten years later (+10) than dated

 [B] Effect of those data values which most lower or raise correlation with master series
     Symbol following year indicates value in series is greater (>) or lesser (<) than master series value

 [C] Year-to-year changes very different from the mean change in other series

 [D] Absent rings (zero values)

 [E] Values which are statistical outliers from mean for the year
====================================================================================================================================

 TI1478E1  1964 to  2017      54 years                                                                                    Series   1

 [A] Segment   High   -10   -9   -8   -7   -6   -5   -4   -3   -2   -1   +0   +1   +2   +3   +4   +5   +6   +7   +8   +9  +10
    ---------  ----   ---  ---  ---  ---  ---  ---  ---  ---  ---  ---  ---  ---  ---  ---  ---  ---  ---  ---  ---  ---  ---
    1964 1993    2    .09  .13 -.08 -.16 -.13 -.16 -.35 -.56 -.47 -.21  .23| .24  .43* .30  .11 -.18  .09  .33  .23  .20 -.20
    1965 1994    2    .13 -.02 -.21 -.20 -.04 -.10 -.23 -.48 -.40 -.28  .25| .26  .36* .30  .02 -.25 -.05  .24  .14  .13 -.25

 [B] Entire series, effect on correlation (  .457) is:
       Lower   1967< -.072   1978> -.032   1972< -.029   1976> -.028   2013> -.021   1977> -.017  Higher   2007  .051   2017  .049
     1964 to 1993 segment:
       Lower   1967< -.114   1978> -.052   1972< -.049   1976> -.027   1977> -.027   1982> -.016  Higher   1975  .094   1993  .054
     1965 to 1994 segment:
       Lower   1967< -.100   1978> -.053   1972< -.042   1976> -.037   1977> -.029   1982> -.016  Higher   1975  .071   1993  .055

====================================================================================================================================

 TI1478N1  1961 to  2016      56 years                                                                                    Series   2

 [A] Segment   High   -10   -9   -8   -7   -6   -5   -4   -3   -2   -1   +0   +1   +2   +3   +4   +5   +6   +7   +8   +9  +10
    ---------  ----   ---  ---  ---  ---  ---  ---  ---  ---  ---  ---  ---  ---  ---  ---  ---  ---  ---  ---  ---  ---  ---
    1961 1990    2    .07 -.12 -.03 -.10 -.11 -.24 -.25 -.43 -.44 -.22  .18| .35  .40* .20  .10 -.18  .03  .24  .16  .30 -.20
    1965 1994    1    .07  .01 -.11 -.11 -.04 -.14 -.23 -.49 -.44 -.20  .27| .33* .32  .16  .04 -.24  .02  .25  .18  .25 -.22

 [B] Entire series, effect on correlation (  .418) is:
       Lower   1967< -.070   1976> -.041   1963> -.035   1978> -.025   2013> -.020   1977> -.018  Higher   1975  .067   2005  .052
     1961 to 1990 segment:
       Lower   1967< -.109   1976> -.054   1963> -.050   1978> -.037   1977> -.028   1969< -.026  Higher   1975  .179   1974  .046
     1965 to 1994 segment:
       Lower   1967< -.118   1976> -.072   1978> -.047   1977> -.035   1969< -.025   1972< -.023  Higher   1975  .174   1974  .046

====================================================================================================================================

 TI054A1   1959 to  2017      59 years                                                                                    Series   3

 [A] Segment   High   -10   -9   -8   -7   -6   -5   -4   -3   -2   -1   +0   +1   +2   +3   +4   +5   +6   +7   +8   +9  +10
    ---------  ----   ---  ---  ---  ---  ---  ---  ---  ---  ---  ---  ---  ---  ---  ---  ---  ---  ---  ---  ---  ---  ---
    1959 1988    1   -.04 -.18 -.28 -.37 -.30  .01 -.21 -.24 -.18  .26  .42| .56* .42  .33  .07 -.22 -.11 -.11 -.15 -.15 -.27

 [B] Entire series, effect on correlation (  .528) is:
       Lower   1962> -.041   2007> -.031   1960> -.023   1976> -.016   1978> -.014   1979< -.013  Higher   1975  .054   2005  .027
     1959 to 1988 segment:
       Lower   1962> -.075   1960> -.041   1979< -.029   1966< -.027   1978> -.024   1982> -.019  Higher   1975  .161   1974  .037

====================================================================================================================================

 TI054B1   1959 to  2017      59 years                                                                                    Series   4

 [A] Segment   High   -10   -9   -8   -7   -6   -5   -4   -3   -2   -1   +0   +1   +2   +3   +4   +5   +6   +7   +8   +9  +10
    ---------  ----   ---  ---  ---  ---  ---  ---  ---  ---  ---  ---  ---  ---  ---  ---  ---  ---  ---  ---  ---  ---  ---
    1959 1988   -1   -.19 -.11 -.16 -.26 -.24  .08 -.02 -.07 -.07  .37* .34| .36  .10  .09 -.09 -.26 -.09 -.16 -.15 -.17 -.15

 [B] Entire series, effect on correlation (  .422) is:
       Lower   1963< -.050   1966< -.041   1960> -.031   2007> -.023   1990> -.015   1962> -.015  Higher   1975  .082   2005  .021
     1959 to 1988 segment:
       Lower   1963< -.079   1966< -.073   1960> -.051   1962> -.026   1977> -.022   1982> -.015  Higher   1975  .210   1986  .040

====================================================================================================================================

 TI1452E1  1938 to  2017      80 years                                                                                    Series   5

 [A] Segment   High   -10   -9   -8   -7   -6   -5   -4   -3   -2   -1   +0   +1   +2   +3   +4   +5   +6   +7   +8   +9  +10
    ---------  ----   ---  ---  ---  ---  ---  ---  ---  ---  ---  ---  ---  ---  ---  ---  ---  ---  ---  ---  ---  ---  ---
    1938 1967    3      -    -  .33 -.06 -.07 -.06  .08 -.29  .13 -.21  .31| .13  .25  .38* .14  .03 -.11  .12 -.39 -.29 -.10

 [B] Entire series, effect on correlation (  .480) is:
       Lower   1954> -.077   2002< -.031   1947< -.024   1942> -.013   1992> -.009   1978> -.009  Higher   1975  .034   2017  .024
     1938 to 1967 segment:
       Lower   1954> -.144   1947< -.051   1942> -.023   1944< -.016   1950> -.013   1940< -.012  Higher   1943  .062   1958  .040

====================================================================================================================================

 TI1452N1  1940 to  2017      78 years                                                                                    Series   6

 [A] Segment   High   -10   -9   -8   -7   -6   -5   -4   -3   -2   -1   +0   +1   +2   +3   +4   +5   +6   +7   +8   +9  +10
    ---------  ----   ---  ---  ---  ---  ---  ---  ---  ---  ---  ---  ---  ---  ---  ---  ---  ---  ---  ---  ---  ---  ---
    1940 1969   -2    .11 -.07  .00 -.26  .16 -.21  .09 -.05  .54* .06  .17| .29  .03  .06 -.05  .21 -.35 -.12 -.05 -.19 -.31
    1950 1979   -2   -.07  .05 -.26 -.25  .15 -.31  .08  .22  .52* .15  .04| .25  .01  .08 -.09  .01 -.21 -.25 -.33 -.27 -.33
    1965 1994   -2   -.13  .00 -.03 -.30 -.39 -.25  .07  .35  .59* .45  .01|-.10 -.04  .11  .07  .26 -.06 -.25 -.46 -.47 -.21
    1980 2009   -2    .00  .11  .16  .06 -.33 -.31 -.15  .20  .56* .28 -.13|-.08 -.20  .09 -.10  .28 -.03 -.33  .01    -    -
    1988 2017   -1   -.04 -.05  .16 -.03 -.03 -.39  .04  .08  .35  .38*-.16|   -    -    -    -    -    -    -    -    -    -

 [B] Entire series, effect on correlation (  .045) is:
       Lower   1960< -.026   1974> -.026   2004< -.022   1953< -.020   1946< -.020   1976> -.018  Higher   1943  .040   2015  .018
     1940 to 1969 segment:
       Lower   1960< -.097   1953< -.047   1946< -.046   1954> -.037   1958> -.032   1940< -.013  Higher   1943  .074   1961  .028
     1950 to 1979 segment:
       Lower   1960< -.087   1974> -.053   1953< -.051   1976> -.042   1958> -.025   1954> -.024  Higher   1968  .045   1966  .034
     1965 to 1994 segment:
       Lower   1974> -.081   1988> -.052   1976> -.049   1994> -.045   1993< -.040   1984< -.017  Higher   1975  .072   1986  .050
     1980 to 2009 segment:
       Lower   2004< -.081   1988> -.062   1994> -.054   1995> -.046   1993< -.036   1998< -.020  Higher   2007  .096   2000  .069
     1988 to 2017 segment:
       Lower   2004< -.062   1988> -.040   2012> -.037   1994> -.035   1995> -.029   2010> -.027  Higher   2015  .073   2007  .064

 [C] Year-to-year changes diverging by over 4.0 std deviations:
       1953 1954   4.4 SD    1959 1960  -4.4 SD

 [E] Outliers     1   3.0 SD above or -4.5 SD below mean for year
       1960 -5.6 SD
====================================================================================================================================

 TI1456E1  1945 to  2017      73 years                                                                                    Series   7

 [A] Segment   High   -10   -9   -8   -7   -6   -5   -4   -3   -2   -1   +0   +1   +2   +3   +4   +5   +6   +7   +8   +9  +10
    ---------  ----   ---  ---  ---  ---  ---  ---  ---  ---  ---  ---  ---  ---  ---  ---  ---  ---  ---  ---  ---  ---  ---
    1945 1974    5    .25 -.15 -.04 -.11 -.41 -.02  .03 -.22 -.05 -.18 -.06|-.09  .02  .02  .16  .32*-.23 -.08  .01  .19  .19
    1950 1979  -10    .37* .00 -.12 -.08 -.11 -.11 -.02 -.17 -.30 -.09 -.04|-.26 -.08  .27  .26  .08  .02  .07 -.01  .07  .10
    1965 1994    4   -.02  .03 -.14 -.23 -.26 -.17 -.29 -.33 -.23 -.07 -.06| .04  .33  .28  .44* .16  .20 -.01 -.04 -.21 -.27
    1980 2009    7   -.02  .10  .07 -.15 -.09 -.12 -.06  .05 -.04  .07 -.19|-.19  .21 -.16  .13 -.02  .20  .22* .00    -    -
    1988 2017   -5    .05  .09 -.01 -.04 -.33  .17*-.04  .13 -.09  .09  .00|   -    -    -    -    -    -    -    -    -    -

 [B] Entire series, effect on correlation ( -.017) is:
       Lower   1972< -.042   1964< -.028   1971< -.027   1949< -.021   1993< -.019   1977> -.017  Higher   1954  .033   2017  .024
     1945 to 1974 segment:
       Lower   1972< -.071   1964< -.046   1971< -.043   1958> -.029   1949< -.016   1961> -.014  Higher   1954  .069   1956  .031
     1950 to 1979 segment:
       Lower   1972< -.134   1964< -.094   1971< -.089   1977> -.028   1958> -.023   1961> -.009  Higher   1954  .085   1956  .054
     1965 to 1994 segment:
       Lower   1972< -.132   1971< -.078   1977> -.061   1993< -.055   1994> -.034   1984< -.001  Higher   1985  .077   1975  .040
     1980 to 2009 segment:
       Lower   1993< -.071   1998< -.055   2005> -.041   1995> -.041   1994> -.035   1999< -.028  Higher   1985  .107   1988  .055
     1988 to 2017 segment:
       Lower   1993< -.067   1998< -.058   2005> -.054   1995> -.037   1994> -.033   1999< -.027  Higher   2017  .082   2015  .056

 [C] Year-to-year changes diverging by over 4.0 std deviations:
       1949 1950   4.3 SD

 [E] Outliers     1   3.0 SD above or -4.5 SD below mean for year
       1949 -6.5 SD
====================================================================================================================================

 TI1456N1  1951 to  2017      67 years                                                                                    Series   8

 [A] Segment   High   -10   -9   -8   -7   -6   -5   -4   -3   -2   -1   +0   +1   +2   +3   +4   +5   +6   +7   +8   +9  +10
    ---------  ----   ---  ---  ---  ---  ---  ---  ---  ---  ---  ---  ---  ---  ---  ---  ---  ---  ---  ---  ---  ---  ---
    1951 1980    0   -.09  .02 -.14 -.05 -.17  .09 -.07  .10  .07  .11  .25*-.05 -.22 -.19  .18  .18  .14  .17  .13 -.08 -.34
    1965 1994   -2   -.09 -.19 -.29 -.21 -.16 -.02  .02  .18  .40* .35  .09| .08 -.11 -.04 -.20  .04 -.05 -.02 -.20 -.24 -.38
    1980 2009    3   -.22 -.22 -.22 -.16 -.10  .01  .02  .06  .00  .03  .13| .12  .08  .19* .04  .03 -.35 -.16 -.31    -    -
    1988 2017   -6   -.13 -.17 -.09 -.16  .21*-.05  .04  .00  .19 -.02 -.17|   -    -    -    -    -    -    -    -    -    -

 [B] Entire series, effect on correlation (  .079) is:
       Lower   2015< -.045   2017> -.042   1961> -.027   1990> -.025   1969< -.024   1975> -.021  Higher   1954  .095   1976  .064
     1951 to 1980 segment:
       Lower   1975> -.066   1969< -.059   1961> -.057   1951> -.030   1962> -.025   1974> -.017  Higher   1954  .123   1976  .084
     1965 to 1994 segment:
       Lower   1990> -.075   1975> -.075   1969< -.049   1988> -.030   1974> -.023   1985< -.022  Higher   1976  .177   1994  .036
     1980 to 2009 segment:
       Lower   1990> -.107   1985< -.044   1988> -.038   1982> -.024   1993< -.022   2003< -.021  Higher   1994  .057   2000  .050
     1988 to 2017 segment:
       Lower   2015< -.107   2017> -.087   1990> -.055   2010> -.041   2011< -.024   2013> -.023  Higher   1994  .078   2000  .060

====================================================================================================================================

 TI1461E1  1938 to  2017      80 years                                                                                    Series   9

 [A] Segment   High   -10   -9   -8   -7   -6   -5   -4   -3   -2   -1   +0   +1   +2   +3   +4   +5   +6   +7   +8   +9  +10
    ---------  ----   ---  ---  ---  ---  ---  ---  ---  ---  ---  ---  ---  ---  ---  ---  ---  ---  ---  ---  ---  ---  ---
    1938 1967   -3      -    -  .00  .14 -.12  .16 -.18  .69*-.35  .41  .00| .03 -.38  .00 -.17 -.10 -.18 -.38  .03 -.17  .05
    1950 1979   -3    .14 -.26 -.02  .11 -.06  .13  .31  .55* .06  .15  .06|-.16 -.23 -.21 -.07 -.27 -.34 -.27 -.12 -.05  .23
    1965 1994   -4   -.13 -.12 -.22  .01  .13  .38  .58* .54  .39 -.02 -.27|-.20 -.13 -.03 -.07 -.28 -.38 -.33 -.13  .01  .51
    1980 2009   -2    .07 -.01 -.15 -.23 -.11  .24  .43  .38  .45*-.12  .05|-.25 -.02  .22 -.05 -.08 -.26 -.23  .12    -    -
    1988 2017   -2   -.04 -.05 -.08 -.24 -.37 -.04  .24  .26  .38* .05  .25|   -    -    -    -    -    -    -    -    -    -

 [B] Entire series, effect on correlation ( -.002) is:
       Lower   1975> -.043   1939< -.041   1980< -.037   1958> -.026   1941< -.021   1965< -.021  Higher   1954  .056   2007  .037
     1938 to 1967 segment:
       Lower   1939< -.104   1958> -.063   1965< -.053   1941< -.052   1944> -.021   1949> -.013  Higher   1954  .136   1961  .034
     1950 to 1979 segment:
       Lower   1975> -.133   1965< -.080   1958> -.078   1968< -.047   1976> -.032   1951> -.016  Higher   1954  .146   1956  .043
     1965 to 1994 segment:
       Lower   1975> -.093   1965< -.039   1988> -.026   1968< -.024   1990> -.014   1989> -.013  Higher   1978  .049   1972  .033
     1980 to 2009 segment:
       Lower   1980< -.146   1988> -.048   1990> -.030   1989> -.030   1985< -.027   1999< -.022  Higher   2007  .143   2005  .066
     1988 to 2017 segment:
       Lower   2014< -.054   1988> -.050   1999< -.042   2012> -.033   1989> -.030   1990> -.029  Higher   2007  .123   2005  .059

 [E] Outliers     1   3.0 SD above or -4.5 SD below mean for year
       1975 +3.7 SD
====================================================================================================================================

 TI1461N1  1930 to  2017      88 years                                                                                    Series  10

 [*] Early part of series cannot be checked from 1930 to 1937 -- not matched by another series

 [A] Segment   High   -10   -9   -8   -7   -6   -5   -4   -3   -2   -1   +0   +1   +2   +3   +4   +5   +6   +7   +8   +9  +10
    ---------  ----   ---  ---  ---  ---  ---  ---  ---  ---  ---  ---  ---  ---  ---  ---  ---  ---  ---  ---  ---  ---  ---
    1938 1967    0      -    -  .04  .11  .11 -.29  .11 -.15  .17  .09  .42*-.05  .30  .28  .24 -.32 -.18  .07 -.23 -.12 -.50

 [B] Entire series, effect on correlation (  .543) is:
       Lower   1944> -.031   1949> -.026   1942< -.015   1939> -.014   1996< -.014   1953> -.012  Higher   1975  .021   2005  .019
     1938 to 1967 segment:
       Lower   1944> -.060   1949> -.050   1942< -.030   1939> -.027   1953> -.022   1941> -.015  Higher   1958  .052   1938  .050

====================================================================================================================================

 TI1476E1  1938 to  2017      80 years                                                                                    Series  11

 [A] Segment   High   -10   -9   -8   -7   -6   -5   -4   -3   -2   -1   +0   +1   +2   +3   +4   +5   +6   +7   +8   +9  +10
    ---------  ----   ---  ---  ---  ---  ---  ---  ---  ---  ---  ---  ---  ---  ---  ---  ---  ---  ---  ---  ---  ---  ---
    1938 1967    4      -    - -.07  .03  .00 -.12  .06  .02 -.07 -.07  .38| .10  .21  .03  .40* .08  .09 -.15 -.23  .16 -.36

 [B] Entire series, effect on correlation (  .528) is:
       Lower   1945< -.057   1952< -.021   1939> -.020   1974> -.020   1949> -.019   1958< -.016  Higher   1975  .036   1954  .033
     1938 to 1967 segment:
       Lower   1945< -.107   1939> -.040   1949> -.039   1952< -.035   1962> -.020   1959> -.013  Higher   1954  .092   1943  .084

====================================================================================================================================

 TI1476N1  1944 to  2017      74 years                                                                                    Series  12

 [A] Segment   High   -10   -9   -8   -7   -6   -5   -4   -3   -2   -1   +0   +1   +2   +3   +4   +5   +6   +7   +8   +9  +10
    ---------  ----   ---  ---  ---  ---  ---  ---  ---  ---  ---  ---  ---  ---  ---  ---  ---  ---  ---  ---  ---  ---  ---
    1944 1973   -3    .04  .06  .25 -.10  .08 -.03  .08  .31* .08  .00  .01| .10 -.22 -.22 -.16 -.25 -.22 -.09 -.26 -.23  .12
    1950 1979  -10    .27* .17  .13  .18 -.03 -.04  .09  .25  .01  .08 -.06| .00 -.26 -.26 -.05 -.28 -.24 -.18 -.08 -.20 -.02
    1965 1994    7   -.12  .02  .09  .35  .29 -.11 -.05 -.13  .04  .13 -.06| .01 -.15 -.27 -.12  .04  .07  .35* .07 -.09 -.02
    1980 2009    0   -.23 -.21  .06  .31  .09 -.03  .11 -.25  .35 -.01  .41* .03 -.23 -.35 -.26  .03  .22  .19  .10    -    -

 [B] Entire series, effect on correlation (  .142) is:
       Lower   1975> -.066   1968< -.041   1958> -.028   1944< -.018   1974> -.018   1999< -.015  Higher   2007  .037   1976  .025
     1944 to 1973 segment:
       Lower   1968< -.068   1958> -.060   1949> -.033   1951> -.024   1944< -.023   1971< -.022  Higher   1961  .047   1962  .042
     1950 to 1979 segment:
       Lower   1975> -.100   1968< -.077   1958> -.038   1971< -.029   1974> -.024   1963< -.015  Higher   1976  .054   1952  .046
     1965 to 1994 segment:
       Lower   1975> -.158   1968< -.099   1974> -.037   1971< -.035   1977> -.023   1982< -.018  Higher   1976  .108   1990  .062
     1980 to 2009 segment:
       Lower   1982< -.068   1999< -.059   1988> -.041   2001< -.038   1994> -.027   1992> -.026  Higher   2007  .110   1990  .042

 [E] Outliers     1   3.0 SD above or -4.5 SD below mean for year
       1975 +3.9 SD
====================================================================================================================================

 TI023A1   1957 to  2017      61 years                                                                                    Series  13

 [A] Segment   High   -10   -9   -8   -7   -6   -5   -4   -3   -2   -1   +0   +1   +2   +3   +4   +5   +6   +7   +8   +9  +10
    ---------  ----   ---  ---  ---  ---  ---  ---  ---  ---  ---  ---  ---  ---  ---  ---  ---  ---  ---  ---  ---  ---  ---
    1957 1986    1   -.14 -.02 -.15 -.23 -.04 -.05 -.19 -.16  .07  .28  .23| .32* .15  .10  .11  .07  .04  .12 -.01 -.37 -.30
    1965 1994   -2   -.17 -.18 -.10 -.19 -.09 -.24 -.23  .08  .45* .23  .21| .30  .02 -.27  .00  .16 -.16  .07 -.18 -.41 -.34
    1980 2009   -2   -.11 -.03  .02 -.08 -.05 -.22  .16  .13  .59* .03  .03| .13 -.22 -.21  .03 -.06 -.36  .07  .13    -    -
    1988 2017   -2    .01 -.01  .15  .10 -.02 -.28  .17  .00  .48* .11 -.02|   -    -    -    -    -    -    -    -    -    -

 [B] Entire series, effect on correlation (  .066) is:
       Lower   1988> -.045   1962> -.038   2009< -.037   2014< -.033   1961> -.028   2015< -.019  Higher   1958  .029   2017  .029
     1957 to 1986 segment:
       Lower   1962> -.122   1961> -.088   1984< -.043   1968< -.029   1969< -.015   1970< -.014  Higher   1958  .075   1975  .056
     1965 to 1994 segment:
       Lower   1988> -.131   1976> -.023   1984< -.020   1989> -.016   1968< -.015   1982> -.012  Higher   1985  .033   1974  .026
     1980 to 2009 segment:
       Lower   1988> -.108   2009< -.056   1998< -.034   1984< -.016   2005> -.014   1989> -.013  Higher   1990  .095   1985  .035
     1988 to 2017 segment:
       Lower   1988> -.075   2009< -.049   2014< -.047   2010> -.031   1998< -.027   2015< -.025  Higher   1990  .064   2017  .054

====================================================================================================================================

 TI023B1   1966 to  2017      52 years                                                                                    Series  14

 [A] Segment   High   -10   -9   -8   -7   -6   -5   -4   -3   -2   -1   +0   +1   +2   +3   +4   +5   +6   +7   +8   +9  +10
    ---------  ----   ---  ---  ---  ---  ---  ---  ---  ---  ---  ---  ---  ---  ---  ---  ---  ---  ---  ---  ---  ---  ---
    1966 1995   -2   -.32 -.31 -.16 -.27 -.34 -.05  .35  .56  .59* .48  .05| .00 -.08 -.04 -.10 -.01 -.16 -.57 -.39 -.23  .23
    1980 2009   -1   -.17  .01  .02 -.01 -.09  .05 -.12  .17 -.19  .60*-.32| .09  .07  .04  .05  .00 -.06 -.29 -.27    -    -
    1988 2017   -1    .02 -.22  .12 -.11 -.01  .07 -.02  .15 -.44  .48*-.02|   -    -    -    -    -    -    -    -    -    -

 [B] Entire series, effect on correlation (  .050) is:
       Lower   2007> -.056   2005> -.055   2011< -.034   1994> -.024   1976> -.020   1974> -.019  Higher   2017  .089   1975  .066
     1966 to 1995 segment:
       Lower   1976> -.051   1994> -.051   1974> -.044   1988> -.033   1966< -.030   1990> -.017  Higher   1975  .118   1968  .033
     1980 to 2009 segment:
       Lower   2005> -.073   2007> -.072   1994> -.035   1986< -.023   1997> -.021   1993< -.021  Higher   2000  .072   1999  .048
     1988 to 2017 segment:
       Lower   2007> -.089   2005> -.087   2011< -.068   1994> -.036   1993< -.023   1988> -.022  Higher   2017  .196   2000  .050

 [E] Outliers     1   3.0 SD above or -4.5 SD below mean for year
       1978 -4.8 SD
====================================================================================================================================

 TI1604E1  1967 to  2017      51 years                                                                                    Series  15

 [A] Segment   High   -10   -9   -8   -7   -6   -5   -4   -3   -2   -1   +0   +1   +2   +3   +4   +5   +6   +7   +8   +9  +10
    ---------  ----   ---  ---  ---  ---  ---  ---  ---  ---  ---  ---  ---  ---  ---  ---  ---  ---  ---  ---  ---  ---  ---
    1967 1996   -7   -.46 -.18 -.01  .34* .14  .14 -.04  .09  .09  .31  .32| .26  .11 -.26 -.28 -.19  .02 -.07  .12 -.07 -.03
    1980 2009    8   -.19  .00 -.07  .36  .30  .11  .01  .00  .12  .09 -.14| .12 -.13 -.24 -.21 -.17  .28 -.10  .38*   -    -
    1988 2017   -9    .05  .22*-.18  .11  .05 -.24 -.05 -.16 -.04  .08 -.07|   -    -    -    -    -    -    -    -    -    -

 [B] Entire series, effect on correlation (  .140) is:
       Lower   2004< -.069   2005> -.050   1982< -.034   2012> -.023   1990> -.021   2010> -.019  Higher   1976  .072   2007  .042
     1967 to 1996 segment:
       Lower   1982< -.103   1975> -.048   1970< -.040   1990> -.039   1986< -.035   1991> -.025  Higher   1976  .115   1974  .048
     1980 to 2009 segment:
       Lower   2004< -.094   2005> -.086   1990> -.040   1991> -.027   1994> -.022   2000< -.015  Higher   2007  .118   1993  .088
     1988 to 2017 segment:
       Lower   2004< -.122   2005> -.072   2012> -.033   1990> -.030   2000< -.028   2010> -.027  Higher   2007  .107   2015  .096

====================================================================================================================================

 TI1604N1  1956 to  2017      62 years                                                                                    Series  16

 [A] Segment   High   -10   -9   -8   -7   -6   -5   -4   -3   -2   -1   +0   +1   +2   +3   +4   +5   +6   +7   +8   +9  +10
    ---------  ----   ---  ---  ---  ---  ---  ---  ---  ---  ---  ---  ---  ---  ---  ---  ---  ---  ---  ---  ---  ---  ---
    1956 1985   -1   -.43 -.21  .25 -.26 -.35 -.05  .01  .10  .33  .47* .17| .23  .04 -.20 -.14  .05 -.08 -.10 -.21 -.29 -.33
    1965 1994   -1   -.36 -.33 -.10  .00 -.17 -.14 -.16  .17  .42  .51* .47| .31  .07 -.25 -.16 -.14  .05 -.12 -.22 -.22 -.34
    1980 2009    0   -.19 -.14  .16  .20  .22  .11 -.01 -.21 -.04  .09  .29* .10  .00 -.37 -.42 -.26  .08  .09 -.12    -    -
    1988 2017   -6   -.21 -.02  .14  .12  .34* .18  .16 -.07 -.24  .04  .26|   -    -    -    -    -    -    -    -    -    -

 [B] Entire series, effect on correlation (  .204) is:
       Lower   1958> -.063   1961> -.032   1956< -.030   2016< -.020   2005> -.016   2012> -.015  Higher   1976  .055   2007  .020
     1956 to 1985 segment:
       Lower   1958> -.121   1961> -.057   1956< -.053   1960> -.015   1966< -.015   1963> -.008  Higher   1976  .103   1985  .030
     1965 to 1994 segment:
       Lower   1991> -.043   1966< -.032   1986< -.019   1992> -.017   1967> -.017   1973> -.015  Higher   1976  .114   1974  .024
     1980 to 2009 segment:
       Lower   2005> -.045   1991> -.043   1998< -.035   1996< -.033   1986< -.022   1992> -.016  Higher   2007  .088   1994  .032
     1988 to 2017 segment:
       Lower   2016< -.058   2005> -.044   2012> -.043   1991> -.035   1996< -.026   2014< -.023  Higher   2007  .056   2015  .052

 [C] Year-to-year changes diverging by over 4.0 std deviations:
       1961 1962  -4.0 SD

====================================================================================================================================
PART 7:  DESCRIPTIVE STATISTICS: tilia1                                                            20:56  Mon 31 Jul 2017  Page   6
------------------------------------------------------------------------------------------------------------------------------------

                                                Corr   //-------- Unfiltered --------\\  //---- Filtered -----\\
                           No.    No.    No.    with   Mean   Max     Std   Auto   Mean   Max     Std   Auto  AR
 Seq Series   Interval   Years  Segmt  Flags   Master  msmt   msmt    dev   corr   sens  value    dev   corr  ()
 --- -------- ---------  -----  -----  -----   ------ -----  -----  -----  -----  -----  -----  -----  -----  --
   1 TI1478E1 1964 2017     54      4      2    .457   1.07   2.35   .571   .646   .418   2.70   .653  -.006   2
   2 TI1478N1 1961 2016     56      4      2    .418   1.81   3.42   .750   .657   .335   2.74   .573  -.064   1
   3 TI054A1  1959 2017     59      4      1    .528   3.30   8.80  1.712   .554   .379   2.49   .539   .052   1
   4 TI054B1  1959 2017     59      4      1    .422   3.39   6.35  1.255   .460   .329   2.54   .508   .068   1
   5 TI1452E1 1938 2017     80      5      1    .480   2.04   4.82  1.052   .631   .381   2.72   .504   .048   1
   6 TI1452N1 1940 2017     78      5      5    .045   1.57   3.97   .822   .457   .468   2.63   .434   .112   1
   7 TI1456E1 1945 2017     73      5      5   -.017   1.35   4.85  1.235   .794   .483   2.52   .380  -.005   1
   8 TI1456N1 1951 2017     67      4      4    .079   1.66   5.12  1.492   .834   .417   2.48   .474   .052   1
   9 TI1461E1 1938 2017     80      5      5   -.002   1.42   3.96   .864   .738   .392   2.70   .452  -.009   2
  10 TI1461N1 1930 2017     88      5      1    .543   1.59   4.44  1.009   .711   .419   2.80   .553   .057   2
  11 TI1476E1 1938 2017     80      5      1    .528   1.38   3.42   .610   .580   .335   2.68   .446   .048   4
  12 TI1476N1 1944 2017     74      5      4    .142   1.24   3.27   .479   .418   .321   2.57   .515   .019   2
  13 TI023A1  1957 2017     61      4      4    .066   2.58   8.32  1.782   .834   .345   2.87   .471   .007   1
  14 TI023B1  1966 2017     52      3      3    .050   1.93   6.79  1.474   .831   .318   2.54   .511   .047   1
  15 TI1604E1 1967 2017     51      3      3    .140   1.53   3.82   .841   .680   .411   2.74   .662   .066   4
  16 TI1604N1 1956 2017     62      4      4    .204   1.68   3.47   .851   .647   .396   2.46   .432   .029   1
 --- -------- ---------  -----  -----  -----   ------ -----  -----  -----  -----  -----  -----  -----  -----  --
 Total or mean:           1074     69     46    .256   1.81   8.80  1.033   .651   .387   2.87   .500   .034

                                              - = [  COFECHA TILIACOF  ] = -
